<html>
<head>
<title>TestNG:  Test Run</title>
<link href="../testng.css" rel="stylesheet" type="text/css" />
<link href="../my-testng.css" rel="stylesheet" type="text/css" />

<style type="text/css">
.log { display: none;} 
.stack-trace { display: none;} 
</style>
<script type="text/javascript">
<!--
function flip(e) {
  current = e.style.display;
  if (current == 'block') {
    e.style.display = 'none';
    return 0;
  }
  else {
    e.style.display = 'block';
    return 1;
  }
}

function toggleBox(szDivId, elem, msg1, msg2)
{
  var res = -1;  if (document.getElementById) {
    res = flip(document.getElementById(szDivId));
  }
  else if (document.all) {
    // this is the way old msie versions work
    res = flip(document.all[szDivId]);
  }
  if(elem) {
    if(res == 0) elem.innerHTML = msg1; else elem.innerHTML = msg2;
  }

}

function toggleAllBoxes() {
  if (document.getElementsByTagName) {
    d = document.getElementsByTagName('div');
    for (i = 0; i < d.length; i++) {
      if (d[i].className == 'log') {
        flip(d[i]);
      }
    }
  }
}

// -->
</script>

</head>
<body>
<h2 align='center'>Test Run</h2><table border='1' align="center">
<tr>
<td>Tests passed/Failed/Skipped:</td><td>0/111/0</td>
</tr><tr>
<td>Started on:</td><td>Fri Aug 25 11:34:15 EEST 2023</td>
</tr>
<tr><td>Total time:</td><td>27 seconds (27513 ms)</td>
</tr><tr>
<td>Included groups:</td><td></td>
</tr><tr>
<td>Excluded groups:</td><td></td>
</tr>
</table><p/>
<small><i>(Hover the method name to see the test class name)</i></small><p/>
<table width='100%' border='1' class='invocation-failed'>
<tr><td colspan='4' align='center'><b>FAILED TESTS</b></td></tr>
<tr><td><b>Test method</b></td>
<td width="30%"><b>Exception</b></td>
<td width="10%"><b>Time (seconds)</b></td>
<td><b>Instance</b></td>
</tr>
<tr>
<td title='tests.runners.RunTest.runScenario()'><b>runScenario</b><br>Test class: tests.runners.RunTest<br>Test method: Runs Cucumber Scenarios<br>Parameters: "Verfiy membership FAQa link", "Optional[Estore critical path]"</td>
<td><div><pre>java.lang.AssertionError: Environment Variable is NOT Set
	at tests.utility.Hooks.ConfigFileReader(Hooks.java:70)
	at tests.utility.Hooks.initWebDrivereStore(Hooks.java:150)
... Removed 1 stack frames</pre></div><a href='#' onClick='toggleBox("stack-trace423109432", this, "Click to show all stack frames", "Click to hide stack frames")'>Click to show all stack frames</a>
<div class='stack-trace' id='stack-trace423109432'><pre>java.lang.AssertionError: Environment Variable is NOT Set
	at org.testng.Assert.fail(Assert.java:110)
	at tests.utility.Hooks.ConfigFileReader(Hooks.java:70)
	at tests.utility.Hooks.initWebDrivereStore(Hooks.java:150)
</pre></div></td>
<td>0</td>
<td>tests.runners.RunTest@5906ebcb</td></tr>
<tr>
<td title='tests.runners.RunTest.runScenario()'><b>runScenario</b><br>Test class: tests.runners.RunTest<br>Test method: Runs Cucumber Scenarios<br>Parameters: "Edit Shipping", "Optional[Estore critical path]"</td>
<td><div><pre>java.lang.AssertionError: Environment Variable is NOT Set
	at tests.utility.Hooks.ConfigFileReader(Hooks.java:70)
	at tests.utility.Hooks.initWebDrivereStore(Hooks.java:150)
... Removed 1 stack frames</pre></div><a href='#' onClick='toggleBox("stack-trace429269396", this, "Click to show all stack frames", "Click to hide stack frames")'>Click to show all stack frames</a>
<div class='stack-trace' id='stack-trace429269396'><pre>java.lang.AssertionError: Environment Variable is NOT Set
	at org.testng.Assert.fail(Assert.java:110)
	at tests.utility.Hooks.ConfigFileReader(Hooks.java:70)
	at tests.utility.Hooks.initWebDrivereStore(Hooks.java:150)
</pre></div></td>
<td>0</td>
<td>tests.runners.RunTest@5906ebcb</td></tr>
<tr>
<td title='tests.runners.RunTest.runScenario()'><b>runScenario</b><br>Test class: tests.runners.RunTest<br>Test method: Runs Cucumber Scenarios<br>Parameters: "Verify Guest rooms Suites page", "Optional[Estore critical path]"</td>
<td><div><pre>java.lang.AssertionError: Environment Variable is NOT Set
	at tests.utility.Hooks.ConfigFileReader(Hooks.java:70)
	at tests.utility.Hooks.initWebDrivereStore(Hooks.java:150)
... Removed 1 stack frames</pre></div><a href='#' onClick='toggleBox("stack-trace941453849", this, "Click to show all stack frames", "Click to hide stack frames")'>Click to show all stack frames</a>
<div class='stack-trace' id='stack-trace941453849'><pre>java.lang.AssertionError: Environment Variable is NOT Set
	at org.testng.Assert.fail(Assert.java:110)
	at tests.utility.Hooks.ConfigFileReader(Hooks.java:70)
	at tests.utility.Hooks.initWebDrivereStore(Hooks.java:150)
</pre></div></td>
<td>0</td>
<td>tests.runners.RunTest@5906ebcb</td></tr>
<tr>
<td title='tests.runners.RunTest.runScenario()'><b>runScenario</b><br>Test class: tests.runners.RunTest<br>Test method: Runs Cucumber Scenarios<br>Parameters: "Verify My account dropdowm", "Optional[Estore critical path]"</td>
<td><div><pre>java.lang.AssertionError: Environment Variable is NOT Set
	at tests.utility.Hooks.ConfigFileReader(Hooks.java:70)
	at tests.utility.Hooks.initWebDrivereStore(Hooks.java:150)
... Removed 1 stack frames</pre></div><a href='#' onClick='toggleBox("stack-trace1408043496", this, "Click to show all stack frames", "Click to hide stack frames")'>Click to show all stack frames</a>
<div class='stack-trace' id='stack-trace1408043496'><pre>java.lang.AssertionError: Environment Variable is NOT Set
	at org.testng.Assert.fail(Assert.java:110)
	at tests.utility.Hooks.ConfigFileReader(Hooks.java:70)
	at tests.utility.Hooks.initWebDrivereStore(Hooks.java:150)
</pre></div></td>
<td>0</td>
<td>tests.runners.RunTest@5906ebcb</td></tr>
<tr>
<td title='tests.runners.RunTest.runScenario()'><b>runScenario</b><br>Test class: tests.runners.RunTest<br>Test method: Runs Cucumber Scenarios<br>Parameters: "Checkout in BC", "Optional[Estore critical path]"</td>
<td><div><pre>java.lang.AssertionError: Environment Variable is NOT Set
	at tests.utility.Hooks.ConfigFileReader(Hooks.java:70)
	at tests.utility.Hooks.initWebDrivereStore(Hooks.java:150)
... Removed 1 stack frames</pre></div><a href='#' onClick='toggleBox("stack-trace777113684", this, "Click to show all stack frames", "Click to hide stack frames")'>Click to show all stack frames</a>
<div class='stack-trace' id='stack-trace777113684'><pre>java.lang.AssertionError: Environment Variable is NOT Set
	at org.testng.Assert.fail(Assert.java:110)
	at tests.utility.Hooks.ConfigFileReader(Hooks.java:70)
	at tests.utility.Hooks.initWebDrivereStore(Hooks.java:150)
</pre></div></td>
<td>0</td>
<td>tests.runners.RunTest@5906ebcb</td></tr>
<tr>
<td title='tests.runners.RunTest.runScenario()'><b>runScenario</b><br>Test class: tests.runners.RunTest<br>Test method: Runs Cucumber Scenarios<br>Parameters: "Verify the Billing summary link for order - Order to be in shipped/delivered state", "Optional[Estore critical path]"</td>
<td><div><pre>java.lang.AssertionError: Environment Variable is NOT Set
	at tests.utility.Hooks.ConfigFileReader(Hooks.java:70)
	at tests.utility.Hooks.initWebDrivereStore(Hooks.java:150)
... Removed 1 stack frames</pre></div><a href='#' onClick='toggleBox("stack-trace1446511153", this, "Click to show all stack frames", "Click to hide stack frames")'>Click to show all stack frames</a>
<div class='stack-trace' id='stack-trace1446511153'><pre>java.lang.AssertionError: Environment Variable is NOT Set
	at org.testng.Assert.fail(Assert.java:110)
	at tests.utility.Hooks.ConfigFileReader(Hooks.java:70)
	at tests.utility.Hooks.initWebDrivereStore(Hooks.java:150)
</pre></div></td>
<td>0</td>
<td>tests.runners.RunTest@5906ebcb</td></tr>
<tr>
<td title='tests.runners.RunTest.runScenario()'><b>runScenario</b><br>Test class: tests.runners.RunTest<br>Test method: Runs Cucumber Scenarios<br>Parameters: "Browser back button from search to CG page", "Optional[Estore critical path]"</td>
<td><div><pre>java.lang.AssertionError: Environment Variable is NOT Set
	at tests.utility.Hooks.ConfigFileReader(Hooks.java:70)
	at tests.utility.Hooks.initWebDrivereStore(Hooks.java:150)
... Removed 1 stack frames</pre></div><a href='#' onClick='toggleBox("stack-trace988402146", this, "Click to show all stack frames", "Click to hide stack frames")'>Click to show all stack frames</a>
<div class='stack-trace' id='stack-trace988402146'><pre>java.lang.AssertionError: Environment Variable is NOT Set
	at org.testng.Assert.fail(Assert.java:110)
	at tests.utility.Hooks.ConfigFileReader(Hooks.java:70)
	at tests.utility.Hooks.initWebDrivereStore(Hooks.java:150)
</pre></div></td>
<td>0</td>
<td>tests.runners.RunTest@5906ebcb</td></tr>
<tr>
<td title='tests.runners.RunTest.runScenario()'><b>runScenario</b><br>Test class: tests.runners.RunTest<br>Test method: Runs Cucumber Scenarios<br>Parameters: "Verify count of search result and product", "Optional[Estore critical path]"</td>
<td><div><pre>java.lang.AssertionError: Environment Variable is NOT Set
	at tests.utility.Hooks.ConfigFileReader(Hooks.java:70)
	at tests.utility.Hooks.initWebDrivereStore(Hooks.java:150)
... Removed 1 stack frames</pre></div><a href='#' onClick='toggleBox("stack-trace730584984", this, "Click to show all stack frames", "Click to hide stack frames")'>Click to show all stack frames</a>
<div class='stack-trace' id='stack-trace730584984'><pre>java.lang.AssertionError: Environment Variable is NOT Set
	at org.testng.Assert.fail(Assert.java:110)
	at tests.utility.Hooks.ConfigFileReader(Hooks.java:70)
	at tests.utility.Hooks.initWebDrivereStore(Hooks.java:150)
</pre></div></td>
<td>0</td>
<td>tests.runners.RunTest@5906ebcb</td></tr>
<tr>
<td title='tests.runners.RunTest.runScenario()'><b>runScenario</b><br>Test class: tests.runners.RunTest<br>Test method: Runs Cucumber Scenarios<br>Parameters: "Verify top menu navigation", "Optional[Estore critical path]"</td>
<td><div><pre>java.lang.AssertionError: Environment Variable is NOT Set
	at tests.utility.Hooks.ConfigFileReader(Hooks.java:70)
	at tests.utility.Hooks.initWebDrivereStore(Hooks.java:150)
... Removed 1 stack frames</pre></div><a href='#' onClick='toggleBox("stack-trace666040998", this, "Click to show all stack frames", "Click to hide stack frames")'>Click to show all stack frames</a>
<div class='stack-trace' id='stack-trace666040998'><pre>java.lang.AssertionError: Environment Variable is NOT Set
	at org.testng.Assert.fail(Assert.java:110)
	at tests.utility.Hooks.ConfigFileReader(Hooks.java:70)
	at tests.utility.Hooks.initWebDrivereStore(Hooks.java:150)
</pre></div></td>
<td>0</td>
<td>tests.runners.RunTest@5906ebcb</td></tr>
<tr>
<td title='tests.runners.RunTest.runScenario()'><b>runScenario</b><br>Test class: tests.runners.RunTest<br>Test method: Runs Cucumber Scenarios<br>Parameters: "CG - Test CGS in all menu items (All brands)", "Optional[Estore critical path]"</td>
<td><div><pre>java.lang.AssertionError: Environment Variable is NOT Set
	at tests.utility.Hooks.ConfigFileReader(Hooks.java:70)
	at tests.utility.Hooks.initWebDrivereStore(Hooks.java:150)
... Removed 1 stack frames</pre></div><a href='#' onClick='toggleBox("stack-trace2034411604", this, "Click to show all stack frames", "Click to hide stack frames")'>Click to show all stack frames</a>
<div class='stack-trace' id='stack-trace2034411604'><pre>java.lang.AssertionError: Environment Variable is NOT Set
	at org.testng.Assert.fail(Assert.java:110)
	at tests.utility.Hooks.ConfigFileReader(Hooks.java:70)
	at tests.utility.Hooks.initWebDrivereStore(Hooks.java:150)
</pre></div></td>
<td>0</td>
<td>tests.runners.RunTest@5906ebcb</td></tr>
<tr>
<td title='tests.runners.RunTest.runScenario()'><b>runScenario</b><br>Test class: tests.runners.RunTest<br>Test method: Runs Cucumber Scenarios<br>Parameters: "Verify top menu navigation", "Optional[Estore critical path]"</td>
<td><div><pre>java.lang.AssertionError: Environment Variable is NOT Set
	at tests.utility.Hooks.ConfigFileReader(Hooks.java:70)
	at tests.utility.Hooks.initWebDrivereStore(Hooks.java:150)
... Removed 1 stack frames</pre></div><a href='#' onClick='toggleBox("stack-trace564944564", this, "Click to show all stack frames", "Click to hide stack frames")'>Click to show all stack frames</a>
<div class='stack-trace' id='stack-trace564944564'><pre>java.lang.AssertionError: Environment Variable is NOT Set
	at org.testng.Assert.fail(Assert.java:110)
	at tests.utility.Hooks.ConfigFileReader(Hooks.java:70)
	at tests.utility.Hooks.initWebDrivereStore(Hooks.java:150)
</pre></div></td>
<td>0</td>
<td>tests.runners.RunTest@5906ebcb</td></tr>
<tr>
<td title='tests.runners.RunTest.runScenario()'><b>runScenario</b><br>Test class: tests.runners.RunTest<br>Test method: Runs Cucumber Scenarios<br>Parameters: "PG - Back to Top button", "Optional[Estore critical path]"</td>
<td><div><pre>java.lang.AssertionError: Environment Variable is NOT Set
	at tests.utility.Hooks.ConfigFileReader(Hooks.java:70)
	at tests.utility.Hooks.initWebDrivereStore(Hooks.java:150)
... Removed 1 stack frames</pre></div><a href='#' onClick='toggleBox("stack-trace244229783", this, "Click to show all stack frames", "Click to hide stack frames")'>Click to show all stack frames</a>
<div class='stack-trace' id='stack-trace244229783'><pre>java.lang.AssertionError: Environment Variable is NOT Set
	at org.testng.Assert.fail(Assert.java:110)
	at tests.utility.Hooks.ConfigFileReader(Hooks.java:70)
	at tests.utility.Hooks.initWebDrivereStore(Hooks.java:150)
</pre></div></td>
<td>0</td>
<td>tests.runners.RunTest@5906ebcb</td></tr>
<tr>
<td title='tests.runners.RunTest.runScenario()'><b>runScenario</b><br>Test class: tests.runners.RunTest<br>Test method: Runs Cucumber Scenarios<br>Parameters: "Verify Line Items functionality:", "Optional[Estore critical path]"</td>
<td><div><pre>java.lang.AssertionError: Environment Variable is NOT Set
	at tests.utility.Hooks.ConfigFileReader(Hooks.java:70)
	at tests.utility.Hooks.initWebDrivereStore(Hooks.java:150)
... Removed 1 stack frames</pre></div><a href='#' onClick='toggleBox("stack-trace902654164", this, "Click to show all stack frames", "Click to hide stack frames")'>Click to show all stack frames</a>
<div class='stack-trace' id='stack-trace902654164'><pre>java.lang.AssertionError: Environment Variable is NOT Set
	at org.testng.Assert.fail(Assert.java:110)
	at tests.utility.Hooks.ConfigFileReader(Hooks.java:70)
	at tests.utility.Hooks.initWebDrivereStore(Hooks.java:150)
</pre></div></td>
<td>0</td>
<td>tests.runners.RunTest@5906ebcb</td></tr>
<tr>
<td title='tests.runners.RunTest.runScenario()'><b>runScenario</b><br>Test class: tests.runners.RunTest<br>Test method: Runs Cucumber Scenarios<br>Parameters: "Order replacement", "Optional[Estore critical path]"</td>
<td><div><pre>java.lang.AssertionError: Environment Variable is NOT Set
	at tests.utility.Hooks.ConfigFileReader(Hooks.java:70)
	at tests.utility.Hooks.initWebDrivereStore(Hooks.java:150)
... Removed 1 stack frames</pre></div><a href='#' onClick='toggleBox("stack-trace8268900", this, "Click to show all stack frames", "Click to hide stack frames")'>Click to show all stack frames</a>
<div class='stack-trace' id='stack-trace8268900'><pre>java.lang.AssertionError: Environment Variable is NOT Set
	at org.testng.Assert.fail(Assert.java:110)
	at tests.utility.Hooks.ConfigFileReader(Hooks.java:70)
	at tests.utility.Hooks.initWebDrivereStore(Hooks.java:150)
</pre></div></td>
<td>0</td>
<td>tests.runners.RunTest@5906ebcb</td></tr>
<tr>
<td title='tests.runners.RunTest.runScenario()'><b>runScenario</b><br>Test class: tests.runners.RunTest<br>Test method: Runs Cucumber Scenarios<br>Parameters: "Place order: search with any key term, select high to low. navigate to first product PDP", "Optional[Estore critical path]"</td>
<td><div><pre>java.lang.AssertionError: Environment Variable is NOT Set
	at tests.utility.Hooks.ConfigFileReader(Hooks.java:70)
	at tests.utility.Hooks.initWebDrivereStore(Hooks.java:150)
... Removed 1 stack frames</pre></div><a href='#' onClick='toggleBox("stack-trace204844842", this, "Click to show all stack frames", "Click to hide stack frames")'>Click to show all stack frames</a>
<div class='stack-trace' id='stack-trace204844842'><pre>java.lang.AssertionError: Environment Variable is NOT Set
	at org.testng.Assert.fail(Assert.java:110)
	at tests.utility.Hooks.ConfigFileReader(Hooks.java:70)
	at tests.utility.Hooks.initWebDrivereStore(Hooks.java:150)
</pre></div></td>
<td>0</td>
<td>tests.runners.RunTest@5906ebcb</td></tr>
<tr>
<td title='tests.runners.RunTest.runScenario()'><b>runScenario</b><br>Test class: tests.runners.RunTest<br>Test method: Runs Cucumber Scenarios<br>Parameters: "Verify the dropdown selection and add to cart case 1", "Optional[Estore critical path]"</td>
<td><div><pre>java.lang.AssertionError: Environment Variable is NOT Set
	at tests.utility.Hooks.ConfigFileReader(Hooks.java:70)
	at tests.utility.Hooks.initWebDrivereStore(Hooks.java:150)
... Removed 1 stack frames</pre></div><a href='#' onClick='toggleBox("stack-trace874111547", this, "Click to show all stack frames", "Click to hide stack frames")'>Click to show all stack frames</a>
<div class='stack-trace' id='stack-trace874111547'><pre>java.lang.AssertionError: Environment Variable is NOT Set
	at org.testng.Assert.fail(Assert.java:110)
	at tests.utility.Hooks.ConfigFileReader(Hooks.java:70)
	at tests.utility.Hooks.initWebDrivereStore(Hooks.java:150)
</pre></div></td>
<td>0</td>
<td>tests.runners.RunTest@5906ebcb</td></tr>
<tr>
<td title='tests.runners.RunTest.runScenario()'><b>runScenario</b><br>Test class: tests.runners.RunTest<br>Test method: Runs Cucumber Scenarios<br>Parameters: "Verify Line Items functionality:", "Optional[Estore critical path]"</td>
<td><div><pre>java.lang.AssertionError: Environment Variable is NOT Set
	at tests.utility.Hooks.ConfigFileReader(Hooks.java:70)
	at tests.utility.Hooks.initWebDrivereStore(Hooks.java:150)
... Removed 1 stack frames</pre></div><a href='#' onClick='toggleBox("stack-trace1805845895", this, "Click to show all stack frames", "Click to hide stack frames")'>Click to show all stack frames</a>
<div class='stack-trace' id='stack-trace1805845895'><pre>java.lang.AssertionError: Environment Variable is NOT Set
	at org.testng.Assert.fail(Assert.java:110)
	at tests.utility.Hooks.ConfigFileReader(Hooks.java:70)
	at tests.utility.Hooks.initWebDrivereStore(Hooks.java:150)
</pre></div></td>
<td>0</td>
<td>tests.runners.RunTest@5906ebcb</td></tr>
<tr>
<td title='tests.runners.RunTest.runScenario()'><b>runScenario</b><br>Test class: tests.runners.RunTest<br>Test method: Runs Cucumber Scenarios<br>Parameters: "Verify combining different cards(MC+Visa) + split payment", "Optional[Estore critical path]"</td>
<td><div><pre>java.lang.AssertionError: Environment Variable is NOT Set
	at tests.utility.Hooks.ConfigFileReader(Hooks.java:70)
	at tests.utility.Hooks.initWebDrivereStore(Hooks.java:150)
... Removed 1 stack frames</pre></div><a href='#' onClick='toggleBox("stack-trace1760020675", this, "Click to show all stack frames", "Click to hide stack frames")'>Click to show all stack frames</a>
<div class='stack-trace' id='stack-trace1760020675'><pre>java.lang.AssertionError: Environment Variable is NOT Set
	at org.testng.Assert.fail(Assert.java:110)
	at tests.utility.Hooks.ConfigFileReader(Hooks.java:70)
	at tests.utility.Hooks.initWebDrivereStore(Hooks.java:150)
</pre></div></td>
<td>0</td>
<td>tests.runners.RunTest@5906ebcb</td></tr>
<tr>
<td title='tests.runners.RunTest.runScenario()'><b>runScenario</b><br>Test class: tests.runners.RunTest<br>Test method: Runs Cucumber Scenarios<br>Parameters: "Verify the Member Price Text On PG page after selecting the specifications", "Optional[Estore critical path]"</td>
<td><div><pre>java.lang.AssertionError: Environment Variable is NOT Set
	at tests.utility.Hooks.ConfigFileReader(Hooks.java:70)
	at tests.utility.Hooks.initWebDrivereStore(Hooks.java:150)
... Removed 1 stack frames</pre></div><a href='#' onClick='toggleBox("stack-trace345893819", this, "Click to show all stack frames", "Click to hide stack frames")'>Click to show all stack frames</a>
<div class='stack-trace' id='stack-trace345893819'><pre>java.lang.AssertionError: Environment Variable is NOT Set
	at org.testng.Assert.fail(Assert.java:110)
	at tests.utility.Hooks.ConfigFileReader(Hooks.java:70)
	at tests.utility.Hooks.initWebDrivereStore(Hooks.java:150)
</pre></div></td>
<td>0</td>
<td>tests.runners.RunTest@5906ebcb</td></tr>
<tr>
<td title='tests.runners.RunTest.runScenario()'><b>runScenario</b><br>Test class: tests.runners.RunTest<br>Test method: Runs Cucumber Scenarios<br>Parameters: "eStore - Major CC - US", "Optional[Estore critical path]"</td>
<td><div><pre>java.lang.AssertionError: Environment Variable is NOT Set
	at tests.utility.Hooks.ConfigFileReader(Hooks.java:70)
	at tests.utility.Hooks.initWebDrivereStore(Hooks.java:150)
... Removed 1 stack frames</pre></div><a href='#' onClick='toggleBox("stack-trace1907178890", this, "Click to show all stack frames", "Click to hide stack frames")'>Click to show all stack frames</a>
<div class='stack-trace' id='stack-trace1907178890'><pre>java.lang.AssertionError: Environment Variable is NOT Set
	at org.testng.Assert.fail(Assert.java:110)
	at tests.utility.Hooks.ConfigFileReader(Hooks.java:70)
	at tests.utility.Hooks.initWebDrivereStore(Hooks.java:150)
</pre></div></td>
<td>0</td>
<td>tests.runners.RunTest@5906ebcb</td></tr>
<tr>
<td title='tests.runners.RunTest.runScenario()'><b>runScenario</b><br>Test class: tests.runners.RunTest<br>Test method: Runs Cucumber Scenarios<br>Parameters: "Verify Champagne Caviar bar page", "Optional[Estore critical path]"</td>
<td><div><pre>java.lang.AssertionError: Environment Variable is NOT Set
	at tests.utility.Hooks.ConfigFileReader(Hooks.java:70)
	at tests.utility.Hooks.initWebDrivereStore(Hooks.java:150)
... Removed 1 stack frames</pre></div><a href='#' onClick='toggleBox("stack-trace1151772302", this, "Click to show all stack frames", "Click to hide stack frames")'>Click to show all stack frames</a>
<div class='stack-trace' id='stack-trace1151772302'><pre>java.lang.AssertionError: Environment Variable is NOT Set
	at org.testng.Assert.fail(Assert.java:110)
	at tests.utility.Hooks.ConfigFileReader(Hooks.java:70)
	at tests.utility.Hooks.initWebDrivereStore(Hooks.java:150)
</pre></div></td>
<td>0</td>
<td>tests.runners.RunTest@5906ebcb</td></tr>
<tr>
<td title='tests.runners.RunTest.runScenario()'><b>runScenario</b><br>Test class: tests.runners.RunTest<br>Test method: Runs Cucumber Scenarios<br>Parameters: "Verify top menu navigation", "Optional[Estore critical path]"</td>
<td><div><pre>java.lang.AssertionError: Environment Variable is NOT Set
	at tests.utility.Hooks.ConfigFileReader(Hooks.java:70)
	at tests.utility.Hooks.initWebDrivereStore(Hooks.java:150)
... Removed 1 stack frames</pre></div><a href='#' onClick='toggleBox("stack-trace2078517710", this, "Click to show all stack frames", "Click to hide stack frames")'>Click to show all stack frames</a>
<div class='stack-trace' id='stack-trace2078517710'><pre>java.lang.AssertionError: Environment Variable is NOT Set
	at org.testng.Assert.fail(Assert.java:110)
	at tests.utility.Hooks.ConfigFileReader(Hooks.java:70)
	at tests.utility.Hooks.initWebDrivereStore(Hooks.java:150)
</pre></div></td>
<td>0</td>
<td>tests.runners.RunTest@5906ebcb</td></tr>
<tr>
<td title='tests.runners.RunTest.runScenario()'><b>runScenario</b><br>Test class: tests.runners.RunTest<br>Test method: Runs Cucumber Scenarios<br>Parameters: "Verify the dropdown selection and add to cart case 2", "Optional[Estore critical path]"</td>
<td><div><pre>java.lang.AssertionError: Environment Variable is NOT Set
	at tests.utility.Hooks.ConfigFileReader(Hooks.java:70)
	at tests.utility.Hooks.initWebDrivereStore(Hooks.java:150)
... Removed 1 stack frames</pre></div><a href='#' onClick='toggleBox("stack-trace1338065644", this, "Click to show all stack frames", "Click to hide stack frames")'>Click to show all stack frames</a>
<div class='stack-trace' id='stack-trace1338065644'><pre>java.lang.AssertionError: Environment Variable is NOT Set
	at org.testng.Assert.fail(Assert.java:110)
	at tests.utility.Hooks.ConfigFileReader(Hooks.java:70)
	at tests.utility.Hooks.initWebDrivereStore(Hooks.java:150)
</pre></div></td>
<td>0</td>
<td>tests.runners.RunTest@5906ebcb</td></tr>
<tr>
<td title='tests.runners.RunTest.runScenario()'><b>runScenario</b><br>Test class: tests.runners.RunTest<br>Test method: Runs Cucumber Scenarios<br>Parameters: "Verify the personal Info displayed after Sign in - First, last name and email", "Optional[Estore critical path]"</td>
<td><div><pre>java.lang.AssertionError: Environment Variable is NOT Set
	at tests.utility.Hooks.ConfigFileReader(Hooks.java:70)
	at tests.utility.Hooks.initWebDrivereStore(Hooks.java:150)
... Removed 1 stack frames</pre></div><a href='#' onClick='toggleBox("stack-trace1037572328", this, "Click to show all stack frames", "Click to hide stack frames")'>Click to show all stack frames</a>
<div class='stack-trace' id='stack-trace1037572328'><pre>java.lang.AssertionError: Environment Variable is NOT Set
	at org.testng.Assert.fail(Assert.java:110)
	at tests.utility.Hooks.ConfigFileReader(Hooks.java:70)
	at tests.utility.Hooks.initWebDrivereStore(Hooks.java:150)
</pre></div></td>
<td>0</td>
<td>tests.runners.RunTest@5906ebcb</td></tr>
<tr>
<td title='tests.runners.RunTest.runScenario()'><b>runScenario</b><br>Test class: tests.runners.RunTest<br>Test method: Runs Cucumber Scenarios<br>Parameters: "CG - Test CGS in all menu items (All brands)", "Optional[Estore critical path]"</td>
<td><div><pre>java.lang.AssertionError: Environment Variable is NOT Set
	at tests.utility.Hooks.ConfigFileReader(Hooks.java:70)
	at tests.utility.Hooks.initWebDrivereStore(Hooks.java:150)
... Removed 1 stack frames</pre></div><a href='#' onClick='toggleBox("stack-trace1458905542", this, "Click to show all stack frames", "Click to hide stack frames")'>Click to show all stack frames</a>
<div class='stack-trace' id='stack-trace1458905542'><pre>java.lang.AssertionError: Environment Variable is NOT Set
	at org.testng.Assert.fail(Assert.java:110)
	at tests.utility.Hooks.ConfigFileReader(Hooks.java:70)
	at tests.utility.Hooks.initWebDrivereStore(Hooks.java:150)
</pre></div></td>
<td>0</td>
<td>tests.runners.RunTest@5906ebcb</td></tr>
<tr>
<td title='tests.runners.RunTest.runScenario()'><b>runScenario</b><br>Test class: tests.runners.RunTest<br>Test method: Runs Cucumber Scenarios<br>Parameters: "Verify top menu navigation", "Optional[Estore critical path]"</td>
<td><div><pre>java.lang.AssertionError: Environment Variable is NOT Set
	at tests.utility.Hooks.ConfigFileReader(Hooks.java:70)
	at tests.utility.Hooks.initWebDrivereStore(Hooks.java:150)
... Removed 1 stack frames</pre></div><a href='#' onClick='toggleBox("stack-trace1702178880", this, "Click to show all stack frames", "Click to hide stack frames")'>Click to show all stack frames</a>
<div class='stack-trace' id='stack-trace1702178880'><pre>java.lang.AssertionError: Environment Variable is NOT Set
	at org.testng.Assert.fail(Assert.java:110)
	at tests.utility.Hooks.ConfigFileReader(Hooks.java:70)
	at tests.utility.Hooks.initWebDrivereStore(Hooks.java:150)
</pre></div></td>
<td>0</td>
<td>tests.runners.RunTest@5906ebcb</td></tr>
<tr>
<td title='tests.runners.RunTest.runScenario()'><b>runScenario</b><br>Test class: tests.runners.RunTest<br>Test method: Runs Cucumber Scenarios<br>Parameters: "Verify Line Items functionality:", "Optional[Estore critical path]"</td>
<td><div><pre>java.lang.AssertionError: Environment Variable is NOT Set
	at tests.utility.Hooks.ConfigFileReader(Hooks.java:70)
	at tests.utility.Hooks.initWebDrivereStore(Hooks.java:150)
... Removed 1 stack frames</pre></div><a href='#' onClick='toggleBox("stack-trace1728924984", this, "Click to show all stack frames", "Click to hide stack frames")'>Click to show all stack frames</a>
<div class='stack-trace' id='stack-trace1728924984'><pre>java.lang.AssertionError: Environment Variable is NOT Set
	at org.testng.Assert.fail(Assert.java:110)
	at tests.utility.Hooks.ConfigFileReader(Hooks.java:70)
	at tests.utility.Hooks.initWebDrivereStore(Hooks.java:150)
</pre></div></td>
<td>0</td>
<td>tests.runners.RunTest@5906ebcb</td></tr>
<tr>
<td title='tests.runners.RunTest.runScenario()'><b>runScenario</b><br>Test class: tests.runners.RunTest<br>Test method: Runs Cucumber Scenarios<br>Parameters: "Verify the contract login and checkout", "Optional[Estore critical path]"</td>
<td><div><pre>java.lang.AssertionError: Environment Variable is NOT Set
	at tests.utility.Hooks.ConfigFileReader(Hooks.java:70)
	at tests.utility.Hooks.initWebDrivereStore(Hooks.java:150)
... Removed 1 stack frames</pre></div><a href='#' onClick='toggleBox("stack-trace1552836537", this, "Click to show all stack frames", "Click to hide stack frames")'>Click to show all stack frames</a>
<div class='stack-trace' id='stack-trace1552836537'><pre>java.lang.AssertionError: Environment Variable is NOT Set
	at org.testng.Assert.fail(Assert.java:110)
	at tests.utility.Hooks.ConfigFileReader(Hooks.java:70)
	at tests.utility.Hooks.initWebDrivereStore(Hooks.java:150)
</pre></div></td>
<td>0</td>
<td>tests.runners.RunTest@5906ebcb</td></tr>
<tr>
<td title='tests.runners.RunTest.runScenario()'><b>runScenario</b><br>Test class: tests.runners.RunTest<br>Test method: Runs Cucumber Scenarios<br>Parameters: "Verify sorting - low to high - is working as expected", "Optional[Estore critical path]"</td>
<td><div><pre>java.lang.AssertionError: Environment Variable is NOT Set
	at tests.utility.Hooks.ConfigFileReader(Hooks.java:70)
	at tests.utility.Hooks.initWebDrivereStore(Hooks.java:150)
... Removed 1 stack frames</pre></div><a href='#' onClick='toggleBox("stack-trace1609742538", this, "Click to show all stack frames", "Click to hide stack frames")'>Click to show all stack frames</a>
<div class='stack-trace' id='stack-trace1609742538'><pre>java.lang.AssertionError: Environment Variable is NOT Set
	at org.testng.Assert.fail(Assert.java:110)
	at tests.utility.Hooks.ConfigFileReader(Hooks.java:70)
	at tests.utility.Hooks.initWebDrivereStore(Hooks.java:150)
</pre></div></td>
<td>0</td>
<td>tests.runners.RunTest@5906ebcb</td></tr>
<tr>
<td title='tests.runners.RunTest.runScenario()'><b>runScenario</b><br>Test class: tests.runners.RunTest<br>Test method: Runs Cucumber Scenarios<br>Parameters: "User is a non member user then it will show a banner to "Join Membership" click on link to join the membership", "Optional[Estore critical path]"</td>
<td><div><pre>java.lang.AssertionError: Environment Variable is NOT Set
	at tests.utility.Hooks.ConfigFileReader(Hooks.java:70)
	at tests.utility.Hooks.initWebDrivereStore(Hooks.java:150)
... Removed 1 stack frames</pre></div><a href='#' onClick='toggleBox("stack-trace1917149817", this, "Click to show all stack frames", "Click to hide stack frames")'>Click to show all stack frames</a>
<div class='stack-trace' id='stack-trace1917149817'><pre>java.lang.AssertionError: Environment Variable is NOT Set
	at org.testng.Assert.fail(Assert.java:110)
	at tests.utility.Hooks.ConfigFileReader(Hooks.java:70)
	at tests.utility.Hooks.initWebDrivereStore(Hooks.java:150)
</pre></div></td>
<td>0</td>
<td>tests.runners.RunTest@5906ebcb</td></tr>
<tr>
<td title='tests.runners.RunTest.runScenario()'><b>runScenario</b><br>Test class: tests.runners.RunTest<br>Test method: Runs Cucumber Scenarios<br>Parameters: "Edit Billing Address", "Optional[Estore critical path]"</td>
<td><div><pre>java.lang.AssertionError: Environment Variable is NOT Set
	at tests.utility.Hooks.ConfigFileReader(Hooks.java:70)
	at tests.utility.Hooks.initWebDrivereStore(Hooks.java:150)
... Removed 1 stack frames</pre></div><a href='#' onClick='toggleBox("stack-trace336400944", this, "Click to show all stack frames", "Click to hide stack frames")'>Click to show all stack frames</a>
<div class='stack-trace' id='stack-trace336400944'><pre>java.lang.AssertionError: Environment Variable is NOT Set
	at org.testng.Assert.fail(Assert.java:110)
	at tests.utility.Hooks.ConfigFileReader(Hooks.java:70)
	at tests.utility.Hooks.initWebDrivereStore(Hooks.java:150)
</pre></div></td>
<td>0</td>
<td>tests.runners.RunTest@5906ebcb</td></tr>
<tr>
<td title='tests.runners.RunTest.runScenario()'><b>runScenario</b><br>Test class: tests.runners.RunTest<br>Test method: Runs Cucumber Scenarios<br>Parameters: "Verify top menu navigation", "Optional[Estore critical path]"</td>
<td><div><pre>java.lang.AssertionError: Environment Variable is NOT Set
	at tests.utility.Hooks.ConfigFileReader(Hooks.java:70)
	at tests.utility.Hooks.initWebDrivereStore(Hooks.java:150)
... Removed 1 stack frames</pre></div><a href='#' onClick='toggleBox("stack-trace448782465", this, "Click to show all stack frames", "Click to hide stack frames")'>Click to show all stack frames</a>
<div class='stack-trace' id='stack-trace448782465'><pre>java.lang.AssertionError: Environment Variable is NOT Set
	at org.testng.Assert.fail(Assert.java:110)
	at tests.utility.Hooks.ConfigFileReader(Hooks.java:70)
	at tests.utility.Hooks.initWebDrivereStore(Hooks.java:150)
</pre></div></td>
<td>0</td>
<td>tests.runners.RunTest@5906ebcb</td></tr>
<tr>
<td title='tests.runners.RunTest.runScenario()'><b>runScenario</b><br>Test class: tests.runners.RunTest<br>Test method: Runs Cucumber Scenarios<br>Parameters: "Verify the On sale functionality", "Optional[Estore critical path]"</td>
<td><div><pre>java.lang.AssertionError: Environment Variable is NOT Set
	at tests.utility.Hooks.ConfigFileReader(Hooks.java:70)
	at tests.utility.Hooks.initWebDrivereStore(Hooks.java:150)
... Removed 1 stack frames</pre></div><a href='#' onClick='toggleBox("stack-trace201069753", this, "Click to show all stack frames", "Click to hide stack frames")'>Click to show all stack frames</a>
<div class='stack-trace' id='stack-trace201069753'><pre>java.lang.AssertionError: Environment Variable is NOT Set
	at org.testng.Assert.fail(Assert.java:110)
	at tests.utility.Hooks.ConfigFileReader(Hooks.java:70)
	at tests.utility.Hooks.initWebDrivereStore(Hooks.java:150)
</pre></div></td>
<td>0</td>
<td>tests.runners.RunTest@5906ebcb</td></tr>
<tr>
<td title='tests.runners.RunTest.runScenario()'><b>runScenario</b><br>Test class: tests.runners.RunTest<br>Test method: Runs Cucumber Scenarios<br>Parameters: "CG-Verify Back To top Button", "Optional[Estore critical path]"</td>
<td><div><pre>java.lang.AssertionError: Environment Variable is NOT Set
	at tests.utility.Hooks.ConfigFileReader(Hooks.java:70)
	at tests.utility.Hooks.initWebDrivereStore(Hooks.java:150)
... Removed 1 stack frames</pre></div><a href='#' onClick='toggleBox("stack-trace1583816224", this, "Click to show all stack frames", "Click to hide stack frames")'>Click to show all stack frames</a>
<div class='stack-trace' id='stack-trace1583816224'><pre>java.lang.AssertionError: Environment Variable is NOT Set
	at org.testng.Assert.fail(Assert.java:110)
	at tests.utility.Hooks.ConfigFileReader(Hooks.java:70)
	at tests.utility.Hooks.initWebDrivereStore(Hooks.java:150)
</pre></div></td>
<td>0</td>
<td>tests.runners.RunTest@5906ebcb</td></tr>
<tr>
<td title='tests.runners.RunTest.runScenario()'><b>runScenario</b><br>Test class: tests.runners.RunTest<br>Test method: Runs Cucumber Scenarios<br>Parameters: "CG - Test CGS in all menu items (All brands)", "Optional[Estore critical path]"</td>
<td><div><pre>java.lang.AssertionError: Environment Variable is NOT Set
	at tests.utility.Hooks.ConfigFileReader(Hooks.java:70)
	at tests.utility.Hooks.initWebDrivereStore(Hooks.java:150)
... Removed 1 stack frames</pre></div><a href='#' onClick='toggleBox("stack-trace1545563479", this, "Click to show all stack frames", "Click to hide stack frames")'>Click to show all stack frames</a>
<div class='stack-trace' id='stack-trace1545563479'><pre>java.lang.AssertionError: Environment Variable is NOT Set
	at org.testng.Assert.fail(Assert.java:110)
	at tests.utility.Hooks.ConfigFileReader(Hooks.java:70)
	at tests.utility.Hooks.initWebDrivereStore(Hooks.java:150)
</pre></div></td>
<td>0</td>
<td>tests.runners.RunTest@5906ebcb</td></tr>
<tr>
<td title='tests.runners.RunTest.runScenario()'><b>runScenario</b><br>Test class: tests.runners.RunTest<br>Test method: Runs Cucumber Scenarios<br>Parameters: "Remove line item", "Optional[Estore critical path]"</td>
<td><div><pre>java.lang.AssertionError: Environment Variable is NOT Set
	at tests.utility.Hooks.ConfigFileReader(Hooks.java:70)
	at tests.utility.Hooks.initWebDrivereStore(Hooks.java:150)
... Removed 1 stack frames</pre></div><a href='#' onClick='toggleBox("stack-trace2054997292", this, "Click to show all stack frames", "Click to hide stack frames")'>Click to show all stack frames</a>
<div class='stack-trace' id='stack-trace2054997292'><pre>java.lang.AssertionError: Environment Variable is NOT Set
	at org.testng.Assert.fail(Assert.java:110)
	at tests.utility.Hooks.ConfigFileReader(Hooks.java:70)
	at tests.utility.Hooks.initWebDrivereStore(Hooks.java:150)
</pre></div></td>
<td>0</td>
<td>tests.runners.RunTest@5906ebcb</td></tr>
<tr>
<td title='tests.runners.RunTest.runScenario()'><b>runScenario</b><br>Test class: tests.runners.RunTest<br>Test method: Runs Cucumber Scenarios<br>Parameters: "Verify product thumbnail is correctly loaded", "Optional[Estore critical path]"</td>
<td><div><pre>java.lang.AssertionError: Environment Variable is NOT Set
	at tests.utility.Hooks.ConfigFileReader(Hooks.java:70)
	at tests.utility.Hooks.initWebDrivereStore(Hooks.java:150)
... Removed 1 stack frames</pre></div><a href='#' onClick='toggleBox("stack-trace297031141", this, "Click to show all stack frames", "Click to hide stack frames")'>Click to show all stack frames</a>
<div class='stack-trace' id='stack-trace297031141'><pre>java.lang.AssertionError: Environment Variable is NOT Set
	at org.testng.Assert.fail(Assert.java:110)
	at tests.utility.Hooks.ConfigFileReader(Hooks.java:70)
	at tests.utility.Hooks.initWebDrivereStore(Hooks.java:150)
</pre></div></td>
<td>0</td>
<td>tests.runners.RunTest@5906ebcb</td></tr>
<tr>
<td title='tests.runners.RunTest.runScenario()'><b>runScenario</b><br>Test class: tests.runners.RunTest<br>Test method: Runs Cucumber Scenarios<br>Parameters: "GC/ Balance check", "Optional[Estore critical path]"</td>
<td><div><pre>java.lang.AssertionError: Environment Variable is NOT Set
	at tests.utility.Hooks.ConfigFileReader(Hooks.java:70)
	at tests.utility.Hooks.initWebDrivereStore(Hooks.java:150)
... Removed 1 stack frames</pre></div><a href='#' onClick='toggleBox("stack-trace1262477422", this, "Click to show all stack frames", "Click to hide stack frames")'>Click to show all stack frames</a>
<div class='stack-trace' id='stack-trace1262477422'><pre>java.lang.AssertionError: Environment Variable is NOT Set
	at org.testng.Assert.fail(Assert.java:110)
	at tests.utility.Hooks.ConfigFileReader(Hooks.java:70)
	at tests.utility.Hooks.initWebDrivereStore(Hooks.java:150)
</pre></div></td>
<td>0</td>
<td>tests.runners.RunTest@5906ebcb</td></tr>
<tr>
<td title='tests.runners.RunTest.runScenario()'><b>runScenario</b><br>Test class: tests.runners.RunTest<br>Test method: Runs Cucumber Scenarios<br>Parameters: "Verify product thumbnail is correctly loaded", "Optional[Estore critical path]"</td>
<td><div><pre>java.lang.AssertionError: Environment Variable is NOT Set
	at tests.utility.Hooks.ConfigFileReader(Hooks.java:70)
	at tests.utility.Hooks.initWebDrivereStore(Hooks.java:150)
... Removed 1 stack frames</pre></div><a href='#' onClick='toggleBox("stack-trace1163189762", this, "Click to show all stack frames", "Click to hide stack frames")'>Click to show all stack frames</a>
<div class='stack-trace' id='stack-trace1163189762'><pre>java.lang.AssertionError: Environment Variable is NOT Set
	at org.testng.Assert.fail(Assert.java:110)
	at tests.utility.Hooks.ConfigFileReader(Hooks.java:70)
	at tests.utility.Hooks.initWebDrivereStore(Hooks.java:150)
</pre></div></td>
<td>0</td>
<td>tests.runners.RunTest@5906ebcb</td></tr>
<tr>
<td title='tests.runners.RunTest.runScenario()'><b>runScenario</b><br>Test class: tests.runners.RunTest<br>Test method: Runs Cucumber Scenarios<br>Parameters: "Verify member user checkout in estore", "Optional[Estore critical path]"</td>
<td><div><pre>java.lang.AssertionError: Environment Variable is NOT Set
	at tests.utility.Hooks.ConfigFileReader(Hooks.java:70)
	at tests.utility.Hooks.initWebDrivereStore(Hooks.java:150)
... Removed 1 stack frames</pre></div><a href='#' onClick='toggleBox("stack-trace1083086553", this, "Click to show all stack frames", "Click to hide stack frames")'>Click to show all stack frames</a>
<div class='stack-trace' id='stack-trace1083086553'><pre>java.lang.AssertionError: Environment Variable is NOT Set
	at org.testng.Assert.fail(Assert.java:110)
	at tests.utility.Hooks.ConfigFileReader(Hooks.java:70)
	at tests.utility.Hooks.initWebDrivereStore(Hooks.java:150)
</pre></div></td>
<td>0</td>
<td>tests.runners.RunTest@5906ebcb</td></tr>
<tr>
<td title='tests.runners.RunTest.runScenario()'><b>runScenario</b><br>Test class: tests.runners.RunTest<br>Test method: Runs Cucumber Scenarios<br>Parameters: "Verify My account dropdowm", "Optional[Estore critical path]"</td>
<td><div><pre>java.lang.AssertionError: Environment Variable is NOT Set
	at tests.utility.Hooks.ConfigFileReader(Hooks.java:70)
	at tests.utility.Hooks.initWebDrivereStore(Hooks.java:150)
... Removed 1 stack frames</pre></div><a href='#' onClick='toggleBox("stack-trace2050529121", this, "Click to show all stack frames", "Click to hide stack frames")'>Click to show all stack frames</a>
<div class='stack-trace' id='stack-trace2050529121'><pre>java.lang.AssertionError: Environment Variable is NOT Set
	at org.testng.Assert.fail(Assert.java:110)
	at tests.utility.Hooks.ConfigFileReader(Hooks.java:70)
	at tests.utility.Hooks.initWebDrivereStore(Hooks.java:150)
</pre></div></td>
<td>0</td>
<td>tests.runners.RunTest@5906ebcb</td></tr>
<tr>
<td title='tests.runners.RunTest.runScenario()'><b>runScenario</b><br>Test class: tests.runners.RunTest<br>Test method: Runs Cucumber Scenarios<br>Parameters: "Verify top menu navigation", "Optional[Estore critical path]"</td>
<td><div><pre>java.lang.AssertionError: Environment Variable is NOT Set
	at tests.utility.Hooks.ConfigFileReader(Hooks.java:70)
	at tests.utility.Hooks.initWebDrivereStore(Hooks.java:150)
... Removed 1 stack frames</pre></div><a href='#' onClick='toggleBox("stack-trace1472494238", this, "Click to show all stack frames", "Click to hide stack frames")'>Click to show all stack frames</a>
<div class='stack-trace' id='stack-trace1472494238'><pre>java.lang.AssertionError: Environment Variable is NOT Set
	at org.testng.Assert.fail(Assert.java:110)
	at tests.utility.Hooks.ConfigFileReader(Hooks.java:70)
	at tests.utility.Hooks.initWebDrivereStore(Hooks.java:150)
</pre></div></td>
<td>0</td>
<td>tests.runners.RunTest@5906ebcb</td></tr>
<tr>
<td title='tests.runners.RunTest.runScenario()'><b>runScenario</b><br>Test class: tests.runners.RunTest<br>Test method: Runs Cucumber Scenarios<br>Parameters: "Configure this item to view delivery information for your Location, price update", "Optional[Estore critical path]"</td>
<td><div><pre>java.lang.AssertionError: Environment Variable is NOT Set
	at tests.utility.Hooks.ConfigFileReader(Hooks.java:70)
	at tests.utility.Hooks.initWebDrivereStore(Hooks.java:150)
... Removed 1 stack frames</pre></div><a href='#' onClick='toggleBox("stack-trace462911221", this, "Click to show all stack frames", "Click to hide stack frames")'>Click to show all stack frames</a>
<div class='stack-trace' id='stack-trace462911221'><pre>java.lang.AssertionError: Environment Variable is NOT Set
	at org.testng.Assert.fail(Assert.java:110)
	at tests.utility.Hooks.ConfigFileReader(Hooks.java:70)
	at tests.utility.Hooks.initWebDrivereStore(Hooks.java:150)
</pre></div></td>
<td>0</td>
<td>tests.runners.RunTest@5906ebcb</td></tr>
<tr>
<td title='tests.runners.RunTest.runScenario()'><b>runScenario</b><br>Test class: tests.runners.RunTest<br>Test method: Runs Cucumber Scenarios<br>Parameters: "Verify My account dropdowm", "Optional[Estore critical path]"</td>
<td><div><pre>java.lang.AssertionError: Environment Variable is NOT Set
	at tests.utility.Hooks.ConfigFileReader(Hooks.java:70)
	at tests.utility.Hooks.initWebDrivereStore(Hooks.java:150)
... Removed 1 stack frames</pre></div><a href='#' onClick='toggleBox("stack-trace244190700", this, "Click to show all stack frames", "Click to hide stack frames")'>Click to show all stack frames</a>
<div class='stack-trace' id='stack-trace244190700'><pre>java.lang.AssertionError: Environment Variable is NOT Set
	at org.testng.Assert.fail(Assert.java:110)
	at tests.utility.Hooks.ConfigFileReader(Hooks.java:70)
	at tests.utility.Hooks.initWebDrivereStore(Hooks.java:150)
</pre></div></td>
<td>0</td>
<td>tests.runners.RunTest@5906ebcb</td></tr>
<tr>
<td title='tests.runners.RunTest.runScenario()'><b>runScenario</b><br>Test class: tests.runners.RunTest<br>Test method: Runs Cucumber Scenarios<br>Parameters: "Verify the email address displayed in membership page", "Optional[Estore critical path]"</td>
<td><div><pre>java.lang.AssertionError: Environment Variable is NOT Set
	at tests.utility.Hooks.ConfigFileReader(Hooks.java:70)
	at tests.utility.Hooks.initWebDrivereStore(Hooks.java:150)
... Removed 1 stack frames</pre></div><a href='#' onClick='toggleBox("stack-trace1803714790", this, "Click to show all stack frames", "Click to hide stack frames")'>Click to show all stack frames</a>
<div class='stack-trace' id='stack-trace1803714790'><pre>java.lang.AssertionError: Environment Variable is NOT Set
	at org.testng.Assert.fail(Assert.java:110)
	at tests.utility.Hooks.ConfigFileReader(Hooks.java:70)
	at tests.utility.Hooks.initWebDrivereStore(Hooks.java:150)
</pre></div></td>
<td>0</td>
<td>tests.runners.RunTest@5906ebcb</td></tr>
<tr>
<td title='tests.runners.RunTest.runScenario()'><b>runScenario</b><br>Test class: tests.runners.RunTest<br>Test method: Runs Cucumber Scenarios<br>Parameters: "Verify the add to cart button on membership page", "Optional[Estore critical path]"</td>
<td><div><pre>java.lang.AssertionError: Environment Variable is NOT Set
	at tests.utility.Hooks.ConfigFileReader(Hooks.java:70)
	at tests.utility.Hooks.initWebDrivereStore(Hooks.java:150)
... Removed 1 stack frames</pre></div><a href='#' onClick='toggleBox("stack-trace978599729", this, "Click to show all stack frames", "Click to hide stack frames")'>Click to show all stack frames</a>
<div class='stack-trace' id='stack-trace978599729'><pre>java.lang.AssertionError: Environment Variable is NOT Set
	at org.testng.Assert.fail(Assert.java:110)
	at tests.utility.Hooks.ConfigFileReader(Hooks.java:70)
	at tests.utility.Hooks.initWebDrivereStore(Hooks.java:150)
</pre></div></td>
<td>0</td>
<td>tests.runners.RunTest@5906ebcb</td></tr>
<tr>
<td title='tests.runners.RunTest.runScenario()'><b>runScenario</b><br>Test class: tests.runners.RunTest<br>Test method: Runs Cucumber Scenarios<br>Parameters: "Verify Monogrammed products", "Optional[Estore critical path]"</td>
<td><div><pre>java.lang.AssertionError: Environment Variable is NOT Set
	at tests.utility.Hooks.ConfigFileReader(Hooks.java:70)
	at tests.utility.Hooks.initWebDrivereStore(Hooks.java:150)
... Removed 1 stack frames</pre></div><a href='#' onClick='toggleBox("stack-trace1875025322", this, "Click to show all stack frames", "Click to hide stack frames")'>Click to show all stack frames</a>
<div class='stack-trace' id='stack-trace1875025322'><pre>java.lang.AssertionError: Environment Variable is NOT Set
	at org.testng.Assert.fail(Assert.java:110)
	at tests.utility.Hooks.ConfigFileReader(Hooks.java:70)
	at tests.utility.Hooks.initWebDrivereStore(Hooks.java:150)
</pre></div></td>
<td>0</td>
<td>tests.runners.RunTest@5906ebcb</td></tr>
<tr>
<td title='tests.runners.RunTest.runScenario()'><b>runScenario</b><br>Test class: tests.runners.RunTest<br>Test method: Runs Cucumber Scenarios<br>Parameters: "Verify product thumbnail is correctly loaded", "Optional[Estore critical path]"</td>
<td><div><pre>java.lang.AssertionError: Environment Variable is NOT Set
	at tests.utility.Hooks.ConfigFileReader(Hooks.java:70)
	at tests.utility.Hooks.initWebDrivereStore(Hooks.java:150)
... Removed 1 stack frames</pre></div><a href='#' onClick='toggleBox("stack-trace1579823168", this, "Click to show all stack frames", "Click to hide stack frames")'>Click to show all stack frames</a>
<div class='stack-trace' id='stack-trace1579823168'><pre>java.lang.AssertionError: Environment Variable is NOT Set
	at org.testng.Assert.fail(Assert.java:110)
	at tests.utility.Hooks.ConfigFileReader(Hooks.java:70)
	at tests.utility.Hooks.initWebDrivereStore(Hooks.java:150)
</pre></div></td>
<td>0</td>
<td>tests.runners.RunTest@5906ebcb</td></tr>
<tr>
<td title='tests.runners.RunTest.runScenario()'><b>runScenario</b><br>Test class: tests.runners.RunTest<br>Test method: Runs Cucumber Scenarios<br>Parameters: "Verify Line Items functionality:", "Optional[Estore critical path]"</td>
<td><div><pre>java.lang.AssertionError: Environment Variable is NOT Set
	at tests.utility.Hooks.ConfigFileReader(Hooks.java:70)
	at tests.utility.Hooks.initWebDrivereStore(Hooks.java:150)
... Removed 1 stack frames</pre></div><a href='#' onClick='toggleBox("stack-trace562345204", this, "Click to show all stack frames", "Click to hide stack frames")'>Click to show all stack frames</a>
<div class='stack-trace' id='stack-trace562345204'><pre>java.lang.AssertionError: Environment Variable is NOT Set
	at org.testng.Assert.fail(Assert.java:110)
	at tests.utility.Hooks.ConfigFileReader(Hooks.java:70)
	at tests.utility.Hooks.initWebDrivereStore(Hooks.java:150)
</pre></div></td>
<td>0</td>
<td>tests.runners.RunTest@5906ebcb</td></tr>
<tr>
<td title='tests.runners.RunTest.runScenario()'><b>runScenario</b><br>Test class: tests.runners.RunTest<br>Test method: Runs Cucumber Scenarios<br>Parameters: "eStore Membership", "Optional[Estore critical path]"</td>
<td><div><pre>java.lang.AssertionError: Environment Variable is NOT Set
	at tests.utility.Hooks.ConfigFileReader(Hooks.java:70)
	at tests.utility.Hooks.initWebDrivereStore(Hooks.java:150)
... Removed 1 stack frames</pre></div><a href='#' onClick='toggleBox("stack-trace1707634104", this, "Click to show all stack frames", "Click to hide stack frames")'>Click to show all stack frames</a>
<div class='stack-trace' id='stack-trace1707634104'><pre>java.lang.AssertionError: Environment Variable is NOT Set
	at org.testng.Assert.fail(Assert.java:110)
	at tests.utility.Hooks.ConfigFileReader(Hooks.java:70)
	at tests.utility.Hooks.initWebDrivereStore(Hooks.java:150)
</pre></div></td>
<td>0</td>
<td>tests.runners.RunTest@5906ebcb</td></tr>
<tr>
<td title='tests.runners.RunTest.runScenario()'><b>runScenario</b><br>Test class: tests.runners.RunTest<br>Test method: Runs Cucumber Scenarios<br>Parameters: "Verify product thumbnail is correctly loaded", "Optional[Estore critical path]"</td>
<td><div><pre>java.lang.AssertionError: Environment Variable is NOT Set
	at tests.utility.Hooks.ConfigFileReader(Hooks.java:70)
	at tests.utility.Hooks.initWebDrivereStore(Hooks.java:150)
... Removed 1 stack frames</pre></div><a href='#' onClick='toggleBox("stack-trace165850513", this, "Click to show all stack frames", "Click to hide stack frames")'>Click to show all stack frames</a>
<div class='stack-trace' id='stack-trace165850513'><pre>java.lang.AssertionError: Environment Variable is NOT Set
	at org.testng.Assert.fail(Assert.java:110)
	at tests.utility.Hooks.ConfigFileReader(Hooks.java:70)
	at tests.utility.Hooks.initWebDrivereStore(Hooks.java:150)
</pre></div></td>
<td>0</td>
<td>tests.runners.RunTest@5906ebcb</td></tr>
<tr>
<td title='tests.runners.RunTest.runScenario()'><b>runScenario</b><br>Test class: tests.runners.RunTest<br>Test method: Runs Cucumber Scenarios<br>Parameters: "Verify the Back to top button", "Optional[Estore critical path]"</td>
<td><div><pre>java.lang.AssertionError: Environment Variable is NOT Set
	at tests.utility.Hooks.ConfigFileReader(Hooks.java:70)
	at tests.utility.Hooks.initWebDrivereStore(Hooks.java:150)
... Removed 1 stack frames</pre></div><a href='#' onClick='toggleBox("stack-trace485237151", this, "Click to show all stack frames", "Click to hide stack frames")'>Click to show all stack frames</a>
<div class='stack-trace' id='stack-trace485237151'><pre>java.lang.AssertionError: Environment Variable is NOT Set
	at org.testng.Assert.fail(Assert.java:110)
	at tests.utility.Hooks.ConfigFileReader(Hooks.java:70)
	at tests.utility.Hooks.initWebDrivereStore(Hooks.java:150)
</pre></div></td>
<td>0</td>
<td>tests.runners.RunTest@5906ebcb</td></tr>
<tr>
<td title='tests.runners.RunTest.runScenario()'><b>runScenario</b><br>Test class: tests.runners.RunTest<br>Test method: Runs Cucumber Scenarios<br>Parameters: "Verify the trade login and checkout", "Optional[Estore critical path]"</td>
<td><div><pre>java.lang.AssertionError: Environment Variable is NOT Set
	at tests.utility.Hooks.ConfigFileReader(Hooks.java:70)
	at tests.utility.Hooks.initWebDrivereStore(Hooks.java:150)
... Removed 1 stack frames</pre></div><a href='#' onClick='toggleBox("stack-trace1018742990", this, "Click to show all stack frames", "Click to hide stack frames")'>Click to show all stack frames</a>
<div class='stack-trace' id='stack-trace1018742990'><pre>java.lang.AssertionError: Environment Variable is NOT Set
	at org.testng.Assert.fail(Assert.java:110)
	at tests.utility.Hooks.ConfigFileReader(Hooks.java:70)
	at tests.utility.Hooks.initWebDrivereStore(Hooks.java:150)
</pre></div></td>
<td>0</td>
<td>tests.runners.RunTest@5906ebcb</td></tr>
<tr>
<td title='tests.runners.RunTest.runScenario()'><b>runScenario</b><br>Test class: tests.runners.RunTest<br>Test method: Runs Cucumber Scenarios<br>Parameters: "Logout", "Optional[Estore critical path]"</td>
<td><div><pre>java.lang.AssertionError: Environment Variable is NOT Set
	at tests.utility.Hooks.ConfigFileReader(Hooks.java:70)
	at tests.utility.Hooks.initWebDrivereStore(Hooks.java:150)
... Removed 1 stack frames</pre></div><a href='#' onClick='toggleBox("stack-trace1825662118", this, "Click to show all stack frames", "Click to hide stack frames")'>Click to show all stack frames</a>
<div class='stack-trace' id='stack-trace1825662118'><pre>java.lang.AssertionError: Environment Variable is NOT Set
	at org.testng.Assert.fail(Assert.java:110)
	at tests.utility.Hooks.ConfigFileReader(Hooks.java:70)
	at tests.utility.Hooks.initWebDrivereStore(Hooks.java:150)
</pre></div></td>
<td>0</td>
<td>tests.runners.RunTest@5906ebcb</td></tr>
<tr>
<td title='tests.runners.RunTest.runScenario()'><b>runScenario</b><br>Test class: tests.runners.RunTest<br>Test method: Runs Cucumber Scenarios<br>Parameters: "Place order: search with any key term, select Low to High. navigate to first product PDP", "Optional[Estore critical path]"</td>
<td><div><pre>java.lang.AssertionError: Environment Variable is NOT Set
	at tests.utility.Hooks.ConfigFileReader(Hooks.java:70)
	at tests.utility.Hooks.initWebDrivereStore(Hooks.java:150)
... Removed 1 stack frames</pre></div><a href='#' onClick='toggleBox("stack-trace1196200241", this, "Click to show all stack frames", "Click to hide stack frames")'>Click to show all stack frames</a>
<div class='stack-trace' id='stack-trace1196200241'><pre>java.lang.AssertionError: Environment Variable is NOT Set
	at org.testng.Assert.fail(Assert.java:110)
	at tests.utility.Hooks.ConfigFileReader(Hooks.java:70)
	at tests.utility.Hooks.initWebDrivereStore(Hooks.java:150)
</pre></div></td>
<td>0</td>
<td>tests.runners.RunTest@5906ebcb</td></tr>
<tr>
<td title='tests.runners.RunTest.runScenario()'><b>runScenario</b><br>Test class: tests.runners.RunTest<br>Test method: Runs Cucumber Scenarios<br>Parameters: "Verify collection name,image (regular,member,sale(applicable) on collection banner", "Optional[Estore critical path]"</td>
<td><div><pre>java.lang.AssertionError: Environment Variable is NOT Set
	at tests.utility.Hooks.ConfigFileReader(Hooks.java:70)
	at tests.utility.Hooks.initWebDrivereStore(Hooks.java:150)
... Removed 1 stack frames</pre></div><a href='#' onClick='toggleBox("stack-trace1609038183", this, "Click to show all stack frames", "Click to hide stack frames")'>Click to show all stack frames</a>
<div class='stack-trace' id='stack-trace1609038183'><pre>java.lang.AssertionError: Environment Variable is NOT Set
	at org.testng.Assert.fail(Assert.java:110)
	at tests.utility.Hooks.ConfigFileReader(Hooks.java:70)
	at tests.utility.Hooks.initWebDrivereStore(Hooks.java:150)
</pre></div></td>
<td>0</td>
<td>tests.runners.RunTest@5906ebcb</td></tr>
<tr>
<td title='tests.runners.RunTest.runScenario()'><b>runScenario</b><br>Test class: tests.runners.RunTest<br>Test method: Runs Cucumber Scenarios<br>Parameters: "Verify sorting - high to low - is working as expected", "Optional[Estore critical path]"</td>
<td><div><pre>java.lang.AssertionError: Environment Variable is NOT Set
	at tests.utility.Hooks.ConfigFileReader(Hooks.java:70)
	at tests.utility.Hooks.initWebDrivereStore(Hooks.java:150)
... Removed 1 stack frames</pre></div><a href='#' onClick='toggleBox("stack-trace2144282958", this, "Click to show all stack frames", "Click to hide stack frames")'>Click to show all stack frames</a>
<div class='stack-trace' id='stack-trace2144282958'><pre>java.lang.AssertionError: Environment Variable is NOT Set
	at org.testng.Assert.fail(Assert.java:110)
	at tests.utility.Hooks.ConfigFileReader(Hooks.java:70)
	at tests.utility.Hooks.initWebDrivereStore(Hooks.java:150)
</pre></div></td>
<td>0</td>
<td>tests.runners.RunTest@5906ebcb</td></tr>
<tr>
<td title='tests.runners.RunTest.runScenario()'><b>runScenario</b><br>Test class: tests.runners.RunTest<br>Test method: Runs Cucumber Scenarios<br>Parameters: "Verify My account dropdowm", "Optional[Estore critical path]"</td>
<td><div><pre>java.lang.AssertionError: Environment Variable is NOT Set
	at tests.utility.Hooks.ConfigFileReader(Hooks.java:70)
	at tests.utility.Hooks.initWebDrivereStore(Hooks.java:150)
... Removed 1 stack frames</pre></div><a href='#' onClick='toggleBox("stack-trace2144912729", this, "Click to show all stack frames", "Click to hide stack frames")'>Click to show all stack frames</a>
<div class='stack-trace' id='stack-trace2144912729'><pre>java.lang.AssertionError: Environment Variable is NOT Set
	at org.testng.Assert.fail(Assert.java:110)
	at tests.utility.Hooks.ConfigFileReader(Hooks.java:70)
	at tests.utility.Hooks.initWebDrivereStore(Hooks.java:150)
</pre></div></td>
<td>0</td>
<td>tests.runners.RunTest@5906ebcb</td></tr>
<tr>
<td title='tests.runners.RunTest.runScenario()'><b>runScenario</b><br>Test class: tests.runners.RunTest<br>Test method: Runs Cucumber Scenarios<br>Parameters: "Verify that user is able to buy item for estore", "Optional[Estore critical path]"</td>
<td><div><pre>java.lang.AssertionError: Environment Variable is NOT Set
	at tests.utility.Hooks.ConfigFileReader(Hooks.java:70)
	at tests.utility.Hooks.initWebDrivereStore(Hooks.java:150)
... Removed 1 stack frames</pre></div><a href='#' onClick='toggleBox("stack-trace169370778", this, "Click to show all stack frames", "Click to hide stack frames")'>Click to show all stack frames</a>
<div class='stack-trace' id='stack-trace169370778'><pre>java.lang.AssertionError: Environment Variable is NOT Set
	at org.testng.Assert.fail(Assert.java:110)
	at tests.utility.Hooks.ConfigFileReader(Hooks.java:70)
	at tests.utility.Hooks.initWebDrivereStore(Hooks.java:150)
</pre></div></td>
<td>0</td>
<td>tests.runners.RunTest@5906ebcb</td></tr>
<tr>
<td title='tests.runners.RunTest.runScenario()'><b>runScenario</b><br>Test class: tests.runners.RunTest<br>Test method: Runs Cucumber Scenarios<br>Parameters: "Forgot Password option should be present with proper functionality", "Optional[Estore critical path]"</td>
<td><div><pre>java.lang.AssertionError: Environment Variable is NOT Set
	at tests.utility.Hooks.ConfigFileReader(Hooks.java:70)
	at tests.utility.Hooks.initWebDrivereStore(Hooks.java:150)
... Removed 1 stack frames</pre></div><a href='#' onClick='toggleBox("stack-trace337813415", this, "Click to show all stack frames", "Click to hide stack frames")'>Click to show all stack frames</a>
<div class='stack-trace' id='stack-trace337813415'><pre>java.lang.AssertionError: Environment Variable is NOT Set
	at org.testng.Assert.fail(Assert.java:110)
	at tests.utility.Hooks.ConfigFileReader(Hooks.java:70)
	at tests.utility.Hooks.initWebDrivereStore(Hooks.java:150)
</pre></div></td>
<td>0</td>
<td>tests.runners.RunTest@5906ebcb</td></tr>
<tr>
<td title='tests.runners.RunTest.runScenario()'><b>runScenario</b><br>Test class: tests.runners.RunTest<br>Test method: Runs Cucumber Scenarios<br>Parameters: "Verify that user is able to add multiple item to cart, total price is correct", "Optional[Estore critical path]"</td>
<td><div><pre>java.lang.AssertionError: Environment Variable is NOT Set
	at tests.utility.Hooks.ConfigFileReader(Hooks.java:70)
	at tests.utility.Hooks.initWebDrivereStore(Hooks.java:150)
... Removed 1 stack frames</pre></div><a href='#' onClick='toggleBox("stack-trace353296011", this, "Click to show all stack frames", "Click to hide stack frames")'>Click to show all stack frames</a>
<div class='stack-trace' id='stack-trace353296011'><pre>java.lang.AssertionError: Environment Variable is NOT Set
	at org.testng.Assert.fail(Assert.java:110)
	at tests.utility.Hooks.ConfigFileReader(Hooks.java:70)
	at tests.utility.Hooks.initWebDrivereStore(Hooks.java:150)
</pre></div></td>
<td>0</td>
<td>tests.runners.RunTest@5906ebcb</td></tr>
<tr>
<td title='tests.runners.RunTest.runScenario()'><b>runScenario</b><br>Test class: tests.runners.RunTest<br>Test method: Runs Cucumber Scenarios<br>Parameters: "Verify the Sale Price on PG pages for Sale Items", "Optional[Estore critical path]"</td>
<td><div><pre>java.lang.AssertionError: Environment Variable is NOT Set
	at tests.utility.Hooks.ConfigFileReader(Hooks.java:70)
	at tests.utility.Hooks.initWebDrivereStore(Hooks.java:150)
... Removed 1 stack frames</pre></div><a href='#' onClick='toggleBox("stack-trace1170173753", this, "Click to show all stack frames", "Click to hide stack frames")'>Click to show all stack frames</a>
<div class='stack-trace' id='stack-trace1170173753'><pre>java.lang.AssertionError: Environment Variable is NOT Set
	at org.testng.Assert.fail(Assert.java:110)
	at tests.utility.Hooks.ConfigFileReader(Hooks.java:70)
	at tests.utility.Hooks.initWebDrivereStore(Hooks.java:150)
</pre></div></td>
<td>0</td>
<td>tests.runners.RunTest@5906ebcb</td></tr>
<tr>
<td title='tests.runners.RunTest.runScenario()'><b>runScenario</b><br>Test class: tests.runners.RunTest<br>Test method: Runs Cucumber Scenarios<br>Parameters: "Verify top menu navigation", "Optional[Estore critical path]"</td>
<td><div><pre>java.lang.AssertionError: Environment Variable is NOT Set
	at tests.utility.Hooks.ConfigFileReader(Hooks.java:70)
	at tests.utility.Hooks.initWebDrivereStore(Hooks.java:150)
... Removed 1 stack frames</pre></div><a href='#' onClick='toggleBox("stack-trace356308667", this, "Click to show all stack frames", "Click to hide stack frames")'>Click to show all stack frames</a>
<div class='stack-trace' id='stack-trace356308667'><pre>java.lang.AssertionError: Environment Variable is NOT Set
	at org.testng.Assert.fail(Assert.java:110)
	at tests.utility.Hooks.ConfigFileReader(Hooks.java:70)
	at tests.utility.Hooks.initWebDrivereStore(Hooks.java:150)
</pre></div></td>
<td>0</td>
<td>tests.runners.RunTest@5906ebcb</td></tr>
<tr>
<td title='tests.runners.RunTest.runScenario()'><b>runScenario</b><br>Test class: tests.runners.RunTest<br>Test method: Runs Cucumber Scenarios<br>Parameters: "Change the grid view, go to PG, go back from PG, CG page should render in the same grid view that you previously selected", "Optional[Estore critical path]"</td>
<td><div><pre>java.lang.AssertionError: Environment Variable is NOT Set
	at tests.utility.Hooks.ConfigFileReader(Hooks.java:70)
	at tests.utility.Hooks.initWebDrivereStore(Hooks.java:150)
... Removed 1 stack frames</pre></div><a href='#' onClick='toggleBox("stack-trace501261420", this, "Click to show all stack frames", "Click to hide stack frames")'>Click to show all stack frames</a>
<div class='stack-trace' id='stack-trace501261420'><pre>java.lang.AssertionError: Environment Variable is NOT Set
	at org.testng.Assert.fail(Assert.java:110)
	at tests.utility.Hooks.ConfigFileReader(Hooks.java:70)
	at tests.utility.Hooks.initWebDrivereStore(Hooks.java:150)
</pre></div></td>
<td>0</td>
<td>tests.runners.RunTest@5906ebcb</td></tr>
<tr>
<td title='tests.runners.RunTest.runScenario()'><b>runScenario</b><br>Test class: tests.runners.RunTest<br>Test method: Runs Cucumber Scenarios<br>Parameters: "Verify My account dropdowm", "Optional[Estore critical path]"</td>
<td><div><pre>java.lang.AssertionError: Environment Variable is NOT Set
	at tests.utility.Hooks.ConfigFileReader(Hooks.java:70)
	at tests.utility.Hooks.initWebDrivereStore(Hooks.java:150)
... Removed 1 stack frames</pre></div><a href='#' onClick='toggleBox("stack-trace1021656938", this, "Click to show all stack frames", "Click to hide stack frames")'>Click to show all stack frames</a>
<div class='stack-trace' id='stack-trace1021656938'><pre>java.lang.AssertionError: Environment Variable is NOT Set
	at org.testng.Assert.fail(Assert.java:110)
	at tests.utility.Hooks.ConfigFileReader(Hooks.java:70)
	at tests.utility.Hooks.initWebDrivereStore(Hooks.java:150)
</pre></div></td>
<td>0</td>
<td>tests.runners.RunTest@5906ebcb</td></tr>
<tr>
<td title='tests.runners.RunTest.runScenario()'><b>runScenario</b><br>Test class: tests.runners.RunTest<br>Test method: Runs Cucumber Scenarios<br>Parameters: "CG - Test CGS in all menu items (All brands)", "Optional[Estore critical path]"</td>
<td><div><pre>java.lang.AssertionError: Environment Variable is NOT Set
	at tests.utility.Hooks.ConfigFileReader(Hooks.java:70)
	at tests.utility.Hooks.initWebDrivereStore(Hooks.java:150)
... Removed 1 stack frames</pre></div><a href='#' onClick='toggleBox("stack-trace2078741622", this, "Click to show all stack frames", "Click to hide stack frames")'>Click to show all stack frames</a>
<div class='stack-trace' id='stack-trace2078741622'><pre>java.lang.AssertionError: Environment Variable is NOT Set
	at org.testng.Assert.fail(Assert.java:110)
	at tests.utility.Hooks.ConfigFileReader(Hooks.java:70)
	at tests.utility.Hooks.initWebDrivereStore(Hooks.java:150)
</pre></div></td>
<td>0</td>
<td>tests.runners.RunTest@5906ebcb</td></tr>
<tr>
<td title='tests.runners.RunTest.runScenario()'><b>runScenario</b><br>Test class: tests.runners.RunTest<br>Test method: Runs Cucumber Scenarios<br>Parameters: "Verify product thumbnail is correctly loaded", "Optional[Estore critical path]"</td>
<td><div><pre>java.lang.AssertionError: Environment Variable is NOT Set
	at tests.utility.Hooks.ConfigFileReader(Hooks.java:70)
	at tests.utility.Hooks.initWebDrivereStore(Hooks.java:150)
... Removed 1 stack frames</pre></div><a href='#' onClick='toggleBox("stack-trace1724091985", this, "Click to show all stack frames", "Click to hide stack frames")'>Click to show all stack frames</a>
<div class='stack-trace' id='stack-trace1724091985'><pre>java.lang.AssertionError: Environment Variable is NOT Set
	at org.testng.Assert.fail(Assert.java:110)
	at tests.utility.Hooks.ConfigFileReader(Hooks.java:70)
	at tests.utility.Hooks.initWebDrivereStore(Hooks.java:150)
</pre></div></td>
<td>0</td>
<td>tests.runners.RunTest@5906ebcb</td></tr>
<tr>
<td title='tests.runners.RunTest.runScenario()'><b>runScenario</b><br>Test class: tests.runners.RunTest<br>Test method: Runs Cucumber Scenarios<br>Parameters: "Return & Exchange", "Optional[Estore critical path]"</td>
<td><div><pre>java.lang.AssertionError: Environment Variable is NOT Set
	at tests.utility.Hooks.ConfigFileReader(Hooks.java:70)
	at tests.utility.Hooks.initWebDrivereStore(Hooks.java:150)
... Removed 1 stack frames</pre></div><a href='#' onClick='toggleBox("stack-trace1007402143", this, "Click to show all stack frames", "Click to hide stack frames")'>Click to show all stack frames</a>
<div class='stack-trace' id='stack-trace1007402143'><pre>java.lang.AssertionError: Environment Variable is NOT Set
	at org.testng.Assert.fail(Assert.java:110)
	at tests.utility.Hooks.ConfigFileReader(Hooks.java:70)
	at tests.utility.Hooks.initWebDrivereStore(Hooks.java:150)
</pre></div></td>
<td>0</td>
<td>tests.runners.RunTest@5906ebcb</td></tr>
<tr>
<td title='tests.runners.RunTest.runScenario()'><b>runScenario</b><br>Test class: tests.runners.RunTest<br>Test method: Runs Cucumber Scenarios<br>Parameters: "Verify product thumbnail is correctly loaded", "Optional[Estore critical path]"</td>
<td><div><pre>java.lang.AssertionError: Environment Variable is NOT Set
	at tests.utility.Hooks.ConfigFileReader(Hooks.java:70)
	at tests.utility.Hooks.initWebDrivereStore(Hooks.java:150)
... Removed 1 stack frames</pre></div><a href='#' onClick='toggleBox("stack-trace181613131", this, "Click to show all stack frames", "Click to hide stack frames")'>Click to show all stack frames</a>
<div class='stack-trace' id='stack-trace181613131'><pre>java.lang.AssertionError: Environment Variable is NOT Set
	at org.testng.Assert.fail(Assert.java:110)
	at tests.utility.Hooks.ConfigFileReader(Hooks.java:70)
	at tests.utility.Hooks.initWebDrivereStore(Hooks.java:150)
</pre></div></td>
<td>0</td>
<td>tests.runners.RunTest@5906ebcb</td></tr>
<tr>
<td title='tests.runners.RunTest.runScenario()'><b>runScenario</b><br>Test class: tests.runners.RunTest<br>Test method: Runs Cucumber Scenarios<br>Parameters: "eStore - Major CC - US", "Optional[Estore critical path]"</td>
<td><div><pre>java.lang.AssertionError: Environment Variable is NOT Set
	at tests.utility.Hooks.ConfigFileReader(Hooks.java:70)
	at tests.utility.Hooks.initWebDrivereStore(Hooks.java:150)
... Removed 1 stack frames</pre></div><a href='#' onClick='toggleBox("stack-trace193156903", this, "Click to show all stack frames", "Click to hide stack frames")'>Click to show all stack frames</a>
<div class='stack-trace' id='stack-trace193156903'><pre>java.lang.AssertionError: Environment Variable is NOT Set
	at org.testng.Assert.fail(Assert.java:110)
	at tests.utility.Hooks.ConfigFileReader(Hooks.java:70)
	at tests.utility.Hooks.initWebDrivereStore(Hooks.java:150)
</pre></div></td>
<td>0</td>
<td>tests.runners.RunTest@5906ebcb</td></tr>
<tr>
<td title='tests.runners.RunTest.runScenario()'><b>runScenario</b><br>Test class: tests.runners.RunTest<br>Test method: Runs Cucumber Scenarios<br>Parameters: "Verify single Grid View is as default on CG", "Optional[Estore critical path]"</td>
<td><div><pre>java.lang.AssertionError: Environment Variable is NOT Set
	at tests.utility.Hooks.ConfigFileReader(Hooks.java:70)
	at tests.utility.Hooks.initWebDrivereStore(Hooks.java:150)
... Removed 1 stack frames</pre></div><a href='#' onClick='toggleBox("stack-trace1687586610", this, "Click to show all stack frames", "Click to hide stack frames")'>Click to show all stack frames</a>
<div class='stack-trace' id='stack-trace1687586610'><pre>java.lang.AssertionError: Environment Variable is NOT Set
	at org.testng.Assert.fail(Assert.java:110)
	at tests.utility.Hooks.ConfigFileReader(Hooks.java:70)
	at tests.utility.Hooks.initWebDrivereStore(Hooks.java:150)
</pre></div></td>
<td>0</td>
<td>tests.runners.RunTest@5906ebcb</td></tr>
<tr>
<td title='tests.runners.RunTest.runScenario()'><b>runScenario</b><br>Test class: tests.runners.RunTest<br>Test method: Runs Cucumber Scenarios<br>Parameters: "Verify it shows price range below the thumbnail", "Optional[Estore critical path]"</td>
<td><div><pre>java.lang.AssertionError: Environment Variable is NOT Set
	at tests.utility.Hooks.ConfigFileReader(Hooks.java:70)
	at tests.utility.Hooks.initWebDrivereStore(Hooks.java:150)
... Removed 1 stack frames</pre></div><a href='#' onClick='toggleBox("stack-trace1202168065", this, "Click to show all stack frames", "Click to hide stack frames")'>Click to show all stack frames</a>
<div class='stack-trace' id='stack-trace1202168065'><pre>java.lang.AssertionError: Environment Variable is NOT Set
	at org.testng.Assert.fail(Assert.java:110)
	at tests.utility.Hooks.ConfigFileReader(Hooks.java:70)
	at tests.utility.Hooks.initWebDrivereStore(Hooks.java:150)
</pre></div></td>
<td>0</td>
<td>tests.runners.RunTest@5906ebcb</td></tr>
<tr>
<td title='tests.runners.RunTest.runScenario()'><b>runScenario</b><br>Test class: tests.runners.RunTest<br>Test method: Runs Cucumber Scenarios<br>Parameters: "Verify 1,2,3 grid views are working fine", "Optional[Estore critical path]"</td>
<td><div><pre>java.lang.AssertionError: Environment Variable is NOT Set
	at tests.utility.Hooks.ConfigFileReader(Hooks.java:70)
	at tests.utility.Hooks.initWebDrivereStore(Hooks.java:150)
... Removed 1 stack frames</pre></div><a href='#' onClick='toggleBox("stack-trace956061012", this, "Click to show all stack frames", "Click to hide stack frames")'>Click to show all stack frames</a>
<div class='stack-trace' id='stack-trace956061012'><pre>java.lang.AssertionError: Environment Variable is NOT Set
	at org.testng.Assert.fail(Assert.java:110)
	at tests.utility.Hooks.ConfigFileReader(Hooks.java:70)
	at tests.utility.Hooks.initWebDrivereStore(Hooks.java:150)
</pre></div></td>
<td>0</td>
<td>tests.runners.RunTest@5906ebcb</td></tr>
<tr>
<td title='tests.runners.RunTest.runScenario()'><b>runScenario</b><br>Test class: tests.runners.RunTest<br>Test method: Runs Cucumber Scenarios<br>Parameters: "Verify top menu navigation", "Optional[Estore critical path]"</td>
<td><div><pre>java.lang.AssertionError: Environment Variable is NOT Set
	at tests.utility.Hooks.ConfigFileReader(Hooks.java:70)
	at tests.utility.Hooks.initWebDrivereStore(Hooks.java:150)
... Removed 1 stack frames</pre></div><a href='#' onClick='toggleBox("stack-trace677329142", this, "Click to show all stack frames", "Click to hide stack frames")'>Click to show all stack frames</a>
<div class='stack-trace' id='stack-trace677329142'><pre>java.lang.AssertionError: Environment Variable is NOT Set
	at org.testng.Assert.fail(Assert.java:110)
	at tests.utility.Hooks.ConfigFileReader(Hooks.java:70)
	at tests.utility.Hooks.initWebDrivereStore(Hooks.java:150)
</pre></div></td>
<td>0</td>
<td>tests.runners.RunTest@5906ebcb</td></tr>
<tr>
<td title='tests.runners.RunTest.runScenario()'><b>runScenario</b><br>Test class: tests.runners.RunTest<br>Test method: Runs Cucumber Scenarios<br>Parameters: "Add an item from cart to wishlist", "Optional[Estore critical path]"</td>
<td><div><pre>java.lang.AssertionError: Environment Variable is NOT Set
	at tests.utility.Hooks.ConfigFileReader(Hooks.java:70)
	at tests.utility.Hooks.initWebDrivereStore(Hooks.java:150)
... Removed 1 stack frames</pre></div><a href='#' onClick='toggleBox("stack-trace1172417096", this, "Click to show all stack frames", "Click to hide stack frames")'>Click to show all stack frames</a>
<div class='stack-trace' id='stack-trace1172417096'><pre>java.lang.AssertionError: Environment Variable is NOT Set
	at org.testng.Assert.fail(Assert.java:110)
	at tests.utility.Hooks.ConfigFileReader(Hooks.java:70)
	at tests.utility.Hooks.initWebDrivereStore(Hooks.java:150)
</pre></div></td>
<td>0</td>
<td>tests.runners.RunTest@5906ebcb</td></tr>
<tr>
<td title='tests.runners.RunTest.runScenario()'><b>runScenario</b><br>Test class: tests.runners.RunTest<br>Test method: Runs Cucumber Scenarios<br>Parameters: "Verify combining different cards(RH Credit Card+Gift Card) + split payment", "Optional[Estore critical path]"</td>
<td><div><pre>java.lang.AssertionError: Environment Variable is NOT Set
	at tests.utility.Hooks.ConfigFileReader(Hooks.java:70)
	at tests.utility.Hooks.initWebDrivereStore(Hooks.java:150)
... Removed 1 stack frames</pre></div><a href='#' onClick='toggleBox("stack-trace250702170", this, "Click to show all stack frames", "Click to hide stack frames")'>Click to show all stack frames</a>
<div class='stack-trace' id='stack-trace250702170'><pre>java.lang.AssertionError: Environment Variable is NOT Set
	at org.testng.Assert.fail(Assert.java:110)
	at tests.utility.Hooks.ConfigFileReader(Hooks.java:70)
	at tests.utility.Hooks.initWebDrivereStore(Hooks.java:150)
</pre></div></td>
<td>0</td>
<td>tests.runners.RunTest@5906ebcb</td></tr>
<tr>
<td title='tests.runners.RunTest.runScenario()'><b>runScenario</b><br>Test class: tests.runners.RunTest<br>Test method: Runs Cucumber Scenarios<br>Parameters: "Verify dinning room page", "Optional[Estore critical path]"</td>
<td><div><pre>java.lang.AssertionError: Environment Variable is NOT Set
	at tests.utility.Hooks.ConfigFileReader(Hooks.java:70)
	at tests.utility.Hooks.initWebDrivereStore(Hooks.java:150)
... Removed 1 stack frames</pre></div><a href='#' onClick='toggleBox("stack-trace1081635795", this, "Click to show all stack frames", "Click to hide stack frames")'>Click to show all stack frames</a>
<div class='stack-trace' id='stack-trace1081635795'><pre>java.lang.AssertionError: Environment Variable is NOT Set
	at org.testng.Assert.fail(Assert.java:110)
	at tests.utility.Hooks.ConfigFileReader(Hooks.java:70)
	at tests.utility.Hooks.initWebDrivereStore(Hooks.java:150)
</pre></div></td>
<td>0</td>
<td>tests.runners.RunTest@5906ebcb</td></tr>
<tr>
<td title='tests.runners.RunTest.runScenario()'><b>runScenario</b><br>Test class: tests.runners.RunTest<br>Test method: Runs Cucumber Scenarios<br>Parameters: "Verify the Add to cart functionality", "Optional[Estore critical path]"</td>
<td><div><pre>java.lang.AssertionError: Environment Variable is NOT Set
	at tests.utility.Hooks.ConfigFileReader(Hooks.java:70)
	at tests.utility.Hooks.initWebDrivereStore(Hooks.java:150)
... Removed 1 stack frames</pre></div><a href='#' onClick='toggleBox("stack-trace1818453711", this, "Click to show all stack frames", "Click to hide stack frames")'>Click to show all stack frames</a>
<div class='stack-trace' id='stack-trace1818453711'><pre>java.lang.AssertionError: Environment Variable is NOT Set
	at org.testng.Assert.fail(Assert.java:110)
	at tests.utility.Hooks.ConfigFileReader(Hooks.java:70)
	at tests.utility.Hooks.initWebDrivereStore(Hooks.java:150)
</pre></div></td>
<td>0</td>
<td>tests.runners.RunTest@5906ebcb</td></tr>
<tr>
<td title='tests.runners.RunTest.runScenario()'><b>runScenario</b><br>Test class: tests.runners.RunTest<br>Test method: Runs Cucumber Scenarios<br>Parameters: "eStore - Major CC - US", "Optional[Estore critical path]"</td>
<td><div><pre>java.lang.AssertionError: Environment Variable is NOT Set
	at tests.utility.Hooks.ConfigFileReader(Hooks.java:70)
	at tests.utility.Hooks.initWebDrivereStore(Hooks.java:150)
... Removed 1 stack frames</pre></div><a href='#' onClick='toggleBox("stack-trace956429999", this, "Click to show all stack frames", "Click to hide stack frames")'>Click to show all stack frames</a>
<div class='stack-trace' id='stack-trace956429999'><pre>java.lang.AssertionError: Environment Variable is NOT Set
	at org.testng.Assert.fail(Assert.java:110)
	at tests.utility.Hooks.ConfigFileReader(Hooks.java:70)
	at tests.utility.Hooks.initWebDrivereStore(Hooks.java:150)
</pre></div></td>
<td>0</td>
<td>tests.runners.RunTest@5906ebcb</td></tr>
<tr>
<td title='tests.runners.RunTest.runScenario()'><b>runScenario</b><br>Test class: tests.runners.RunTest<br>Test method: Runs Cucumber Scenarios<br>Parameters: "Verify product thumbnail is correctly loaded", "Optional[Estore critical path]"</td>
<td><div><pre>java.lang.AssertionError: Environment Variable is NOT Set
	at tests.utility.Hooks.ConfigFileReader(Hooks.java:70)
	at tests.utility.Hooks.initWebDrivereStore(Hooks.java:150)
... Removed 1 stack frames</pre></div><a href='#' onClick='toggleBox("stack-trace311853607", this, "Click to show all stack frames", "Click to hide stack frames")'>Click to show all stack frames</a>
<div class='stack-trace' id='stack-trace311853607'><pre>java.lang.AssertionError: Environment Variable is NOT Set
	at org.testng.Assert.fail(Assert.java:110)
	at tests.utility.Hooks.ConfigFileReader(Hooks.java:70)
	at tests.utility.Hooks.initWebDrivereStore(Hooks.java:150)
</pre></div></td>
<td>0</td>
<td>tests.runners.RunTest@5906ebcb</td></tr>
<tr>
<td title='tests.runners.RunTest.runScenario()'><b>runScenario</b><br>Test class: tests.runners.RunTest<br>Test method: Runs Cucumber Scenarios<br>Parameters: "Verify that user is able to create account", "Optional[Estore critical path]"</td>
<td><div><pre>java.lang.AssertionError: Environment Variable is NOT Set
	at tests.utility.Hooks.ConfigFileReader(Hooks.java:70)
	at tests.utility.Hooks.initWebDrivereStore(Hooks.java:150)
... Removed 1 stack frames</pre></div><a href='#' onClick='toggleBox("stack-trace284268103", this, "Click to show all stack frames", "Click to hide stack frames")'>Click to show all stack frames</a>
<div class='stack-trace' id='stack-trace284268103'><pre>java.lang.AssertionError: Environment Variable is NOT Set
	at org.testng.Assert.fail(Assert.java:110)
	at tests.utility.Hooks.ConfigFileReader(Hooks.java:70)
	at tests.utility.Hooks.initWebDrivereStore(Hooks.java:150)
</pre></div></td>
<td>0</td>
<td>tests.runners.RunTest@5906ebcb</td></tr>
<tr>
<td title='tests.runners.RunTest.runScenario()'><b>runScenario</b><br>Test class: tests.runners.RunTest<br>Test method: Runs Cucumber Scenarios<br>Parameters: "eStore Verify Guest checkout", "Optional[Estore critical path]"</td>
<td><div><pre>java.lang.AssertionError: Environment Variable is NOT Set
	at tests.utility.Hooks.ConfigFileReader(Hooks.java:70)
	at tests.utility.Hooks.initWebDrivereStore(Hooks.java:150)
... Removed 1 stack frames</pre></div><a href='#' onClick='toggleBox("stack-trace1565614310", this, "Click to show all stack frames", "Click to hide stack frames")'>Click to show all stack frames</a>
<div class='stack-trace' id='stack-trace1565614310'><pre>java.lang.AssertionError: Environment Variable is NOT Set
	at org.testng.Assert.fail(Assert.java:110)
	at tests.utility.Hooks.ConfigFileReader(Hooks.java:70)
	at tests.utility.Hooks.initWebDrivereStore(Hooks.java:150)
</pre></div></td>
<td>0</td>
<td>tests.runners.RunTest@5906ebcb</td></tr>
<tr>
<td title='tests.runners.RunTest.runScenario()'><b>runScenario</b><br>Test class: tests.runners.RunTest<br>Test method: Runs Cucumber Scenarios<br>Parameters: "Verify product thumbnail is correctly loaded", "Optional[Estore critical path]"</td>
<td><div><pre>java.lang.AssertionError: Environment Variable is NOT Set
	at tests.utility.Hooks.ConfigFileReader(Hooks.java:70)
	at tests.utility.Hooks.initWebDrivereStore(Hooks.java:150)
... Removed 1 stack frames</pre></div><a href='#' onClick='toggleBox("stack-trace1858779250", this, "Click to show all stack frames", "Click to hide stack frames")'>Click to show all stack frames</a>
<div class='stack-trace' id='stack-trace1858779250'><pre>java.lang.AssertionError: Environment Variable is NOT Set
	at org.testng.Assert.fail(Assert.java:110)
	at tests.utility.Hooks.ConfigFileReader(Hooks.java:70)
	at tests.utility.Hooks.initWebDrivereStore(Hooks.java:150)
</pre></div></td>
<td>0</td>
<td>tests.runners.RunTest@5906ebcb</td></tr>
<tr>
<td title='tests.runners.RunTest.runScenario()'><b>runScenario</b><br>Test class: tests.runners.RunTest<br>Test method: Runs Cucumber Scenarios<br>Parameters: "eStore - Major CC - US", "Optional[Estore critical path]"</td>
<td><div><pre>java.lang.AssertionError: Environment Variable is NOT Set
	at tests.utility.Hooks.ConfigFileReader(Hooks.java:70)
	at tests.utility.Hooks.initWebDrivereStore(Hooks.java:150)
... Removed 1 stack frames</pre></div><a href='#' onClick='toggleBox("stack-trace638580151", this, "Click to show all stack frames", "Click to hide stack frames")'>Click to show all stack frames</a>
<div class='stack-trace' id='stack-trace638580151'><pre>java.lang.AssertionError: Environment Variable is NOT Set
	at org.testng.Assert.fail(Assert.java:110)
	at tests.utility.Hooks.ConfigFileReader(Hooks.java:70)
	at tests.utility.Hooks.initWebDrivereStore(Hooks.java:150)
</pre></div></td>
<td>0</td>
<td>tests.runners.RunTest@5906ebcb</td></tr>
<tr>
<td title='tests.runners.RunTest.runScenario()'><b>runScenario</b><br>Test class: tests.runners.RunTest<br>Test method: Runs Cucumber Scenarios<br>Parameters: "Verify the product price as per the selected country in the dropdown", "Optional[Estore critical path]"</td>
<td><div><pre>java.lang.AssertionError: Environment Variable is NOT Set
	at tests.utility.Hooks.ConfigFileReader(Hooks.java:70)
	at tests.utility.Hooks.initWebDrivereStore(Hooks.java:150)
... Removed 1 stack frames</pre></div><a href='#' onClick='toggleBox("stack-trace1029148906", this, "Click to show all stack frames", "Click to hide stack frames")'>Click to show all stack frames</a>
<div class='stack-trace' id='stack-trace1029148906'><pre>java.lang.AssertionError: Environment Variable is NOT Set
	at org.testng.Assert.fail(Assert.java:110)
	at tests.utility.Hooks.ConfigFileReader(Hooks.java:70)
	at tests.utility.Hooks.initWebDrivereStore(Hooks.java:150)
</pre></div></td>
<td>0</td>
<td>tests.runners.RunTest@5906ebcb</td></tr>
<tr>
<td title='tests.runners.RunTest.runScenario()'><b>runScenario</b><br>Test class: tests.runners.RunTest<br>Test method: Runs Cucumber Scenarios<br>Parameters: "Verify registered user checkout in estore", "Optional[Estore critical path]"</td>
<td><div><pre>java.lang.AssertionError: Environment Variable is NOT Set
	at tests.utility.Hooks.ConfigFileReader(Hooks.java:70)
	at tests.utility.Hooks.initWebDrivereStore(Hooks.java:150)
... Removed 1 stack frames</pre></div><a href='#' onClick='toggleBox("stack-trace1638864144", this, "Click to show all stack frames", "Click to hide stack frames")'>Click to show all stack frames</a>
<div class='stack-trace' id='stack-trace1638864144'><pre>java.lang.AssertionError: Environment Variable is NOT Set
	at org.testng.Assert.fail(Assert.java:110)
	at tests.utility.Hooks.ConfigFileReader(Hooks.java:70)
	at tests.utility.Hooks.initWebDrivereStore(Hooks.java:150)
</pre></div></td>
<td>0</td>
<td>tests.runners.RunTest@5906ebcb</td></tr>
<tr>
<td title='tests.runners.RunTest.runScenario()'><b>runScenario</b><br>Test class: tests.runners.RunTest<br>Test method: Runs Cucumber Scenarios<br>Parameters: "Verify the availability , delivery and return messages in PDP", "Optional[Estore critical path]"</td>
<td><div><pre>java.lang.AssertionError: Environment Variable is NOT Set
	at tests.utility.Hooks.ConfigFileReader(Hooks.java:70)
	at tests.utility.Hooks.initWebDrivereStore(Hooks.java:150)
... Removed 1 stack frames</pre></div><a href='#' onClick='toggleBox("stack-trace1966480630", this, "Click to show all stack frames", "Click to hide stack frames")'>Click to show all stack frames</a>
<div class='stack-trace' id='stack-trace1966480630'><pre>java.lang.AssertionError: Environment Variable is NOT Set
	at org.testng.Assert.fail(Assert.java:110)
	at tests.utility.Hooks.ConfigFileReader(Hooks.java:70)
	at tests.utility.Hooks.initWebDrivereStore(Hooks.java:150)
</pre></div></td>
<td>0</td>
<td>tests.runners.RunTest@5906ebcb</td></tr>
<tr>
<td title='tests.runners.RunTest.runScenario()'><b>runScenario</b><br>Test class: tests.runners.RunTest<br>Test method: Runs Cucumber Scenarios<br>Parameters: "eStore RHCC", "Optional[Estore critical path]"</td>
<td><div><pre>java.lang.AssertionError: Environment Variable is NOT Set
	at tests.utility.Hooks.ConfigFileReader(Hooks.java:70)
	at tests.utility.Hooks.initWebDrivereStore(Hooks.java:150)
... Removed 1 stack frames</pre></div><a href='#' onClick='toggleBox("stack-trace1955049794", this, "Click to show all stack frames", "Click to hide stack frames")'>Click to show all stack frames</a>
<div class='stack-trace' id='stack-trace1955049794'><pre>java.lang.AssertionError: Environment Variable is NOT Set
	at org.testng.Assert.fail(Assert.java:110)
	at tests.utility.Hooks.ConfigFileReader(Hooks.java:70)
	at tests.utility.Hooks.initWebDrivereStore(Hooks.java:150)
</pre></div></td>
<td>0</td>
<td>tests.runners.RunTest@5906ebcb</td></tr>
<tr>
<td title='tests.runners.RunTest.runScenario()'><b>runScenario</b><br>Test class: tests.runners.RunTest<br>Test method: Runs Cucumber Scenarios<br>Parameters: "CG - Test CGS in all menu items (All brands)", "Optional[Estore critical path]"</td>
<td><div><pre>java.lang.AssertionError: Environment Variable is NOT Set
	at tests.utility.Hooks.ConfigFileReader(Hooks.java:70)
	at tests.utility.Hooks.initWebDrivereStore(Hooks.java:150)
... Removed 1 stack frames</pre></div><a href='#' onClick='toggleBox("stack-trace777236628", this, "Click to show all stack frames", "Click to hide stack frames")'>Click to show all stack frames</a>
<div class='stack-trace' id='stack-trace777236628'><pre>java.lang.AssertionError: Environment Variable is NOT Set
	at org.testng.Assert.fail(Assert.java:110)
	at tests.utility.Hooks.ConfigFileReader(Hooks.java:70)
	at tests.utility.Hooks.initWebDrivereStore(Hooks.java:150)
</pre></div></td>
<td>0</td>
<td>tests.runners.RunTest@5906ebcb</td></tr>
<tr>
<td title='tests.runners.RunTest.runScenario()'><b>runScenario</b><br>Test class: tests.runners.RunTest<br>Test method: Runs Cucumber Scenarios<br>Parameters: "CG - Test CGS in all menu items (All brands)", "Optional[Estore critical path]"</td>
<td><div><pre>java.lang.AssertionError: Environment Variable is NOT Set
	at tests.utility.Hooks.ConfigFileReader(Hooks.java:70)
	at tests.utility.Hooks.initWebDrivereStore(Hooks.java:150)
... Removed 1 stack frames</pre></div><a href='#' onClick='toggleBox("stack-trace377957453", this, "Click to show all stack frames", "Click to hide stack frames")'>Click to show all stack frames</a>
<div class='stack-trace' id='stack-trace377957453'><pre>java.lang.AssertionError: Environment Variable is NOT Set
	at org.testng.Assert.fail(Assert.java:110)
	at tests.utility.Hooks.ConfigFileReader(Hooks.java:70)
	at tests.utility.Hooks.initWebDrivereStore(Hooks.java:150)
</pre></div></td>
<td>0</td>
<td>tests.runners.RunTest@5906ebcb</td></tr>
<tr>
<td title='tests.runners.RunTest.runScenario()'><b>runScenario</b><br>Test class: tests.runners.RunTest<br>Test method: Runs Cucumber Scenarios<br>Parameters: "Verify product thumbnail is correctly loaded", "Optional[Estore critical path]"</td>
<td><div><pre>java.lang.AssertionError: Environment Variable is NOT Set
	at tests.utility.Hooks.ConfigFileReader(Hooks.java:70)
	at tests.utility.Hooks.initWebDrivereStore(Hooks.java:150)
... Removed 1 stack frames</pre></div><a href='#' onClick='toggleBox("stack-trace7752890", this, "Click to show all stack frames", "Click to hide stack frames")'>Click to show all stack frames</a>
<div class='stack-trace' id='stack-trace7752890'><pre>java.lang.AssertionError: Environment Variable is NOT Set
	at org.testng.Assert.fail(Assert.java:110)
	at tests.utility.Hooks.ConfigFileReader(Hooks.java:70)
	at tests.utility.Hooks.initWebDrivereStore(Hooks.java:150)
</pre></div></td>
<td>0</td>
<td>tests.runners.RunTest@5906ebcb</td></tr>
<tr>
<td title='tests.runners.RunTest.runScenario()'><b>runScenario</b><br>Test class: tests.runners.RunTest<br>Test method: Runs Cucumber Scenarios<br>Parameters: "Verify the in stock facet selection and in stock product", "Optional[Estore critical path]"</td>
<td><div><pre>java.lang.AssertionError: Environment Variable is NOT Set
	at tests.utility.Hooks.ConfigFileReader(Hooks.java:70)
	at tests.utility.Hooks.initWebDrivereStore(Hooks.java:150)
... Removed 1 stack frames</pre></div><a href='#' onClick='toggleBox("stack-trace1138845999", this, "Click to show all stack frames", "Click to hide stack frames")'>Click to show all stack frames</a>
<div class='stack-trace' id='stack-trace1138845999'><pre>java.lang.AssertionError: Environment Variable is NOT Set
	at org.testng.Assert.fail(Assert.java:110)
	at tests.utility.Hooks.ConfigFileReader(Hooks.java:70)
	at tests.utility.Hooks.initWebDrivereStore(Hooks.java:150)
</pre></div></td>
<td>0</td>
<td>tests.runners.RunTest@5906ebcb</td></tr>
<tr>
<td title='tests.runners.RunTest.runScenario()'><b>runScenario</b><br>Test class: tests.runners.RunTest<br>Test method: Runs Cucumber Scenarios<br>Parameters: "CG - Test CGS in all menu items (All brands)", "Optional[Estore critical path]"</td>
<td><div><pre>java.lang.AssertionError: Environment Variable is NOT Set
	at tests.utility.Hooks.ConfigFileReader(Hooks.java:70)
	at tests.utility.Hooks.initWebDrivereStore(Hooks.java:150)
... Removed 1 stack frames</pre></div><a href='#' onClick='toggleBox("stack-trace357291163", this, "Click to show all stack frames", "Click to hide stack frames")'>Click to show all stack frames</a>
<div class='stack-trace' id='stack-trace357291163'><pre>java.lang.AssertionError: Environment Variable is NOT Set
	at org.testng.Assert.fail(Assert.java:110)
	at tests.utility.Hooks.ConfigFileReader(Hooks.java:70)
	at tests.utility.Hooks.initWebDrivereStore(Hooks.java:150)
</pre></div></td>
<td>0</td>
<td>tests.runners.RunTest@5906ebcb</td></tr>
<tr>
<td title='tests.runners.RunTest.runScenario()'><b>runScenario</b><br>Test class: tests.runners.RunTest<br>Test method: Runs Cucumber Scenarios<br>Parameters: "Verify Rooftop pool page", "Optional[Estore critical path]"</td>
<td><div><pre>java.lang.AssertionError: Environment Variable is NOT Set
	at tests.utility.Hooks.ConfigFileReader(Hooks.java:70)
	at tests.utility.Hooks.initWebDrivereStore(Hooks.java:150)
... Removed 1 stack frames</pre></div><a href='#' onClick='toggleBox("stack-trace1640244246", this, "Click to show all stack frames", "Click to hide stack frames")'>Click to show all stack frames</a>
<div class='stack-trace' id='stack-trace1640244246'><pre>java.lang.AssertionError: Environment Variable is NOT Set
	at org.testng.Assert.fail(Assert.java:110)
	at tests.utility.Hooks.ConfigFileReader(Hooks.java:70)
	at tests.utility.Hooks.initWebDrivereStore(Hooks.java:150)
</pre></div></td>
<td>0</td>
<td>tests.runners.RunTest@5906ebcb</td></tr>
<tr>
<td title='tests.runners.RunTest.runScenario()'><b>runScenario</b><br>Test class: tests.runners.RunTest<br>Test method: Runs Cucumber Scenarios<br>Parameters: "Wishlist for registered users", "Optional[Estore critical path]"</td>
<td><div><pre>java.lang.AssertionError: Environment Variable is NOT Set
	at tests.utility.Hooks.ConfigFileReader(Hooks.java:70)
	at tests.utility.Hooks.initWebDrivereStore(Hooks.java:150)
... Removed 1 stack frames</pre></div><a href='#' onClick='toggleBox("stack-trace674233333", this, "Click to show all stack frames", "Click to hide stack frames")'>Click to show all stack frames</a>
<div class='stack-trace' id='stack-trace674233333'><pre>java.lang.AssertionError: Environment Variable is NOT Set
	at org.testng.Assert.fail(Assert.java:110)
	at tests.utility.Hooks.ConfigFileReader(Hooks.java:70)
	at tests.utility.Hooks.initWebDrivereStore(Hooks.java:150)
</pre></div></td>
<td>0</td>
<td>tests.runners.RunTest@5906ebcb</td></tr>
<tr>
<td title='tests.runners.RunTest.runScenario()'><b>runScenario</b><br>Test class: tests.runners.RunTest<br>Test method: Runs Cucumber Scenarios<br>Parameters: "CG - Test CGS in all menu items (All brands)", "Optional[Estore critical path]"</td>
<td><div><pre>java.lang.AssertionError: Environment Variable is NOT Set
	at tests.utility.Hooks.ConfigFileReader(Hooks.java:70)
	at tests.utility.Hooks.initWebDrivereStore(Hooks.java:150)
... Removed 1 stack frames</pre></div><a href='#' onClick='toggleBox("stack-trace1066575950", this, "Click to show all stack frames", "Click to hide stack frames")'>Click to show all stack frames</a>
<div class='stack-trace' id='stack-trace1066575950'><pre>java.lang.AssertionError: Environment Variable is NOT Set
	at org.testng.Assert.fail(Assert.java:110)
	at tests.utility.Hooks.ConfigFileReader(Hooks.java:70)
	at tests.utility.Hooks.initWebDrivereStore(Hooks.java:150)
</pre></div></td>
<td>0</td>
<td>tests.runners.RunTest@5906ebcb</td></tr>
<tr>
<td title='tests.runners.RunTest.runScenario()'><b>runScenario</b><br>Test class: tests.runners.RunTest<br>Test method: Runs Cucumber Scenarios<br>Parameters: "Add Membership and verify order total in order estimate", "Optional[Estore critical path]"</td>
<td><div><pre>java.lang.AssertionError: Environment Variable is NOT Set
	at tests.utility.Hooks.ConfigFileReader(Hooks.java:70)
	at tests.utility.Hooks.initWebDrivereStore(Hooks.java:150)
... Removed 1 stack frames</pre></div><a href='#' onClick='toggleBox("stack-trace1735962278", this, "Click to show all stack frames", "Click to hide stack frames")'>Click to show all stack frames</a>
<div class='stack-trace' id='stack-trace1735962278'><pre>java.lang.AssertionError: Environment Variable is NOT Set
	at org.testng.Assert.fail(Assert.java:110)
	at tests.utility.Hooks.ConfigFileReader(Hooks.java:70)
	at tests.utility.Hooks.initWebDrivereStore(Hooks.java:150)
</pre></div></td>
<td>0</td>
<td>tests.runners.RunTest@5906ebcb</td></tr>
<tr>
<td title='tests.runners.RunTest.runScenario()'><b>runScenario</b><br>Test class: tests.runners.RunTest<br>Test method: Runs Cucumber Scenarios<br>Parameters: "Edit payment", "Optional[Estore critical path]"</td>
<td><div><pre>java.lang.AssertionError: Environment Variable is NOT Set
	at tests.utility.Hooks.ConfigFileReader(Hooks.java:70)
	at tests.utility.Hooks.initWebDrivereStore(Hooks.java:150)
... Removed 1 stack frames</pre></div><a href='#' onClick='toggleBox("stack-trace9054826", this, "Click to show all stack frames", "Click to hide stack frames")'>Click to show all stack frames</a>
<div class='stack-trace' id='stack-trace9054826'><pre>java.lang.AssertionError: Environment Variable is NOT Set
	at org.testng.Assert.fail(Assert.java:110)
	at tests.utility.Hooks.ConfigFileReader(Hooks.java:70)
	at tests.utility.Hooks.initWebDrivereStore(Hooks.java:150)
</pre></div></td>
<td>0</td>
<td>tests.runners.RunTest@5906ebcb</td></tr>
<tr>
<td title='tests.runners.RunTest.runScenario()'><b>runScenario</b><br>Test class: tests.runners.RunTest<br>Test method: Runs Cucumber Scenarios<br>Parameters: "Verify the prices it is showing for regular user", "Optional[Estore critical path]"</td>
<td><div><pre>java.lang.AssertionError: Environment Variable is NOT Set
	at tests.utility.Hooks.ConfigFileReader(Hooks.java:70)
	at tests.utility.Hooks.initWebDrivereStore(Hooks.java:150)
... Removed 1 stack frames</pre></div><a href='#' onClick='toggleBox("stack-trace1463823265", this, "Click to show all stack frames", "Click to hide stack frames")'>Click to show all stack frames</a>
<div class='stack-trace' id='stack-trace1463823265'><pre>java.lang.AssertionError: Environment Variable is NOT Set
	at org.testng.Assert.fail(Assert.java:110)
	at tests.utility.Hooks.ConfigFileReader(Hooks.java:70)
	at tests.utility.Hooks.initWebDrivereStore(Hooks.java:150)
</pre></div></td>
<td>0</td>
<td>tests.runners.RunTest@5906ebcb</td></tr>
<tr>
<td title='tests.runners.RunTest.runScenario()'><b>runScenario</b><br>Test class: tests.runners.RunTest<br>Test method: Runs Cucumber Scenarios<br>Parameters: "Verify the membership Terms and Conditions Link", "Optional[Estore critical path]"</td>
<td><div><pre>java.lang.AssertionError: Environment Variable is NOT Set
	at tests.utility.Hooks.ConfigFileReader(Hooks.java:70)
	at tests.utility.Hooks.initWebDrivereStore(Hooks.java:150)
... Removed 1 stack frames</pre></div><a href='#' onClick='toggleBox("stack-trace1512822728", this, "Click to show all stack frames", "Click to hide stack frames")'>Click to show all stack frames</a>
<div class='stack-trace' id='stack-trace1512822728'><pre>java.lang.AssertionError: Environment Variable is NOT Set
	at org.testng.Assert.fail(Assert.java:110)
	at tests.utility.Hooks.ConfigFileReader(Hooks.java:70)
	at tests.utility.Hooks.initWebDrivereStore(Hooks.java:150)
</pre></div></td>
<td>0</td>
<td>tests.runners.RunTest@5906ebcb</td></tr>
<tr>
<td title='tests.runners.RunTest.runScenario()'><b>runScenario</b><br>Test class: tests.runners.RunTest<br>Test method: Runs Cucumber Scenarios<br>Parameters: "Verify no Orders display for new registered user - verify the copy provided", "Optional[Estore critical path]"</td>
<td><div><pre>java.lang.AssertionError: Environment Variable is NOT Set
	at tests.utility.Hooks.ConfigFileReader(Hooks.java:70)
	at tests.utility.Hooks.initWebDrivereStore(Hooks.java:150)
... Removed 1 stack frames</pre></div><a href='#' onClick='toggleBox("stack-trace1988664928", this, "Click to show all stack frames", "Click to hide stack frames")'>Click to show all stack frames</a>
<div class='stack-trace' id='stack-trace1988664928'><pre>java.lang.AssertionError: Environment Variable is NOT Set
	at org.testng.Assert.fail(Assert.java:110)
	at tests.utility.Hooks.ConfigFileReader(Hooks.java:70)
	at tests.utility.Hooks.initWebDrivereStore(Hooks.java:150)
</pre></div></td>
<td>0</td>
<td>tests.runners.RunTest@5906ebcb</td></tr>
<tr>
<td title='tests.runners.RunTest.runScenario()'><b>runScenario</b><br>Test class: tests.runners.RunTest<br>Test method: Runs Cucumber Scenarios<br>Parameters: "Verify that user is not able to login with invalid email and password", "Optional[Estore critical path]"</td>
<td><div><pre>java.lang.AssertionError: Environment Variable is NOT Set
	at tests.utility.Hooks.ConfigFileReader(Hooks.java:70)
	at tests.utility.Hooks.initWebDrivereStore(Hooks.java:150)
... Removed 1 stack frames</pre></div><a href='#' onClick='toggleBox("stack-trace723689932", this, "Click to show all stack frames", "Click to hide stack frames")'>Click to show all stack frames</a>
<div class='stack-trace' id='stack-trace723689932'><pre>java.lang.AssertionError: Environment Variable is NOT Set
	at org.testng.Assert.fail(Assert.java:110)
	at tests.utility.Hooks.ConfigFileReader(Hooks.java:70)
	at tests.utility.Hooks.initWebDrivereStore(Hooks.java:150)
</pre></div></td>
<td>0</td>
<td>tests.runners.RunTest@5906ebcb</td></tr>
<tr>
<td title='tests.runners.RunTest.runScenario()'><b>runScenario</b><br>Test class: tests.runners.RunTest<br>Test method: Runs Cucumber Scenarios<br>Parameters: "Remove item from wishlist", "Optional[Estore critical path]"</td>
<td><div><pre>java.lang.AssertionError: Environment Variable is NOT Set
	at tests.utility.Hooks.ConfigFileReader(Hooks.java:70)
	at tests.utility.Hooks.initWebDrivereStore(Hooks.java:150)
... Removed 1 stack frames</pre></div><a href='#' onClick='toggleBox("stack-trace794940817", this, "Click to show all stack frames", "Click to hide stack frames")'>Click to show all stack frames</a>
<div class='stack-trace' id='stack-trace794940817'><pre>java.lang.AssertionError: Environment Variable is NOT Set
	at org.testng.Assert.fail(Assert.java:110)
	at tests.utility.Hooks.ConfigFileReader(Hooks.java:70)
	at tests.utility.Hooks.initWebDrivereStore(Hooks.java:150)
</pre></div></td>
<td>0</td>
<td>tests.runners.RunTest@5906ebcb</td></tr>
<tr>
<td title='tests.runners.RunTest.runScenario()'><b>runScenario</b><br>Test class: tests.runners.RunTest<br>Test method: Runs Cucumber Scenarios<br>Parameters: "From home page goto a collection and click on any Product, It should redirect user to PG", "Optional[Estore critical path]"</td>
<td><div><pre>java.lang.AssertionError: Environment Variable is NOT Set
	at tests.utility.Hooks.ConfigFileReader(Hooks.java:70)
	at tests.utility.Hooks.initWebDrivereStore(Hooks.java:150)
... Removed 1 stack frames</pre></div><a href='#' onClick='toggleBox("stack-trace1278196189", this, "Click to show all stack frames", "Click to hide stack frames")'>Click to show all stack frames</a>
<div class='stack-trace' id='stack-trace1278196189'><pre>java.lang.AssertionError: Environment Variable is NOT Set
	at org.testng.Assert.fail(Assert.java:110)
	at tests.utility.Hooks.ConfigFileReader(Hooks.java:70)
	at tests.utility.Hooks.initWebDrivereStore(Hooks.java:150)
</pre></div></td>
<td>0</td>
<td>tests.runners.RunTest@5906ebcb</td></tr>
<tr>
<td title='tests.runners.RunTest.runScenario()'><b>runScenario</b><br>Test class: tests.runners.RunTest<br>Test method: Runs Cucumber Scenarios<br>Parameters: "Verify the membership page when the membership is canceled", "Optional[Estore critical path]"</td>
<td><div><pre>java.lang.AssertionError: Environment Variable is NOT Set
	at tests.utility.Hooks.ConfigFileReader(Hooks.java:70)
	at tests.utility.Hooks.initWebDrivereStore(Hooks.java:150)
... Removed 1 stack frames</pre></div><a href='#' onClick='toggleBox("stack-trace1825923873", this, "Click to show all stack frames", "Click to hide stack frames")'>Click to show all stack frames</a>
<div class='stack-trace' id='stack-trace1825923873'><pre>java.lang.AssertionError: Environment Variable is NOT Set
	at org.testng.Assert.fail(Assert.java:110)
	at tests.utility.Hooks.ConfigFileReader(Hooks.java:70)
	at tests.utility.Hooks.initWebDrivereStore(Hooks.java:150)
</pre></div></td>
<td>0</td>
<td>tests.runners.RunTest@5906ebcb</td></tr>
<tr>
<td title='tests.runners.RunTest.runScenario()'><b>runScenario</b><br>Test class: tests.runners.RunTest<br>Test method: Runs Cucumber Scenarios<br>Parameters: "Verify accessing order history - orders displayed for registered user", "Optional[Estore critical path]"</td>
<td><div><pre>java.lang.AssertionError: Environment Variable is NOT Set
	at tests.utility.Hooks.ConfigFileReader(Hooks.java:70)
	at tests.utility.Hooks.initWebDrivereStore(Hooks.java:150)
... Removed 1 stack frames</pre></div><a href='#' onClick='toggleBox("stack-trace906370291", this, "Click to show all stack frames", "Click to hide stack frames")'>Click to show all stack frames</a>
<div class='stack-trace' id='stack-trace906370291'><pre>java.lang.AssertionError: Environment Variable is NOT Set
	at org.testng.Assert.fail(Assert.java:110)
	at tests.utility.Hooks.ConfigFileReader(Hooks.java:70)
	at tests.utility.Hooks.initWebDrivereStore(Hooks.java:150)
</pre></div></td>
<td>0</td>
<td>tests.runners.RunTest@5906ebcb</td></tr>
<tr>
<td title='tests.runners.RunTest.runScenario()'><b>runScenario</b><br>Test class: tests.runners.RunTest<br>Test method: Runs Cucumber Scenarios<br>Parameters: "Verify the Instock functionality", "Optional[Estore critical path]"</td>
<td><div><pre>java.lang.AssertionError: Environment Variable is NOT Set
	at tests.utility.Hooks.ConfigFileReader(Hooks.java:70)
	at tests.utility.Hooks.initWebDrivereStore(Hooks.java:150)
... Removed 1 stack frames</pre></div><a href='#' onClick='toggleBox("stack-trace1293495023", this, "Click to show all stack frames", "Click to hide stack frames")'>Click to show all stack frames</a>
<div class='stack-trace' id='stack-trace1293495023'><pre>java.lang.AssertionError: Environment Variable is NOT Set
	at org.testng.Assert.fail(Assert.java:110)
	at tests.utility.Hooks.ConfigFileReader(Hooks.java:70)
	at tests.utility.Hooks.initWebDrivereStore(Hooks.java:150)
</pre></div></td>
<td>0</td>
<td>tests.runners.RunTest@5906ebcb</td></tr>
<tr>
<td title='tests.runners.RunTest.runScenario()'><b>runScenario</b><br>Test class: tests.runners.RunTest<br>Test method: Runs Cucumber Scenarios<br>Parameters: "Verify top menu navigation", "Optional[Estore critical path]"</td>
<td><div><pre>java.lang.AssertionError: Environment Variable is NOT Set
	at tests.utility.Hooks.ConfigFileReader(Hooks.java:70)
	at tests.utility.Hooks.initWebDrivereStore(Hooks.java:150)
... Removed 1 stack frames</pre></div><a href='#' onClick='toggleBox("stack-trace1198426006", this, "Click to show all stack frames", "Click to hide stack frames")'>Click to show all stack frames</a>
<div class='stack-trace' id='stack-trace1198426006'><pre>java.lang.AssertionError: Environment Variable is NOT Set
	at org.testng.Assert.fail(Assert.java:110)
	at tests.utility.Hooks.ConfigFileReader(Hooks.java:70)
	at tests.utility.Hooks.initWebDrivereStore(Hooks.java:150)
</pre></div></td>
<td>0</td>
<td>tests.runners.RunTest@5906ebcb</td></tr>
<tr>
<td title='tests.runners.RunTest.runScenario()'><b>runScenario</b><br>Test class: tests.runners.RunTest<br>Test method: Runs Cucumber Scenarios<br>Parameters: "Verify top menu navigation", "Optional[Estore critical path]"</td>
<td><div><pre>java.lang.AssertionError: Environment Variable is NOT Set
	at tests.utility.Hooks.ConfigFileReader(Hooks.java:70)
	at tests.utility.Hooks.initWebDrivereStore(Hooks.java:150)
... Removed 1 stack frames</pre></div><a href='#' onClick='toggleBox("stack-trace684220724", this, "Click to show all stack frames", "Click to hide stack frames")'>Click to show all stack frames</a>
<div class='stack-trace' id='stack-trace684220724'><pre>java.lang.AssertionError: Environment Variable is NOT Set
	at org.testng.Assert.fail(Assert.java:110)
	at tests.utility.Hooks.ConfigFileReader(Hooks.java:70)
	at tests.utility.Hooks.initWebDrivereStore(Hooks.java:150)
</pre></div></td>
<td>0</td>
<td>tests.runners.RunTest@5906ebcb</td></tr>
<tr>
<td title='tests.runners.RunTest.runScenario()'><b>runScenario</b><br>Test class: tests.runners.RunTest<br>Test method: Runs Cucumber Scenarios<br>Parameters: "CG - Test CGS in all menu items (All brands)", "Optional[Estore critical path]"</td>
<td><div><pre>java.lang.AssertionError: Environment Variable is NOT Set
	at tests.utility.Hooks.ConfigFileReader(Hooks.java:70)
	at tests.utility.Hooks.initWebDrivereStore(Hooks.java:150)
... Removed 1 stack frames</pre></div><a href='#' onClick='toggleBox("stack-trace74606989", this, "Click to show all stack frames", "Click to hide stack frames")'>Click to show all stack frames</a>
<div class='stack-trace' id='stack-trace74606989'><pre>java.lang.AssertionError: Environment Variable is NOT Set
	at org.testng.Assert.fail(Assert.java:110)
	at tests.utility.Hooks.ConfigFileReader(Hooks.java:70)
	at tests.utility.Hooks.initWebDrivereStore(Hooks.java:150)
</pre></div></td>
<td>0</td>
<td>tests.runners.RunTest@5906ebcb</td></tr>
<tr>
<td title='tests.runners.RunTest.runScenario()'><b>runScenario</b><br>Test class: tests.runners.RunTest<br>Test method: Runs Cucumber Scenarios<br>Parameters: "Verify My account dropdowm", "Optional[Estore critical path]"</td>
<td><div><pre>java.lang.AssertionError: Environment Variable is NOT Set
	at tests.utility.Hooks.ConfigFileReader(Hooks.java:70)
	at tests.utility.Hooks.initWebDrivereStore(Hooks.java:150)
... Removed 1 stack frames</pre></div><a href='#' onClick='toggleBox("stack-trace258447256", this, "Click to show all stack frames", "Click to hide stack frames")'>Click to show all stack frames</a>
<div class='stack-trace' id='stack-trace258447256'><pre>java.lang.AssertionError: Environment Variable is NOT Set
	at org.testng.Assert.fail(Assert.java:110)
	at tests.utility.Hooks.ConfigFileReader(Hooks.java:70)
	at tests.utility.Hooks.initWebDrivereStore(Hooks.java:150)
</pre></div></td>
<td>0</td>
<td>tests.runners.RunTest@5906ebcb</td></tr>
</table><p>
</body>
</html>