<?xml version="1.0" encoding="UTF-8"?>
<!-- Generated by org.testng.reporters.JUnitXMLReporter -->
<testsuite ignored="0" hostname="Mikes-MacBook-Pro.local" failures="111" tests="111" name="Test Run" time="27.513" errors="0" timestamp="2023-08-25T11:34:43 EEST">
  <testcase classname="io.cucumber.testng.AbstractTestNGCucumberTests" name="runScenario" time="0.196">
    <failure type="java.lang.AssertionError" message="Environment Variable is NOT Set">
      <![CDATA[java.lang.AssertionError: Environment Variable is NOT Set
at tests.utility.Hooks.ConfigFileReader(Hooks.java:70)
at tests.utility.Hooks.initWebDrivereStore(Hooks.java:150)
... Removed 1 stack frames]]>
    </failure>
  </testcase> <!-- runScenario -->
  <testcase classname="io.cucumber.testng.AbstractTestNGCucumberTests" name="runScenario" time="0.033">
    <failure type="java.lang.AssertionError" message="Environment Variable is NOT Set">
      <![CDATA[java.lang.AssertionError: Environment Variable is NOT Set
at tests.utility.Hooks.ConfigFileReader(Hooks.java:70)
at tests.utility.Hooks.initWebDrivereStore(Hooks.java:150)
... Removed 1 stack frames]]>
    </failure>
  </testcase> <!-- runScenario -->
  <testcase classname="io.cucumber.testng.AbstractTestNGCucumberTests" name="runScenario" time="0.028">
    <failure type="java.lang.AssertionError" message="Environment Variable is NOT Set">
      <![CDATA[java.lang.AssertionError: Environment Variable is NOT Set
at tests.utility.Hooks.ConfigFileReader(Hooks.java:70)
at tests.utility.Hooks.initWebDrivereStore(Hooks.java:150)
... Removed 1 stack frames]]>
    </failure>
  </testcase> <!-- runScenario -->
  <testcase classname="io.cucumber.testng.AbstractTestNGCucumberTests" name="runScenario" time="0.028">
    <failure type="java.lang.AssertionError" message="Environment Variable is NOT Set">
      <![CDATA[java.lang.AssertionError: Environment Variable is NOT Set
at tests.utility.Hooks.ConfigFileReader(Hooks.java:70)
at tests.utility.Hooks.initWebDrivereStore(Hooks.java:150)
... Removed 1 stack frames]]>
    </failure>
  </testcase> <!-- runScenario -->
  <testcase classname="io.cucumber.testng.AbstractTestNGCucumberTests" name="runScenario" time="0.028">
    <failure type="java.lang.AssertionError" message="Environment Variable is NOT Set">
      <![CDATA[java.lang.AssertionError: Environment Variable is NOT Set
at tests.utility.Hooks.ConfigFileReader(Hooks.java:70)
at tests.utility.Hooks.initWebDrivereStore(Hooks.java:150)
... Removed 1 stack frames]]>
    </failure>
  </testcase> <!-- runScenario -->
  <testcase classname="io.cucumber.testng.AbstractTestNGCucumberTests" name="runScenario" time="0.025">
    <failure type="java.lang.AssertionError" message="Environment Variable is NOT Set">
      <![CDATA[java.lang.AssertionError: Environment Variable is NOT Set
at tests.utility.Hooks.ConfigFileReader(Hooks.java:70)
at tests.utility.Hooks.initWebDrivereStore(Hooks.java:150)
... Removed 1 stack frames]]>
    </failure>
  </testcase> <!-- runScenario -->
  <testcase classname="io.cucumber.testng.AbstractTestNGCucumberTests" name="runScenario" time="0.026">
    <failure type="java.lang.AssertionError" message="Environment Variable is NOT Set">
      <![CDATA[java.lang.AssertionError: Environment Variable is NOT Set
at tests.utility.Hooks.ConfigFileReader(Hooks.java:70)
at tests.utility.Hooks.initWebDrivereStore(Hooks.java:150)
... Removed 1 stack frames]]>
    </failure>
  </testcase> <!-- runScenario -->
  <testcase classname="io.cucumber.testng.AbstractTestNGCucumberTests" name="runScenario" time="0.03">
    <failure type="java.lang.AssertionError" message="Environment Variable is NOT Set">
      <![CDATA[java.lang.AssertionError: Environment Variable is NOT Set
at tests.utility.Hooks.ConfigFileReader(Hooks.java:70)
at tests.utility.Hooks.initWebDrivereStore(Hooks.java:150)
... Removed 1 stack frames]]>
    </failure>
  </testcase> <!-- runScenario -->
  <testcase classname="io.cucumber.testng.AbstractTestNGCucumberTests" name="runScenario" time="0.024">
    <failure type="java.lang.AssertionError" message="Environment Variable is NOT Set">
      <![CDATA[java.lang.AssertionError: Environment Variable is NOT Set
at tests.utility.Hooks.ConfigFileReader(Hooks.java:70)
at tests.utility.Hooks.initWebDrivereStore(Hooks.java:150)
... Removed 1 stack frames]]>
    </failure>
  </testcase> <!-- runScenario -->
  <testcase classname="io.cucumber.testng.AbstractTestNGCucumberTests" name="runScenario" time="0.023">
    <failure type="java.lang.AssertionError" message="Environment Variable is NOT Set">
      <![CDATA[java.lang.AssertionError: Environment Variable is NOT Set
at tests.utility.Hooks.ConfigFileReader(Hooks.java:70)
at tests.utility.Hooks.initWebDrivereStore(Hooks.java:150)
... Removed 1 stack frames]]>
    </failure>
  </testcase> <!-- runScenario -->
  <testcase classname="io.cucumber.testng.AbstractTestNGCucumberTests" name="runScenario" time="0.023">
    <failure type="java.lang.AssertionError" message="Environment Variable is NOT Set">
      <![CDATA[java.lang.AssertionError: Environment Variable is NOT Set
at tests.utility.Hooks.ConfigFileReader(Hooks.java:70)
at tests.utility.Hooks.initWebDrivereStore(Hooks.java:150)
... Removed 1 stack frames]]>
    </failure>
  </testcase> <!-- runScenario -->
  <testcase classname="io.cucumber.testng.AbstractTestNGCucumberTests" name="runScenario" time="0.022">
    <failure type="java.lang.AssertionError" message="Environment Variable is NOT Set">
      <![CDATA[java.lang.AssertionError: Environment Variable is NOT Set
at tests.utility.Hooks.ConfigFileReader(Hooks.java:70)
at tests.utility.Hooks.initWebDrivereStore(Hooks.java:150)
... Removed 1 stack frames]]>
    </failure>
  </testcase> <!-- runScenario -->
  <testcase classname="io.cucumber.testng.AbstractTestNGCucumberTests" name="runScenario" time="0.025">
    <failure type="java.lang.AssertionError" message="Environment Variable is NOT Set">
      <![CDATA[java.lang.AssertionError: Environment Variable is NOT Set
at tests.utility.Hooks.ConfigFileReader(Hooks.java:70)
at tests.utility.Hooks.initWebDrivereStore(Hooks.java:150)
... Removed 1 stack frames]]>
    </failure>
  </testcase> <!-- runScenario -->
  <testcase classname="io.cucumber.testng.AbstractTestNGCucumberTests" name="runScenario" time="0.022">
    <failure type="java.lang.AssertionError" message="Environment Variable is NOT Set">
      <![CDATA[java.lang.AssertionError: Environment Variable is NOT Set
at tests.utility.Hooks.ConfigFileReader(Hooks.java:70)
at tests.utility.Hooks.initWebDrivereStore(Hooks.java:150)
... Removed 1 stack frames]]>
    </failure>
  </testcase> <!-- runScenario -->
  <testcase classname="io.cucumber.testng.AbstractTestNGCucumberTests" name="runScenario" time="0.021">
    <failure type="java.lang.AssertionError" message="Environment Variable is NOT Set">
      <![CDATA[java.lang.AssertionError: Environment Variable is NOT Set
at tests.utility.Hooks.ConfigFileReader(Hooks.java:70)
at tests.utility.Hooks.initWebDrivereStore(Hooks.java:150)
... Removed 1 stack frames]]>
    </failure>
  </testcase> <!-- runScenario -->
  <testcase classname="io.cucumber.testng.AbstractTestNGCucumberTests" name="runScenario" time="0.022">
    <failure type="java.lang.AssertionError" message="Environment Variable is NOT Set">
      <![CDATA[java.lang.AssertionError: Environment Variable is NOT Set
at tests.utility.Hooks.ConfigFileReader(Hooks.java:70)
at tests.utility.Hooks.initWebDrivereStore(Hooks.java:150)
... Removed 1 stack frames]]>
    </failure>
  </testcase> <!-- runScenario -->
  <testcase classname="io.cucumber.testng.AbstractTestNGCucumberTests" name="runScenario" time="0.021">
    <failure type="java.lang.AssertionError" message="Environment Variable is NOT Set">
      <![CDATA[java.lang.AssertionError: Environment Variable is NOT Set
at tests.utility.Hooks.ConfigFileReader(Hooks.java:70)
at tests.utility.Hooks.initWebDrivereStore(Hooks.java:150)
... Removed 1 stack frames]]>
    </failure>
  </testcase> <!-- runScenario -->
  <testcase classname="io.cucumber.testng.AbstractTestNGCucumberTests" name="runScenario" time="0.025">
    <failure type="java.lang.AssertionError" message="Environment Variable is NOT Set">
      <![CDATA[java.lang.AssertionError: Environment Variable is NOT Set
at tests.utility.Hooks.ConfigFileReader(Hooks.java:70)
at tests.utility.Hooks.initWebDrivereStore(Hooks.java:150)
... Removed 1 stack frames]]>
    </failure>
  </testcase> <!-- runScenario -->
  <testcase classname="io.cucumber.testng.AbstractTestNGCucumberTests" name="runScenario" time="0.021">
    <failure type="java.lang.AssertionError" message="Environment Variable is NOT Set">
      <![CDATA[java.lang.AssertionError: Environment Variable is NOT Set
at tests.utility.Hooks.ConfigFileReader(Hooks.java:70)
at tests.utility.Hooks.initWebDrivereStore(Hooks.java:150)
... Removed 1 stack frames]]>
    </failure>
  </testcase> <!-- runScenario -->
  <testcase classname="io.cucumber.testng.AbstractTestNGCucumberTests" name="runScenario" time="0.023">
    <failure type="java.lang.AssertionError" message="Environment Variable is NOT Set">
      <![CDATA[java.lang.AssertionError: Environment Variable is NOT Set
at tests.utility.Hooks.ConfigFileReader(Hooks.java:70)
at tests.utility.Hooks.initWebDrivereStore(Hooks.java:150)
... Removed 1 stack frames]]>
    </failure>
  </testcase> <!-- runScenario -->
  <testcase classname="io.cucumber.testng.AbstractTestNGCucumberTests" name="runScenario" time="0.02">
    <failure type="java.lang.AssertionError" message="Environment Variable is NOT Set">
      <![CDATA[java.lang.AssertionError: Environment Variable is NOT Set
at tests.utility.Hooks.ConfigFileReader(Hooks.java:70)
at tests.utility.Hooks.initWebDrivereStore(Hooks.java:150)
... Removed 1 stack frames]]>
    </failure>
  </testcase> <!-- runScenario -->
  <testcase classname="io.cucumber.testng.AbstractTestNGCucumberTests" name="runScenario" time="0.021">
    <failure type="java.lang.AssertionError" message="Environment Variable is NOT Set">
      <![CDATA[java.lang.AssertionError: Environment Variable is NOT Set
at tests.utility.Hooks.ConfigFileReader(Hooks.java:70)
at tests.utility.Hooks.initWebDrivereStore(Hooks.java:150)
... Removed 1 stack frames]]>
    </failure>
  </testcase> <!-- runScenario -->
  <testcase classname="io.cucumber.testng.AbstractTestNGCucumberTests" name="runScenario" time="0.02">
    <failure type="java.lang.AssertionError" message="Environment Variable is NOT Set">
      <![CDATA[java.lang.AssertionError: Environment Variable is NOT Set
at tests.utility.Hooks.ConfigFileReader(Hooks.java:70)
at tests.utility.Hooks.initWebDrivereStore(Hooks.java:150)
... Removed 1 stack frames]]>
    </failure>
  </testcase> <!-- runScenario -->
  <testcase classname="io.cucumber.testng.AbstractTestNGCucumberTests" name="runScenario" time="0.022">
    <failure type="java.lang.AssertionError" message="Environment Variable is NOT Set">
      <![CDATA[java.lang.AssertionError: Environment Variable is NOT Set
at tests.utility.Hooks.ConfigFileReader(Hooks.java:70)
at tests.utility.Hooks.initWebDrivereStore(Hooks.java:150)
... Removed 1 stack frames]]>
    </failure>
  </testcase> <!-- runScenario -->
  <testcase classname="io.cucumber.testng.AbstractTestNGCucumberTests" name="runScenario" time="0.02">
    <failure type="java.lang.AssertionError" message="Environment Variable is NOT Set">
      <![CDATA[java.lang.AssertionError: Environment Variable is NOT Set
at tests.utility.Hooks.ConfigFileReader(Hooks.java:70)
at tests.utility.Hooks.initWebDrivereStore(Hooks.java:150)
... Removed 1 stack frames]]>
    </failure>
  </testcase> <!-- runScenario -->
  <testcase classname="io.cucumber.testng.AbstractTestNGCucumberTests" name="runScenario" time="0.021">
    <failure type="java.lang.AssertionError" message="Environment Variable is NOT Set">
      <![CDATA[java.lang.AssertionError: Environment Variable is NOT Set
at tests.utility.Hooks.ConfigFileReader(Hooks.java:70)
at tests.utility.Hooks.initWebDrivereStore(Hooks.java:150)
... Removed 1 stack frames]]>
    </failure>
  </testcase> <!-- runScenario -->
  <testcase classname="io.cucumber.testng.AbstractTestNGCucumberTests" name="runScenario" time="0.02">
    <failure type="java.lang.AssertionError" message="Environment Variable is NOT Set">
      <![CDATA[java.lang.AssertionError: Environment Variable is NOT Set
at tests.utility.Hooks.ConfigFileReader(Hooks.java:70)
at tests.utility.Hooks.initWebDrivereStore(Hooks.java:150)
... Removed 1 stack frames]]>
    </failure>
  </testcase> <!-- runScenario -->
  <testcase classname="io.cucumber.testng.AbstractTestNGCucumberTests" name="runScenario" time="0.019">
    <failure type="java.lang.AssertionError" message="Environment Variable is NOT Set">
      <![CDATA[java.lang.AssertionError: Environment Variable is NOT Set
at tests.utility.Hooks.ConfigFileReader(Hooks.java:70)
at tests.utility.Hooks.initWebDrivereStore(Hooks.java:150)
... Removed 1 stack frames]]>
    </failure>
  </testcase> <!-- runScenario -->
  <testcase classname="io.cucumber.testng.AbstractTestNGCucumberTests" name="runScenario" time="0.019">
    <failure type="java.lang.AssertionError" message="Environment Variable is NOT Set">
      <![CDATA[java.lang.AssertionError: Environment Variable is NOT Set
at tests.utility.Hooks.ConfigFileReader(Hooks.java:70)
at tests.utility.Hooks.initWebDrivereStore(Hooks.java:150)
... Removed 1 stack frames]]>
    </failure>
  </testcase> <!-- runScenario -->
  <testcase classname="io.cucumber.testng.AbstractTestNGCucumberTests" name="runScenario" time="0.019">
    <failure type="java.lang.AssertionError" message="Environment Variable is NOT Set">
      <![CDATA[java.lang.AssertionError: Environment Variable is NOT Set
at tests.utility.Hooks.ConfigFileReader(Hooks.java:70)
at tests.utility.Hooks.initWebDrivereStore(Hooks.java:150)
... Removed 1 stack frames]]>
    </failure>
  </testcase> <!-- runScenario -->
  <testcase classname="io.cucumber.testng.AbstractTestNGCucumberTests" name="runScenario" time="0.02">
    <failure type="java.lang.AssertionError" message="Environment Variable is NOT Set">
      <![CDATA[java.lang.AssertionError: Environment Variable is NOT Set
at tests.utility.Hooks.ConfigFileReader(Hooks.java:70)
at tests.utility.Hooks.initWebDrivereStore(Hooks.java:150)
... Removed 1 stack frames]]>
    </failure>
  </testcase> <!-- runScenario -->
  <testcase classname="io.cucumber.testng.AbstractTestNGCucumberTests" name="runScenario" time="0.018">
    <failure type="java.lang.AssertionError" message="Environment Variable is NOT Set">
      <![CDATA[java.lang.AssertionError: Environment Variable is NOT Set
at tests.utility.Hooks.ConfigFileReader(Hooks.java:70)
at tests.utility.Hooks.initWebDrivereStore(Hooks.java:150)
... Removed 1 stack frames]]>
    </failure>
  </testcase> <!-- runScenario -->
  <testcase classname="io.cucumber.testng.AbstractTestNGCucumberTests" name="runScenario" time="0.028">
    <failure type="java.lang.AssertionError" message="Environment Variable is NOT Set">
      <![CDATA[java.lang.AssertionError: Environment Variable is NOT Set
at tests.utility.Hooks.ConfigFileReader(Hooks.java:70)
at tests.utility.Hooks.initWebDrivereStore(Hooks.java:150)
... Removed 1 stack frames]]>
    </failure>
  </testcase> <!-- runScenario -->
  <testcase classname="io.cucumber.testng.AbstractTestNGCucumberTests" name="runScenario" time="0.019">
    <failure type="java.lang.AssertionError" message="Environment Variable is NOT Set">
      <![CDATA[java.lang.AssertionError: Environment Variable is NOT Set
at tests.utility.Hooks.ConfigFileReader(Hooks.java:70)
at tests.utility.Hooks.initWebDrivereStore(Hooks.java:150)
... Removed 1 stack frames]]>
    </failure>
  </testcase> <!-- runScenario -->
  <testcase classname="io.cucumber.testng.AbstractTestNGCucumberTests" name="runScenario" time="0.023">
    <failure type="java.lang.AssertionError" message="Environment Variable is NOT Set">
      <![CDATA[java.lang.AssertionError: Environment Variable is NOT Set
at tests.utility.Hooks.ConfigFileReader(Hooks.java:70)
at tests.utility.Hooks.initWebDrivereStore(Hooks.java:150)
... Removed 1 stack frames]]>
    </failure>
  </testcase> <!-- runScenario -->
  <testcase classname="io.cucumber.testng.AbstractTestNGCucumberTests" name="runScenario" time="0.018">
    <failure type="java.lang.AssertionError" message="Environment Variable is NOT Set">
      <![CDATA[java.lang.AssertionError: Environment Variable is NOT Set
at tests.utility.Hooks.ConfigFileReader(Hooks.java:70)
at tests.utility.Hooks.initWebDrivereStore(Hooks.java:150)
... Removed 1 stack frames]]>
    </failure>
  </testcase> <!-- runScenario -->
  <testcase classname="io.cucumber.testng.AbstractTestNGCucumberTests" name="runScenario" time="0.018">
    <failure type="java.lang.AssertionError" message="Environment Variable is NOT Set">
      <![CDATA[java.lang.AssertionError: Environment Variable is NOT Set
at tests.utility.Hooks.ConfigFileReader(Hooks.java:70)
at tests.utility.Hooks.initWebDrivereStore(Hooks.java:150)
... Removed 1 stack frames]]>
    </failure>
  </testcase> <!-- runScenario -->
  <testcase classname="io.cucumber.testng.AbstractTestNGCucumberTests" name="runScenario" time="0.019">
    <failure type="java.lang.AssertionError" message="Environment Variable is NOT Set">
      <![CDATA[java.lang.AssertionError: Environment Variable is NOT Set
at tests.utility.Hooks.ConfigFileReader(Hooks.java:70)
at tests.utility.Hooks.initWebDrivereStore(Hooks.java:150)
... Removed 1 stack frames]]>
    </failure>
  </testcase> <!-- runScenario -->
  <testcase classname="io.cucumber.testng.AbstractTestNGCucumberTests" name="runScenario" time="0.019">
    <failure type="java.lang.AssertionError" message="Environment Variable is NOT Set">
      <![CDATA[java.lang.AssertionError: Environment Variable is NOT Set
at tests.utility.Hooks.ConfigFileReader(Hooks.java:70)
at tests.utility.Hooks.initWebDrivereStore(Hooks.java:150)
... Removed 1 stack frames]]>
    </failure>
  </testcase> <!-- runScenario -->
  <testcase classname="io.cucumber.testng.AbstractTestNGCucumberTests" name="runScenario" time="0.019">
    <failure type="java.lang.AssertionError" message="Environment Variable is NOT Set">
      <![CDATA[java.lang.AssertionError: Environment Variable is NOT Set
at tests.utility.Hooks.ConfigFileReader(Hooks.java:70)
at tests.utility.Hooks.initWebDrivereStore(Hooks.java:150)
... Removed 1 stack frames]]>
    </failure>
  </testcase> <!-- runScenario -->
  <testcase classname="io.cucumber.testng.AbstractTestNGCucumberTests" name="runScenario" time="0.019">
    <failure type="java.lang.AssertionError" message="Environment Variable is NOT Set">
      <![CDATA[java.lang.AssertionError: Environment Variable is NOT Set
at tests.utility.Hooks.ConfigFileReader(Hooks.java:70)
at tests.utility.Hooks.initWebDrivereStore(Hooks.java:150)
... Removed 1 stack frames]]>
    </failure>
  </testcase> <!-- runScenario -->
  <testcase classname="io.cucumber.testng.AbstractTestNGCucumberTests" name="runScenario" time="0.019">
    <failure type="java.lang.AssertionError" message="Environment Variable is NOT Set">
      <![CDATA[java.lang.AssertionError: Environment Variable is NOT Set
at tests.utility.Hooks.ConfigFileReader(Hooks.java:70)
at tests.utility.Hooks.initWebDrivereStore(Hooks.java:150)
... Removed 1 stack frames]]>
    </failure>
  </testcase> <!-- runScenario -->
  <testcase classname="io.cucumber.testng.AbstractTestNGCucumberTests" name="runScenario" time="0.019">
    <failure type="java.lang.AssertionError" message="Environment Variable is NOT Set">
      <![CDATA[java.lang.AssertionError: Environment Variable is NOT Set
at tests.utility.Hooks.ConfigFileReader(Hooks.java:70)
at tests.utility.Hooks.initWebDrivereStore(Hooks.java:150)
... Removed 1 stack frames]]>
    </failure>
  </testcase> <!-- runScenario -->
  <testcase classname="io.cucumber.testng.AbstractTestNGCucumberTests" name="runScenario" time="0.018">
    <failure type="java.lang.AssertionError" message="Environment Variable is NOT Set">
      <![CDATA[java.lang.AssertionError: Environment Variable is NOT Set
at tests.utility.Hooks.ConfigFileReader(Hooks.java:70)
at tests.utility.Hooks.initWebDrivereStore(Hooks.java:150)
... Removed 1 stack frames]]>
    </failure>
  </testcase> <!-- runScenario -->
  <testcase classname="io.cucumber.testng.AbstractTestNGCucumberTests" name="runScenario" time="0.017">
    <failure type="java.lang.AssertionError" message="Environment Variable is NOT Set">
      <![CDATA[java.lang.AssertionError: Environment Variable is NOT Set
at tests.utility.Hooks.ConfigFileReader(Hooks.java:70)
at tests.utility.Hooks.initWebDrivereStore(Hooks.java:150)
... Removed 1 stack frames]]>
    </failure>
  </testcase> <!-- runScenario -->
  <testcase classname="io.cucumber.testng.AbstractTestNGCucumberTests" name="runScenario" time="0.02">
    <failure type="java.lang.AssertionError" message="Environment Variable is NOT Set">
      <![CDATA[java.lang.AssertionError: Environment Variable is NOT Set
at tests.utility.Hooks.ConfigFileReader(Hooks.java:70)
at tests.utility.Hooks.initWebDrivereStore(Hooks.java:150)
... Removed 1 stack frames]]>
    </failure>
  </testcase> <!-- runScenario -->
  <testcase classname="io.cucumber.testng.AbstractTestNGCucumberTests" name="runScenario" time="0.02">
    <failure type="java.lang.AssertionError" message="Environment Variable is NOT Set">
      <![CDATA[java.lang.AssertionError: Environment Variable is NOT Set
at tests.utility.Hooks.ConfigFileReader(Hooks.java:70)
at tests.utility.Hooks.initWebDrivereStore(Hooks.java:150)
... Removed 1 stack frames]]>
    </failure>
  </testcase> <!-- runScenario -->
  <testcase classname="io.cucumber.testng.AbstractTestNGCucumberTests" name="runScenario" time="0.03">
    <failure type="java.lang.AssertionError" message="Environment Variable is NOT Set">
      <![CDATA[java.lang.AssertionError: Environment Variable is NOT Set
at tests.utility.Hooks.ConfigFileReader(Hooks.java:70)
at tests.utility.Hooks.initWebDrivereStore(Hooks.java:150)
... Removed 1 stack frames]]>
    </failure>
  </testcase> <!-- runScenario -->
  <testcase classname="io.cucumber.testng.AbstractTestNGCucumberTests" name="runScenario" time="0.019">
    <failure type="java.lang.AssertionError" message="Environment Variable is NOT Set">
      <![CDATA[java.lang.AssertionError: Environment Variable is NOT Set
at tests.utility.Hooks.ConfigFileReader(Hooks.java:70)
at tests.utility.Hooks.initWebDrivereStore(Hooks.java:150)
... Removed 1 stack frames]]>
    </failure>
  </testcase> <!-- runScenario -->
  <testcase classname="io.cucumber.testng.AbstractTestNGCucumberTests" name="runScenario" time="0.024">
    <failure type="java.lang.AssertionError" message="Environment Variable is NOT Set">
      <![CDATA[java.lang.AssertionError: Environment Variable is NOT Set
at tests.utility.Hooks.ConfigFileReader(Hooks.java:70)
at tests.utility.Hooks.initWebDrivereStore(Hooks.java:150)
... Removed 1 stack frames]]>
    </failure>
  </testcase> <!-- runScenario -->
  <testcase classname="io.cucumber.testng.AbstractTestNGCucumberTests" name="runScenario" time="0.02">
    <failure type="java.lang.AssertionError" message="Environment Variable is NOT Set">
      <![CDATA[java.lang.AssertionError: Environment Variable is NOT Set
at tests.utility.Hooks.ConfigFileReader(Hooks.java:70)
at tests.utility.Hooks.initWebDrivereStore(Hooks.java:150)
... Removed 1 stack frames]]>
    </failure>
  </testcase> <!-- runScenario -->
  <testcase classname="io.cucumber.testng.AbstractTestNGCucumberTests" name="runScenario" time="0.021">
    <failure type="java.lang.AssertionError" message="Environment Variable is NOT Set">
      <![CDATA[java.lang.AssertionError: Environment Variable is NOT Set
at tests.utility.Hooks.ConfigFileReader(Hooks.java:70)
at tests.utility.Hooks.initWebDrivereStore(Hooks.java:150)
... Removed 1 stack frames]]>
    </failure>
  </testcase> <!-- runScenario -->
  <testcase classname="io.cucumber.testng.AbstractTestNGCucumberTests" name="runScenario" time="0.02">
    <failure type="java.lang.AssertionError" message="Environment Variable is NOT Set">
      <![CDATA[java.lang.AssertionError: Environment Variable is NOT Set
at tests.utility.Hooks.ConfigFileReader(Hooks.java:70)
at tests.utility.Hooks.initWebDrivereStore(Hooks.java:150)
... Removed 1 stack frames]]>
    </failure>
  </testcase> <!-- runScenario -->
  <testcase classname="io.cucumber.testng.AbstractTestNGCucumberTests" name="runScenario" time="0.022">
    <failure type="java.lang.AssertionError" message="Environment Variable is NOT Set">
      <![CDATA[java.lang.AssertionError: Environment Variable is NOT Set
at tests.utility.Hooks.ConfigFileReader(Hooks.java:70)
at tests.utility.Hooks.initWebDrivereStore(Hooks.java:150)
... Removed 1 stack frames]]>
    </failure>
  </testcase> <!-- runScenario -->
  <testcase classname="io.cucumber.testng.AbstractTestNGCucumberTests" name="runScenario" time="0.022">
    <failure type="java.lang.AssertionError" message="Environment Variable is NOT Set">
      <![CDATA[java.lang.AssertionError: Environment Variable is NOT Set
at tests.utility.Hooks.ConfigFileReader(Hooks.java:70)
at tests.utility.Hooks.initWebDrivereStore(Hooks.java:150)
... Removed 1 stack frames]]>
    </failure>
  </testcase> <!-- runScenario -->
  <testcase classname="io.cucumber.testng.AbstractTestNGCucumberTests" name="runScenario" time="0.022">
    <failure type="java.lang.AssertionError" message="Environment Variable is NOT Set">
      <![CDATA[java.lang.AssertionError: Environment Variable is NOT Set
at tests.utility.Hooks.ConfigFileReader(Hooks.java:70)
at tests.utility.Hooks.initWebDrivereStore(Hooks.java:150)
... Removed 1 stack frames]]>
    </failure>
  </testcase> <!-- runScenario -->
  <testcase classname="io.cucumber.testng.AbstractTestNGCucumberTests" name="runScenario" time="0.023">
    <failure type="java.lang.AssertionError" message="Environment Variable is NOT Set">
      <![CDATA[java.lang.AssertionError: Environment Variable is NOT Set
at tests.utility.Hooks.ConfigFileReader(Hooks.java:70)
at tests.utility.Hooks.initWebDrivereStore(Hooks.java:150)
... Removed 1 stack frames]]>
    </failure>
  </testcase> <!-- runScenario -->
  <testcase classname="io.cucumber.testng.AbstractTestNGCucumberTests" name="runScenario" time="0.021">
    <failure type="java.lang.AssertionError" message="Environment Variable is NOT Set">
      <![CDATA[java.lang.AssertionError: Environment Variable is NOT Set
at tests.utility.Hooks.ConfigFileReader(Hooks.java:70)
at tests.utility.Hooks.initWebDrivereStore(Hooks.java:150)
... Removed 1 stack frames]]>
    </failure>
  </testcase> <!-- runScenario -->
  <testcase classname="io.cucumber.testng.AbstractTestNGCucumberTests" name="runScenario" time="0.022">
    <failure type="java.lang.AssertionError" message="Environment Variable is NOT Set">
      <![CDATA[java.lang.AssertionError: Environment Variable is NOT Set
at tests.utility.Hooks.ConfigFileReader(Hooks.java:70)
at tests.utility.Hooks.initWebDrivereStore(Hooks.java:150)
... Removed 1 stack frames]]>
    </failure>
  </testcase> <!-- runScenario -->
  <testcase classname="io.cucumber.testng.AbstractTestNGCucumberTests" name="runScenario" time="0.02">
    <failure type="java.lang.AssertionError" message="Environment Variable is NOT Set">
      <![CDATA[java.lang.AssertionError: Environment Variable is NOT Set
at tests.utility.Hooks.ConfigFileReader(Hooks.java:70)
at tests.utility.Hooks.initWebDrivereStore(Hooks.java:150)
... Removed 1 stack frames]]>
    </failure>
  </testcase> <!-- runScenario -->
  <testcase classname="io.cucumber.testng.AbstractTestNGCucumberTests" name="runScenario" time="0.02">
    <failure type="java.lang.AssertionError" message="Environment Variable is NOT Set">
      <![CDATA[java.lang.AssertionError: Environment Variable is NOT Set
at tests.utility.Hooks.ConfigFileReader(Hooks.java:70)
at tests.utility.Hooks.initWebDrivereStore(Hooks.java:150)
... Removed 1 stack frames]]>
    </failure>
  </testcase> <!-- runScenario -->
  <testcase classname="io.cucumber.testng.AbstractTestNGCucumberTests" name="runScenario" time="0.02">
    <failure type="java.lang.AssertionError" message="Environment Variable is NOT Set">
      <![CDATA[java.lang.AssertionError: Environment Variable is NOT Set
at tests.utility.Hooks.ConfigFileReader(Hooks.java:70)
at tests.utility.Hooks.initWebDrivereStore(Hooks.java:150)
... Removed 1 stack frames]]>
    </failure>
  </testcase> <!-- runScenario -->
  <testcase classname="io.cucumber.testng.AbstractTestNGCucumberTests" name="runScenario" time="0.034">
    <failure type="java.lang.AssertionError" message="Environment Variable is NOT Set">
      <![CDATA[java.lang.AssertionError: Environment Variable is NOT Set
at tests.utility.Hooks.ConfigFileReader(Hooks.java:70)
at tests.utility.Hooks.initWebDrivereStore(Hooks.java:150)
... Removed 1 stack frames]]>
    </failure>
  </testcase> <!-- runScenario -->
  <testcase classname="io.cucumber.testng.AbstractTestNGCucumberTests" name="runScenario" time="0.021">
    <failure type="java.lang.AssertionError" message="Environment Variable is NOT Set">
      <![CDATA[java.lang.AssertionError: Environment Variable is NOT Set
at tests.utility.Hooks.ConfigFileReader(Hooks.java:70)
at tests.utility.Hooks.initWebDrivereStore(Hooks.java:150)
... Removed 1 stack frames]]>
    </failure>
  </testcase> <!-- runScenario -->
  <testcase classname="io.cucumber.testng.AbstractTestNGCucumberTests" name="runScenario" time="0.02">
    <failure type="java.lang.AssertionError" message="Environment Variable is NOT Set">
      <![CDATA[java.lang.AssertionError: Environment Variable is NOT Set
at tests.utility.Hooks.ConfigFileReader(Hooks.java:70)
at tests.utility.Hooks.initWebDrivereStore(Hooks.java:150)
... Removed 1 stack frames]]>
    </failure>
  </testcase> <!-- runScenario -->
  <testcase classname="io.cucumber.testng.AbstractTestNGCucumberTests" name="runScenario" time="0.021">
    <failure type="java.lang.AssertionError" message="Environment Variable is NOT Set">
      <![CDATA[java.lang.AssertionError: Environment Variable is NOT Set
at tests.utility.Hooks.ConfigFileReader(Hooks.java:70)
at tests.utility.Hooks.initWebDrivereStore(Hooks.java:150)
... Removed 1 stack frames]]>
    </failure>
  </testcase> <!-- runScenario -->
  <testcase classname="io.cucumber.testng.AbstractTestNGCucumberTests" name="runScenario" time="0.021">
    <failure type="java.lang.AssertionError" message="Environment Variable is NOT Set">
      <![CDATA[java.lang.AssertionError: Environment Variable is NOT Set
at tests.utility.Hooks.ConfigFileReader(Hooks.java:70)
at tests.utility.Hooks.initWebDrivereStore(Hooks.java:150)
... Removed 1 stack frames]]>
    </failure>
  </testcase> <!-- runScenario -->
  <testcase classname="io.cucumber.testng.AbstractTestNGCucumberTests" name="runScenario" time="0.02">
    <failure type="java.lang.AssertionError" message="Environment Variable is NOT Set">
      <![CDATA[java.lang.AssertionError: Environment Variable is NOT Set
at tests.utility.Hooks.ConfigFileReader(Hooks.java:70)
at tests.utility.Hooks.initWebDrivereStore(Hooks.java:150)
... Removed 1 stack frames]]>
    </failure>
  </testcase> <!-- runScenario -->
  <testcase classname="io.cucumber.testng.AbstractTestNGCucumberTests" name="runScenario" time="0.02">
    <failure type="java.lang.AssertionError" message="Environment Variable is NOT Set">
      <![CDATA[java.lang.AssertionError: Environment Variable is NOT Set
at tests.utility.Hooks.ConfigFileReader(Hooks.java:70)
at tests.utility.Hooks.initWebDrivereStore(Hooks.java:150)
... Removed 1 stack frames]]>
    </failure>
  </testcase> <!-- runScenario -->
  <testcase classname="io.cucumber.testng.AbstractTestNGCucumberTests" name="runScenario" time="0.021">
    <failure type="java.lang.AssertionError" message="Environment Variable is NOT Set">
      <![CDATA[java.lang.AssertionError: Environment Variable is NOT Set
at tests.utility.Hooks.ConfigFileReader(Hooks.java:70)
at tests.utility.Hooks.initWebDrivereStore(Hooks.java:150)
... Removed 1 stack frames]]>
    </failure>
  </testcase> <!-- runScenario -->
  <testcase classname="io.cucumber.testng.AbstractTestNGCucumberTests" name="runScenario" time="0.021">
    <failure type="java.lang.AssertionError" message="Environment Variable is NOT Set">
      <![CDATA[java.lang.AssertionError: Environment Variable is NOT Set
at tests.utility.Hooks.ConfigFileReader(Hooks.java:70)
at tests.utility.Hooks.initWebDrivereStore(Hooks.java:150)
... Removed 1 stack frames]]>
    </failure>
  </testcase> <!-- runScenario -->
  <testcase classname="io.cucumber.testng.AbstractTestNGCucumberTests" name="runScenario" time="0.019">
    <failure type="java.lang.AssertionError" message="Environment Variable is NOT Set">
      <![CDATA[java.lang.AssertionError: Environment Variable is NOT Set
at tests.utility.Hooks.ConfigFileReader(Hooks.java:70)
at tests.utility.Hooks.initWebDrivereStore(Hooks.java:150)
... Removed 1 stack frames]]>
    </failure>
  </testcase> <!-- runScenario -->
  <testcase classname="io.cucumber.testng.AbstractTestNGCucumberTests" name="runScenario" time="0.019">
    <failure type="java.lang.AssertionError" message="Environment Variable is NOT Set">
      <![CDATA[java.lang.AssertionError: Environment Variable is NOT Set
at tests.utility.Hooks.ConfigFileReader(Hooks.java:70)
at tests.utility.Hooks.initWebDrivereStore(Hooks.java:150)
... Removed 1 stack frames]]>
    </failure>
  </testcase> <!-- runScenario -->
  <testcase classname="io.cucumber.testng.AbstractTestNGCucumberTests" name="runScenario" time="0.02">
    <failure type="java.lang.AssertionError" message="Environment Variable is NOT Set">
      <![CDATA[java.lang.AssertionError: Environment Variable is NOT Set
at tests.utility.Hooks.ConfigFileReader(Hooks.java:70)
at tests.utility.Hooks.initWebDrivereStore(Hooks.java:150)
... Removed 1 stack frames]]>
    </failure>
  </testcase> <!-- runScenario -->
  <testcase classname="io.cucumber.testng.AbstractTestNGCucumberTests" name="runScenario" time="0.019">
    <failure type="java.lang.AssertionError" message="Environment Variable is NOT Set">
      <![CDATA[java.lang.AssertionError: Environment Variable is NOT Set
at tests.utility.Hooks.ConfigFileReader(Hooks.java:70)
at tests.utility.Hooks.initWebDrivereStore(Hooks.java:150)
... Removed 1 stack frames]]>
    </failure>
  </testcase> <!-- runScenario -->
  <testcase classname="io.cucumber.testng.AbstractTestNGCucumberTests" name="runScenario" time="0.019">
    <failure type="java.lang.AssertionError" message="Environment Variable is NOT Set">
      <![CDATA[java.lang.AssertionError: Environment Variable is NOT Set
at tests.utility.Hooks.ConfigFileReader(Hooks.java:70)
at tests.utility.Hooks.initWebDrivereStore(Hooks.java:150)
... Removed 1 stack frames]]>
    </failure>
  </testcase> <!-- runScenario -->
  <testcase classname="io.cucumber.testng.AbstractTestNGCucumberTests" name="runScenario" time="0.036">
    <failure type="java.lang.AssertionError" message="Environment Variable is NOT Set">
      <![CDATA[java.lang.AssertionError: Environment Variable is NOT Set
at tests.utility.Hooks.ConfigFileReader(Hooks.java:70)
at tests.utility.Hooks.initWebDrivereStore(Hooks.java:150)
... Removed 1 stack frames]]>
    </failure>
  </testcase> <!-- runScenario -->
  <testcase classname="io.cucumber.testng.AbstractTestNGCucumberTests" name="runScenario" time="0.02">
    <failure type="java.lang.AssertionError" message="Environment Variable is NOT Set">
      <![CDATA[java.lang.AssertionError: Environment Variable is NOT Set
at tests.utility.Hooks.ConfigFileReader(Hooks.java:70)
at tests.utility.Hooks.initWebDrivereStore(Hooks.java:150)
... Removed 1 stack frames]]>
    </failure>
  </testcase> <!-- runScenario -->
  <testcase classname="io.cucumber.testng.AbstractTestNGCucumberTests" name="runScenario" time="0.021">
    <failure type="java.lang.AssertionError" message="Environment Variable is NOT Set">
      <![CDATA[java.lang.AssertionError: Environment Variable is NOT Set
at tests.utility.Hooks.ConfigFileReader(Hooks.java:70)
at tests.utility.Hooks.initWebDrivereStore(Hooks.java:150)
... Removed 1 stack frames]]>
    </failure>
  </testcase> <!-- runScenario -->
  <testcase classname="io.cucumber.testng.AbstractTestNGCucumberTests" name="runScenario" time="0.02">
    <failure type="java.lang.AssertionError" message="Environment Variable is NOT Set">
      <![CDATA[java.lang.AssertionError: Environment Variable is NOT Set
at tests.utility.Hooks.ConfigFileReader(Hooks.java:70)
at tests.utility.Hooks.initWebDrivereStore(Hooks.java:150)
... Removed 1 stack frames]]>
    </failure>
  </testcase> <!-- runScenario -->
  <testcase classname="io.cucumber.testng.AbstractTestNGCucumberTests" name="runScenario" time="0.021">
    <failure type="java.lang.AssertionError" message="Environment Variable is NOT Set">
      <![CDATA[java.lang.AssertionError: Environment Variable is NOT Set
at tests.utility.Hooks.ConfigFileReader(Hooks.java:70)
at tests.utility.Hooks.initWebDrivereStore(Hooks.java:150)
... Removed 1 stack frames]]>
    </failure>
  </testcase> <!-- runScenario -->
  <testcase classname="io.cucumber.testng.AbstractTestNGCucumberTests" name="runScenario" time="0.022">
    <failure type="java.lang.AssertionError" message="Environment Variable is NOT Set">
      <![CDATA[java.lang.AssertionError: Environment Variable is NOT Set
at tests.utility.Hooks.ConfigFileReader(Hooks.java:70)
at tests.utility.Hooks.initWebDrivereStore(Hooks.java:150)
... Removed 1 stack frames]]>
    </failure>
  </testcase> <!-- runScenario -->
  <testcase classname="io.cucumber.testng.AbstractTestNGCucumberTests" name="runScenario" time="0.026">
    <failure type="java.lang.AssertionError" message="Environment Variable is NOT Set">
      <![CDATA[java.lang.AssertionError: Environment Variable is NOT Set
at tests.utility.Hooks.ConfigFileReader(Hooks.java:70)
at tests.utility.Hooks.initWebDrivereStore(Hooks.java:150)
... Removed 1 stack frames]]>
    </failure>
  </testcase> <!-- runScenario -->
  <testcase classname="io.cucumber.testng.AbstractTestNGCucumberTests" name="runScenario" time="0.021">
    <failure type="java.lang.AssertionError" message="Environment Variable is NOT Set">
      <![CDATA[java.lang.AssertionError: Environment Variable is NOT Set
at tests.utility.Hooks.ConfigFileReader(Hooks.java:70)
at tests.utility.Hooks.initWebDrivereStore(Hooks.java:150)
... Removed 1 stack frames]]>
    </failure>
  </testcase> <!-- runScenario -->
  <testcase classname="io.cucumber.testng.AbstractTestNGCucumberTests" name="runScenario" time="0.022">
    <failure type="java.lang.AssertionError" message="Environment Variable is NOT Set">
      <![CDATA[java.lang.AssertionError: Environment Variable is NOT Set
at tests.utility.Hooks.ConfigFileReader(Hooks.java:70)
at tests.utility.Hooks.initWebDrivereStore(Hooks.java:150)
... Removed 1 stack frames]]>
    </failure>
  </testcase> <!-- runScenario -->
  <testcase classname="io.cucumber.testng.AbstractTestNGCucumberTests" name="runScenario" time="0.021">
    <failure type="java.lang.AssertionError" message="Environment Variable is NOT Set">
      <![CDATA[java.lang.AssertionError: Environment Variable is NOT Set
at tests.utility.Hooks.ConfigFileReader(Hooks.java:70)
at tests.utility.Hooks.initWebDrivereStore(Hooks.java:150)
... Removed 1 stack frames]]>
    </failure>
  </testcase> <!-- runScenario -->
  <testcase classname="io.cucumber.testng.AbstractTestNGCucumberTests" name="runScenario" time="0.021">
    <failure type="java.lang.AssertionError" message="Environment Variable is NOT Set">
      <![CDATA[java.lang.AssertionError: Environment Variable is NOT Set
at tests.utility.Hooks.ConfigFileReader(Hooks.java:70)
at tests.utility.Hooks.initWebDrivereStore(Hooks.java:150)
... Removed 1 stack frames]]>
    </failure>
  </testcase> <!-- runScenario -->
  <testcase classname="io.cucumber.testng.AbstractTestNGCucumberTests" name="runScenario" time="0.02">
    <failure type="java.lang.AssertionError" message="Environment Variable is NOT Set">
      <![CDATA[java.lang.AssertionError: Environment Variable is NOT Set
at tests.utility.Hooks.ConfigFileReader(Hooks.java:70)
at tests.utility.Hooks.initWebDrivereStore(Hooks.java:150)
... Removed 1 stack frames]]>
    </failure>
  </testcase> <!-- runScenario -->
  <testcase classname="io.cucumber.testng.AbstractTestNGCucumberTests" name="runScenario" time="0.02">
    <failure type="java.lang.AssertionError" message="Environment Variable is NOT Set">
      <![CDATA[java.lang.AssertionError: Environment Variable is NOT Set
at tests.utility.Hooks.ConfigFileReader(Hooks.java:70)
at tests.utility.Hooks.initWebDrivereStore(Hooks.java:150)
... Removed 1 stack frames]]>
    </failure>
  </testcase> <!-- runScenario -->
  <testcase classname="io.cucumber.testng.AbstractTestNGCucumberTests" name="runScenario" time="0.02">
    <failure type="java.lang.AssertionError" message="Environment Variable is NOT Set">
      <![CDATA[java.lang.AssertionError: Environment Variable is NOT Set
at tests.utility.Hooks.ConfigFileReader(Hooks.java:70)
at tests.utility.Hooks.initWebDrivereStore(Hooks.java:150)
... Removed 1 stack frames]]>
    </failure>
  </testcase> <!-- runScenario -->
  <testcase classname="io.cucumber.testng.AbstractTestNGCucumberTests" name="runScenario" time="0.019">
    <failure type="java.lang.AssertionError" message="Environment Variable is NOT Set">
      <![CDATA[java.lang.AssertionError: Environment Variable is NOT Set
at tests.utility.Hooks.ConfigFileReader(Hooks.java:70)
at tests.utility.Hooks.initWebDrivereStore(Hooks.java:150)
... Removed 1 stack frames]]>
    </failure>
  </testcase> <!-- runScenario -->
  <testcase classname="io.cucumber.testng.AbstractTestNGCucumberTests" name="runScenario" time="0.02">
    <failure type="java.lang.AssertionError" message="Environment Variable is NOT Set">
      <![CDATA[java.lang.AssertionError: Environment Variable is NOT Set
at tests.utility.Hooks.ConfigFileReader(Hooks.java:70)
at tests.utility.Hooks.initWebDrivereStore(Hooks.java:150)
... Removed 1 stack frames]]>
    </failure>
  </testcase> <!-- runScenario -->
  <testcase classname="io.cucumber.testng.AbstractTestNGCucumberTests" name="runScenario" time="0.02">
    <failure type="java.lang.AssertionError" message="Environment Variable is NOT Set">
      <![CDATA[java.lang.AssertionError: Environment Variable is NOT Set
at tests.utility.Hooks.ConfigFileReader(Hooks.java:70)
at tests.utility.Hooks.initWebDrivereStore(Hooks.java:150)
... Removed 1 stack frames]]>
    </failure>
  </testcase> <!-- runScenario -->
  <testcase classname="io.cucumber.testng.AbstractTestNGCucumberTests" name="runScenario" time="0.021">
    <failure type="java.lang.AssertionError" message="Environment Variable is NOT Set">
      <![CDATA[java.lang.AssertionError: Environment Variable is NOT Set
at tests.utility.Hooks.ConfigFileReader(Hooks.java:70)
at tests.utility.Hooks.initWebDrivereStore(Hooks.java:150)
... Removed 1 stack frames]]>
    </failure>
  </testcase> <!-- runScenario -->
  <testcase classname="io.cucumber.testng.AbstractTestNGCucumberTests" name="runScenario" time="0.02">
    <failure type="java.lang.AssertionError" message="Environment Variable is NOT Set">
      <![CDATA[java.lang.AssertionError: Environment Variable is NOT Set
at tests.utility.Hooks.ConfigFileReader(Hooks.java:70)
at tests.utility.Hooks.initWebDrivereStore(Hooks.java:150)
... Removed 1 stack frames]]>
    </failure>
  </testcase> <!-- runScenario -->
  <testcase classname="io.cucumber.testng.AbstractTestNGCucumberTests" name="runScenario" time="0.042">
    <failure type="java.lang.AssertionError" message="Environment Variable is NOT Set">
      <![CDATA[java.lang.AssertionError: Environment Variable is NOT Set
at tests.utility.Hooks.ConfigFileReader(Hooks.java:70)
at tests.utility.Hooks.initWebDrivereStore(Hooks.java:150)
... Removed 1 stack frames]]>
    </failure>
  </testcase> <!-- runScenario -->
  <testcase classname="io.cucumber.testng.AbstractTestNGCucumberTests" name="runScenario" time="0.02">
    <failure type="java.lang.AssertionError" message="Environment Variable is NOT Set">
      <![CDATA[java.lang.AssertionError: Environment Variable is NOT Set
at tests.utility.Hooks.ConfigFileReader(Hooks.java:70)
at tests.utility.Hooks.initWebDrivereStore(Hooks.java:150)
... Removed 1 stack frames]]>
    </failure>
  </testcase> <!-- runScenario -->
  <testcase classname="io.cucumber.testng.AbstractTestNGCucumberTests" name="runScenario" time="0.019">
    <failure type="java.lang.AssertionError" message="Environment Variable is NOT Set">
      <![CDATA[java.lang.AssertionError: Environment Variable is NOT Set
at tests.utility.Hooks.ConfigFileReader(Hooks.java:70)
at tests.utility.Hooks.initWebDrivereStore(Hooks.java:150)
... Removed 1 stack frames]]>
    </failure>
  </testcase> <!-- runScenario -->
  <testcase classname="io.cucumber.testng.AbstractTestNGCucumberTests" name="runScenario" time="0.02">
    <failure type="java.lang.AssertionError" message="Environment Variable is NOT Set">
      <![CDATA[java.lang.AssertionError: Environment Variable is NOT Set
at tests.utility.Hooks.ConfigFileReader(Hooks.java:70)
at tests.utility.Hooks.initWebDrivereStore(Hooks.java:150)
... Removed 1 stack frames]]>
    </failure>
  </testcase> <!-- runScenario -->
  <testcase classname="io.cucumber.testng.AbstractTestNGCucumberTests" name="runScenario" time="0.02">
    <failure type="java.lang.AssertionError" message="Environment Variable is NOT Set">
      <![CDATA[java.lang.AssertionError: Environment Variable is NOT Set
at tests.utility.Hooks.ConfigFileReader(Hooks.java:70)
at tests.utility.Hooks.initWebDrivereStore(Hooks.java:150)
... Removed 1 stack frames]]>
    </failure>
  </testcase> <!-- runScenario -->
  <testcase classname="io.cucumber.testng.AbstractTestNGCucumberTests" name="runScenario" time="0.021">
    <failure type="java.lang.AssertionError" message="Environment Variable is NOT Set">
      <![CDATA[java.lang.AssertionError: Environment Variable is NOT Set
at tests.utility.Hooks.ConfigFileReader(Hooks.java:70)
at tests.utility.Hooks.initWebDrivereStore(Hooks.java:150)
... Removed 1 stack frames]]>
    </failure>
  </testcase> <!-- runScenario -->
  <testcase classname="io.cucumber.testng.AbstractTestNGCucumberTests" name="runScenario" time="0.021">
    <failure type="java.lang.AssertionError" message="Environment Variable is NOT Set">
      <![CDATA[java.lang.AssertionError: Environment Variable is NOT Set
at tests.utility.Hooks.ConfigFileReader(Hooks.java:70)
at tests.utility.Hooks.initWebDrivereStore(Hooks.java:150)
... Removed 1 stack frames]]>
    </failure>
  </testcase> <!-- runScenario -->
  <testcase classname="io.cucumber.testng.AbstractTestNGCucumberTests" name="runScenario" time="0.02">
    <failure type="java.lang.AssertionError" message="Environment Variable is NOT Set">
      <![CDATA[java.lang.AssertionError: Environment Variable is NOT Set
at tests.utility.Hooks.ConfigFileReader(Hooks.java:70)
at tests.utility.Hooks.initWebDrivereStore(Hooks.java:150)
... Removed 1 stack frames]]>
    </failure>
  </testcase> <!-- runScenario -->
  <testcase classname="io.cucumber.testng.AbstractTestNGCucumberTests" name="runScenario" time="0.019">
    <failure type="java.lang.AssertionError" message="Environment Variable is NOT Set">
      <![CDATA[java.lang.AssertionError: Environment Variable is NOT Set
at tests.utility.Hooks.ConfigFileReader(Hooks.java:70)
at tests.utility.Hooks.initWebDrivereStore(Hooks.java:150)
... Removed 1 stack frames]]>
    </failure>
  </testcase> <!-- runScenario -->
  <testcase classname="io.cucumber.testng.AbstractTestNGCucumberTests" name="runScenario" time="0.019">
    <failure type="java.lang.AssertionError" message="Environment Variable is NOT Set">
      <![CDATA[java.lang.AssertionError: Environment Variable is NOT Set
at tests.utility.Hooks.ConfigFileReader(Hooks.java:70)
at tests.utility.Hooks.initWebDrivereStore(Hooks.java:150)
... Removed 1 stack frames]]>
    </failure>
  </testcase> <!-- runScenario -->
  <testcase classname="io.cucumber.testng.AbstractTestNGCucumberTests" name="runScenario" time="0.02">
    <failure type="java.lang.AssertionError" message="Environment Variable is NOT Set">
      <![CDATA[java.lang.AssertionError: Environment Variable is NOT Set
at tests.utility.Hooks.ConfigFileReader(Hooks.java:70)
at tests.utility.Hooks.initWebDrivereStore(Hooks.java:150)
... Removed 1 stack frames]]>
    </failure>
  </testcase> <!-- runScenario -->
  <testcase classname="io.cucumber.testng.AbstractTestNGCucumberTests" name="runScenario" time="0.019">
    <failure type="java.lang.AssertionError" message="Environment Variable is NOT Set">
      <![CDATA[java.lang.AssertionError: Environment Variable is NOT Set
at tests.utility.Hooks.ConfigFileReader(Hooks.java:70)
at tests.utility.Hooks.initWebDrivereStore(Hooks.java:150)
... Removed 1 stack frames]]>
    </failure>
  </testcase> <!-- runScenario -->
  <testcase classname="io.cucumber.testng.AbstractTestNGCucumberTests" name="runScenario" time="0.02">
    <failure type="java.lang.AssertionError" message="Environment Variable is NOT Set">
      <![CDATA[java.lang.AssertionError: Environment Variable is NOT Set
at tests.utility.Hooks.ConfigFileReader(Hooks.java:70)
at tests.utility.Hooks.initWebDrivereStore(Hooks.java:150)
... Removed 1 stack frames]]>
    </failure>
  </testcase> <!-- runScenario -->
  <testcase classname="io.cucumber.testng.AbstractTestNGCucumberTests" name="runScenario" time="0.019">
    <failure type="java.lang.AssertionError" message="Environment Variable is NOT Set">
      <![CDATA[java.lang.AssertionError: Environment Variable is NOT Set
at tests.utility.Hooks.ConfigFileReader(Hooks.java:70)
at tests.utility.Hooks.initWebDrivereStore(Hooks.java:150)
... Removed 1 stack frames]]>
    </failure>
  </testcase> <!-- runScenario -->
  <testcase classname="io.cucumber.testng.AbstractTestNGCucumberTests" name="runScenario" time="0.02">
    <failure type="java.lang.AssertionError" message="Environment Variable is NOT Set">
      <![CDATA[java.lang.AssertionError: Environment Variable is NOT Set
at tests.utility.Hooks.ConfigFileReader(Hooks.java:70)
at tests.utility.Hooks.initWebDrivereStore(Hooks.java:150)
... Removed 1 stack frames]]>
    </failure>
  </testcase> <!-- runScenario -->
  <testcase classname="io.cucumber.testng.AbstractTestNGCucumberTests" name="runScenario" time="0.02">
    <failure type="java.lang.AssertionError" message="Environment Variable is NOT Set">
      <![CDATA[java.lang.AssertionError: Environment Variable is NOT Set
at tests.utility.Hooks.ConfigFileReader(Hooks.java:70)
at tests.utility.Hooks.initWebDrivereStore(Hooks.java:150)
... Removed 1 stack frames]]>
    </failure>
  </testcase> <!-- runScenario -->
</testsuite> <!-- Test Run -->
