-------------------------------------------------------------------------------
Test set: TestSuite
-------------------------------------------------------------------------------
Tests run: 457, Failures: 457, Errors: 0, Skipped: 0, Time elapsed: 20.325 sec <<< FAILURE! - in TestSuite
runScenario(tests.runners.RunTest)  Time elapsed: 0.681 sec  <<< FAILURE!
java.lang.AssertionError: Environment Variable is NOT Set
	at org.testng.Assert.fail(Assert.java:110)
	at tests.utility.Hooks.ConfigFileReader(Hooks.java:69)
	at tests.utility.Hooks.initWebDriver(Hooks.java:159)

runScenario(tests.runners.RunTest)  Time elapsed: 0.097 sec  <<< FAILURE!
java.lang.AssertionError: Environment Variable is NOT Set
	at org.testng.Assert.fail(Assert.java:110)
	at tests.utility.Hooks.ConfigFileReader(Hooks.java:69)
	at tests.utility.Hooks.initWebDriver(Hooks.java:159)

runScenario(tests.runners.RunTest)  Time elapsed: 0.079 sec  <<< FAILURE!
java.lang.AssertionError: Environment Variable is NOT Set
	at org.testng.Assert.fail(Assert.java:110)
	at tests.utility.Hooks.ConfigFileReader(Hooks.java:69)
	at tests.utility.Hooks.initWebDriver(Hooks.java:159)

runScenario(tests.runners.RunTest)  Time elapsed: 0.065 sec  <<< FAILURE!
java.lang.AssertionError: Environment Variable is NOT Set
	at org.testng.Assert.fail(Assert.java:110)
	at tests.utility.Hooks.ConfigFileReader(Hooks.java:69)
	at tests.utility.Hooks.initWebDriver(Hooks.java:159)

runScenario(tests.runners.RunTest)  Time elapsed: 0.082 sec  <<< FAILURE!
java.lang.AssertionError: Environment Variable is NOT Set
	at org.testng.Assert.fail(Assert.java:110)
	at tests.utility.Hooks.ConfigFileReader(Hooks.java:69)
	at tests.utility.Hooks.initWebDriver(Hooks.java:159)

runScenario(tests.runners.RunTest)  Time elapsed: 0.067 sec  <<< FAILURE!
java.lang.AssertionError: Environment Variable is NOT Set
	at org.testng.Assert.fail(Assert.java:110)
	at tests.utility.Hooks.ConfigFileReader(Hooks.java:69)
	at tests.utility.Hooks.initWebDriver(Hooks.java:159)

runScenario(tests.runners.RunTest)  Time elapsed: 0.057 sec  <<< FAILURE!
java.lang.AssertionError: Environment Variable is NOT Set
	at org.testng.Assert.fail(Assert.java:110)
	at tests.utility.Hooks.ConfigFileReader(Hooks.java:69)
	at tests.utility.Hooks.initWebDriver(Hooks.java:159)

runScenario(tests.runners.RunTest)  Time elapsed: 0.059 sec  <<< FAILURE!
java.lang.AssertionError: Environment Variable is NOT Set
	at org.testng.Assert.fail(Assert.java:110)
	at tests.utility.Hooks.ConfigFileReader(Hooks.java:69)
	at tests.utility.Hooks.initWebDriver(Hooks.java:159)

runScenario(tests.runners.RunTest)  Time elapsed: 0.06 sec  <<< FAILURE!
java.lang.AssertionError: Environment Variable is NOT Set
	at org.testng.Assert.fail(Assert.java:110)
	at tests.utility.Hooks.ConfigFileReader(Hooks.java:69)
	at tests.utility.Hooks.initWebDriver(Hooks.java:159)

runScenario(tests.runners.RunTest)  Time elapsed: 0.067 sec  <<< FAILURE!
java.lang.AssertionError: Environment Variable is NOT Set
	at org.testng.Assert.fail(Assert.java:110)
	at tests.utility.Hooks.ConfigFileReader(Hooks.java:69)
	at tests.utility.Hooks.initWebDriver(Hooks.java:159)

runScenario(tests.runners.RunTest)  Time elapsed: 0.052 sec  <<< FAILURE!
java.lang.AssertionError: Environment Variable is NOT Set
	at org.testng.Assert.fail(Assert.java:110)
	at tests.utility.Hooks.ConfigFileReader(Hooks.java:69)
	at tests.utility.Hooks.initWebDriver(Hooks.java:159)

runScenario(tests.runners.RunTest)  Time elapsed: 0.042 sec  <<< FAILURE!
java.lang.AssertionError: Environment Variable is NOT Set
	at org.testng.Assert.fail(Assert.java:110)
	at tests.utility.Hooks.ConfigFileReader(Hooks.java:69)
	at tests.utility.Hooks.initWebDriver(Hooks.java:159)

runScenario(tests.runners.RunTest)  Time elapsed: 0.04 sec  <<< FAILURE!
java.lang.AssertionError: Environment Variable is NOT Set
	at org.testng.Assert.fail(Assert.java:110)
	at tests.utility.Hooks.ConfigFileReader(Hooks.java:69)
	at tests.utility.Hooks.initWebDriver(Hooks.java:159)

runScenario(tests.runners.RunTest)  Time elapsed: 0.043 sec  <<< FAILURE!
java.lang.AssertionError: Environment Variable is NOT Set
	at org.testng.Assert.fail(Assert.java:110)
	at tests.utility.Hooks.ConfigFileReader(Hooks.java:69)
	at tests.utility.Hooks.initWebDriver(Hooks.java:159)

runScenario(tests.runners.RunTest)  Time elapsed: 0.041 sec  <<< FAILURE!
java.lang.AssertionError: Environment Variable is NOT Set
	at org.testng.Assert.fail(Assert.java:110)
	at tests.utility.Hooks.ConfigFileReader(Hooks.java:69)
	at tests.utility.Hooks.initWebDriver(Hooks.java:159)

runScenario(tests.runners.RunTest)  Time elapsed: 0.055 sec  <<< FAILURE!
java.lang.AssertionError: Environment Variable is NOT Set
	at org.testng.Assert.fail(Assert.java:110)
	at tests.utility.Hooks.ConfigFileReader(Hooks.java:69)
	at tests.utility.Hooks.initWebDriver(Hooks.java:159)

runScenario(tests.runners.RunTest)  Time elapsed: 0.059 sec  <<< FAILURE!
java.lang.AssertionError: Environment Variable is NOT Set
	at org.testng.Assert.fail(Assert.java:110)
	at tests.utility.Hooks.ConfigFileReader(Hooks.java:69)
	at tests.utility.Hooks.initWebDriver(Hooks.java:159)

runScenario(tests.runners.RunTest)  Time elapsed: 0.045 sec  <<< FAILURE!
java.lang.AssertionError: Environment Variable is NOT Set
	at org.testng.Assert.fail(Assert.java:110)
	at tests.utility.Hooks.ConfigFileReader(Hooks.java:69)
	at tests.utility.Hooks.initWebDriver(Hooks.java:159)

runScenario(tests.runners.RunTest)  Time elapsed: 0.045 sec  <<< FAILURE!
java.lang.AssertionError: Environment Variable is NOT Set
	at org.testng.Assert.fail(Assert.java:110)
	at tests.utility.Hooks.ConfigFileReader(Hooks.java:69)
	at tests.utility.Hooks.initWebDriver(Hooks.java:159)

runScenario(tests.runners.RunTest)  Time elapsed: 0.047 sec  <<< FAILURE!
java.lang.AssertionError: Environment Variable is NOT Set
	at org.testng.Assert.fail(Assert.java:110)
	at tests.utility.Hooks.ConfigFileReader(Hooks.java:69)
	at tests.utility.Hooks.initWebDriver(Hooks.java:159)

runScenario(tests.runners.RunTest)  Time elapsed: 0.039 sec  <<< FAILURE!
java.lang.AssertionError: Environment Variable is NOT Set
	at org.testng.Assert.fail(Assert.java:110)
	at tests.utility.Hooks.ConfigFileReader(Hooks.java:69)
	at tests.utility.Hooks.initWebDriver(Hooks.java:159)

runScenario(tests.runners.RunTest)  Time elapsed: 0.043 sec  <<< FAILURE!
java.lang.AssertionError: Environment Variable is NOT Set
	at org.testng.Assert.fail(Assert.java:110)
	at tests.utility.Hooks.ConfigFileReader(Hooks.java:69)
	at tests.utility.Hooks.initWebDriver(Hooks.java:159)

runScenario(tests.runners.RunTest)  Time elapsed: 0.039 sec  <<< FAILURE!
java.lang.AssertionError: Environment Variable is NOT Set
	at org.testng.Assert.fail(Assert.java:110)
	at tests.utility.Hooks.ConfigFileReader(Hooks.java:69)
	at tests.utility.Hooks.initWebDriver(Hooks.java:159)

runScenario(tests.runners.RunTest)  Time elapsed: 0.044 sec  <<< FAILURE!
java.lang.AssertionError: Environment Variable is NOT Set
	at org.testng.Assert.fail(Assert.java:110)
	at tests.utility.Hooks.ConfigFileReader(Hooks.java:69)
	at tests.utility.Hooks.initWebDriver(Hooks.java:159)

runScenario(tests.runners.RunTest)  Time elapsed: 0.041 sec  <<< FAILURE!
java.lang.AssertionError: Environment Variable is NOT Set
	at org.testng.Assert.fail(Assert.java:110)
	at tests.utility.Hooks.ConfigFileReader(Hooks.java:69)
	at tests.utility.Hooks.initWebDriver(Hooks.java:159)

runScenario(tests.runners.RunTest)  Time elapsed: 0.034 sec  <<< FAILURE!
java.lang.AssertionError: Environment Variable is NOT Set
	at org.testng.Assert.fail(Assert.java:110)
	at tests.utility.Hooks.ConfigFileReader(Hooks.java:69)
	at tests.utility.Hooks.initWebDriver(Hooks.java:159)

runScenario(tests.runners.RunTest)  Time elapsed: 0.033 sec  <<< FAILURE!
java.lang.AssertionError: Environment Variable is NOT Set
	at org.testng.Assert.fail(Assert.java:110)
	at tests.utility.Hooks.ConfigFileReader(Hooks.java:69)
	at tests.utility.Hooks.initWebDriver(Hooks.java:159)

runScenario(tests.runners.RunTest)  Time elapsed: 0.035 sec  <<< FAILURE!
java.lang.AssertionError: Environment Variable is NOT Set
	at org.testng.Assert.fail(Assert.java:110)
	at tests.utility.Hooks.ConfigFileReader(Hooks.java:69)
	at tests.utility.Hooks.initWebDriver(Hooks.java:159)

runScenario(tests.runners.RunTest)  Time elapsed: 0.038 sec  <<< FAILURE!
java.lang.AssertionError: Environment Variable is NOT Set
	at org.testng.Assert.fail(Assert.java:110)
	at tests.utility.Hooks.ConfigFileReader(Hooks.java:69)
	at tests.utility.Hooks.initWebDriver(Hooks.java:159)

runScenario(tests.runners.RunTest)  Time elapsed: 0.037 sec  <<< FAILURE!
java.lang.AssertionError: Environment Variable is NOT Set
	at org.testng.Assert.fail(Assert.java:110)
	at tests.utility.Hooks.ConfigFileReader(Hooks.java:69)
	at tests.utility.Hooks.initWebDriver(Hooks.java:159)

runScenario(tests.runners.RunTest)  Time elapsed: 0.037 sec  <<< FAILURE!
java.lang.AssertionError: Environment Variable is NOT Set
	at org.testng.Assert.fail(Assert.java:110)
	at tests.utility.Hooks.ConfigFileReader(Hooks.java:69)
	at tests.utility.Hooks.initWebDriver(Hooks.java:159)

runScenario(tests.runners.RunTest)  Time elapsed: 0.036 sec  <<< FAILURE!
java.lang.AssertionError: Environment Variable is NOT Set
	at org.testng.Assert.fail(Assert.java:110)
	at tests.utility.Hooks.ConfigFileReader(Hooks.java:69)
	at tests.utility.Hooks.initWebDriver(Hooks.java:159)

runScenario(tests.runners.RunTest)  Time elapsed: 0.038 sec  <<< FAILURE!
java.lang.AssertionError: Environment Variable is NOT Set
	at org.testng.Assert.fail(Assert.java:110)
	at tests.utility.Hooks.ConfigFileReader(Hooks.java:69)
	at tests.utility.Hooks.initWebDriver(Hooks.java:159)

runScenario(tests.runners.RunTest)  Time elapsed: 0.031 sec  <<< FAILURE!
java.lang.AssertionError: Environment Variable is NOT Set
	at org.testng.Assert.fail(Assert.java:110)
	at tests.utility.Hooks.ConfigFileReader(Hooks.java:69)
	at tests.utility.Hooks.initWebDriver(Hooks.java:159)

runScenario(tests.runners.RunTest)  Time elapsed: 0.036 sec  <<< FAILURE!
java.lang.AssertionError: Environment Variable is NOT Set
	at org.testng.Assert.fail(Assert.java:110)
	at tests.utility.Hooks.ConfigFileReader(Hooks.java:69)
	at tests.utility.Hooks.initWebDriver(Hooks.java:159)

runScenario(tests.runners.RunTest)  Time elapsed: 0.043 sec  <<< FAILURE!
java.lang.AssertionError: Environment Variable is NOT Set
	at org.testng.Assert.fail(Assert.java:110)
	at tests.utility.Hooks.ConfigFileReader(Hooks.java:69)
	at tests.utility.Hooks.initWebDriver(Hooks.java:159)

runScenario(tests.runners.RunTest)  Time elapsed: 0.038 sec  <<< FAILURE!
java.lang.AssertionError: Environment Variable is NOT Set
	at org.testng.Assert.fail(Assert.java:110)
	at tests.utility.Hooks.ConfigFileReader(Hooks.java:69)
	at tests.utility.Hooks.initWebDriver(Hooks.java:159)

runScenario(tests.runners.RunTest)  Time elapsed: 0.03 sec  <<< FAILURE!
java.lang.AssertionError: Environment Variable is NOT Set
	at org.testng.Assert.fail(Assert.java:110)
	at tests.utility.Hooks.ConfigFileReader(Hooks.java:69)
	at tests.utility.Hooks.initWebDriver(Hooks.java:159)

runScenario(tests.runners.RunTest)  Time elapsed: 0.037 sec  <<< FAILURE!
java.lang.AssertionError: Environment Variable is NOT Set
	at org.testng.Assert.fail(Assert.java:110)
	at tests.utility.Hooks.ConfigFileReader(Hooks.java:69)
	at tests.utility.Hooks.initWebDriver(Hooks.java:159)

runScenario(tests.runners.RunTest)  Time elapsed: 0.031 sec  <<< FAILURE!
java.lang.AssertionError: Environment Variable is NOT Set
	at org.testng.Assert.fail(Assert.java:110)
	at tests.utility.Hooks.ConfigFileReader(Hooks.java:69)
	at tests.utility.Hooks.initWebDriver(Hooks.java:159)

runScenario(tests.runners.RunTest)  Time elapsed: 0.032 sec  <<< FAILURE!
java.lang.AssertionError: Environment Variable is NOT Set
	at org.testng.Assert.fail(Assert.java:110)
	at tests.utility.Hooks.ConfigFileReader(Hooks.java:69)
	at tests.utility.Hooks.initWebDriver(Hooks.java:159)

runScenario(tests.runners.RunTest)  Time elapsed: 0.033 sec  <<< FAILURE!
java.lang.AssertionError: Environment Variable is NOT Set
	at org.testng.Assert.fail(Assert.java:110)
	at tests.utility.Hooks.ConfigFileReader(Hooks.java:69)
	at tests.utility.Hooks.initWebDriver(Hooks.java:159)

runScenario(tests.runners.RunTest)  Time elapsed: 0.062 sec  <<< FAILURE!
java.lang.AssertionError: Environment Variable is NOT Set
	at org.testng.Assert.fail(Assert.java:110)
	at tests.utility.Hooks.ConfigFileReader(Hooks.java:69)
	at tests.utility.Hooks.initWebDriver(Hooks.java:159)

runScenario(tests.runners.RunTest)  Time elapsed: 0.034 sec  <<< FAILURE!
java.lang.AssertionError: Environment Variable is NOT Set
	at org.testng.Assert.fail(Assert.java:110)
	at tests.utility.Hooks.ConfigFileReader(Hooks.java:69)
	at tests.utility.Hooks.initWebDriver(Hooks.java:159)

runScenario(tests.runners.RunTest)  Time elapsed: 0.038 sec  <<< FAILURE!
java.lang.AssertionError: Environment Variable is NOT Set
	at org.testng.Assert.fail(Assert.java:110)
	at tests.utility.Hooks.ConfigFileReader(Hooks.java:69)
	at tests.utility.Hooks.initWebDriver(Hooks.java:159)

runScenario(tests.runners.RunTest)  Time elapsed: 0.032 sec  <<< FAILURE!
java.lang.AssertionError: Environment Variable is NOT Set
	at org.testng.Assert.fail(Assert.java:110)
	at tests.utility.Hooks.ConfigFileReader(Hooks.java:69)
	at tests.utility.Hooks.initWebDriver(Hooks.java:159)

runScenario(tests.runners.RunTest)  Time elapsed: 0.033 sec  <<< FAILURE!
java.lang.AssertionError: Environment Variable is NOT Set
	at org.testng.Assert.fail(Assert.java:110)
	at tests.utility.Hooks.ConfigFileReader(Hooks.java:69)
	at tests.utility.Hooks.initWebDriver(Hooks.java:159)

runScenario(tests.runners.RunTest)  Time elapsed: 0.034 sec  <<< FAILURE!
java.lang.AssertionError: Environment Variable is NOT Set
	at org.testng.Assert.fail(Assert.java:110)
	at tests.utility.Hooks.ConfigFileReader(Hooks.java:69)
	at tests.utility.Hooks.initWebDriver(Hooks.java:159)

runScenario(tests.runners.RunTest)  Time elapsed: 0.034 sec  <<< FAILURE!
java.lang.AssertionError: Environment Variable is NOT Set
	at org.testng.Assert.fail(Assert.java:110)
	at tests.utility.Hooks.ConfigFileReader(Hooks.java:69)
	at tests.utility.Hooks.initWebDriver(Hooks.java:159)

runScenario(tests.runners.RunTest)  Time elapsed: 0.037 sec  <<< FAILURE!
java.lang.AssertionError: Environment Variable is NOT Set
	at org.testng.Assert.fail(Assert.java:110)
	at tests.utility.Hooks.ConfigFileReader(Hooks.java:69)
	at tests.utility.Hooks.initWebDriver(Hooks.java:159)

runScenario(tests.runners.RunTest)  Time elapsed: 0.042 sec  <<< FAILURE!
java.lang.AssertionError: Environment Variable is NOT Set
	at org.testng.Assert.fail(Assert.java:110)
	at tests.utility.Hooks.ConfigFileReader(Hooks.java:69)
	at tests.utility.Hooks.initWebDriver(Hooks.java:159)

runScenario(tests.runners.RunTest)  Time elapsed: 0.031 sec  <<< FAILURE!
java.lang.AssertionError: Environment Variable is NOT Set
	at org.testng.Assert.fail(Assert.java:110)
	at tests.utility.Hooks.ConfigFileReader(Hooks.java:69)
	at tests.utility.Hooks.initWebDriver(Hooks.java:159)

runScenario(tests.runners.RunTest)  Time elapsed: 0.032 sec  <<< FAILURE!
java.lang.AssertionError: Environment Variable is NOT Set
	at org.testng.Assert.fail(Assert.java:110)
	at tests.utility.Hooks.ConfigFileReader(Hooks.java:69)
	at tests.utility.Hooks.initWebDriver(Hooks.java:159)

runScenario(tests.runners.RunTest)  Time elapsed: 0.031 sec  <<< FAILURE!
java.lang.AssertionError: Environment Variable is NOT Set
	at org.testng.Assert.fail(Assert.java:110)
	at tests.utility.Hooks.ConfigFileReader(Hooks.java:69)
	at tests.utility.Hooks.initWebDriver(Hooks.java:159)

runScenario(tests.runners.RunTest)  Time elapsed: 0.036 sec  <<< FAILURE!
java.lang.AssertionError: Environment Variable is NOT Set
	at org.testng.Assert.fail(Assert.java:110)
	at tests.utility.Hooks.ConfigFileReader(Hooks.java:69)
	at tests.utility.Hooks.initWebDriver(Hooks.java:159)

runScenario(tests.runners.RunTest)  Time elapsed: 0.035 sec  <<< FAILURE!
java.lang.AssertionError: Environment Variable is NOT Set
	at org.testng.Assert.fail(Assert.java:110)
	at tests.utility.Hooks.ConfigFileReader(Hooks.java:69)
	at tests.utility.Hooks.initWebDriver(Hooks.java:159)

runScenario(tests.runners.RunTest)  Time elapsed: 0.038 sec  <<< FAILURE!
java.lang.AssertionError: Environment Variable is NOT Set
	at org.testng.Assert.fail(Assert.java:110)
	at tests.utility.Hooks.ConfigFileReader(Hooks.java:69)
	at tests.utility.Hooks.initWebDriver(Hooks.java:159)

runScenario(tests.runners.RunTest)  Time elapsed: 0.032 sec  <<< FAILURE!
java.lang.AssertionError: Environment Variable is NOT Set
	at org.testng.Assert.fail(Assert.java:110)
	at tests.utility.Hooks.ConfigFileReader(Hooks.java:69)
	at tests.utility.Hooks.initWebDriver(Hooks.java:159)

runScenario(tests.runners.RunTest)  Time elapsed: 0.037 sec  <<< FAILURE!
java.lang.AssertionError: Environment Variable is NOT Set
	at org.testng.Assert.fail(Assert.java:110)
	at tests.utility.Hooks.ConfigFileReader(Hooks.java:69)
	at tests.utility.Hooks.initWebDriver(Hooks.java:159)

runScenario(tests.runners.RunTest)  Time elapsed: 0.038 sec  <<< FAILURE!
java.lang.AssertionError: Environment Variable is NOT Set
	at org.testng.Assert.fail(Assert.java:110)
	at tests.utility.Hooks.ConfigFileReader(Hooks.java:69)
	at tests.utility.Hooks.initWebDriver(Hooks.java:159)

runScenario(tests.runners.RunTest)  Time elapsed: 0.034 sec  <<< FAILURE!
java.lang.AssertionError: Environment Variable is NOT Set
	at org.testng.Assert.fail(Assert.java:110)
	at tests.utility.Hooks.ConfigFileReader(Hooks.java:69)
	at tests.utility.Hooks.initWebDriver(Hooks.java:159)

runScenario(tests.runners.RunTest)  Time elapsed: 0.034 sec  <<< FAILURE!
java.lang.AssertionError: Environment Variable is NOT Set
	at org.testng.Assert.fail(Assert.java:110)
	at tests.utility.Hooks.ConfigFileReader(Hooks.java:69)
	at tests.utility.Hooks.initWebDriver(Hooks.java:159)

runScenario(tests.runners.RunTest)  Time elapsed: 0.031 sec  <<< FAILURE!
java.lang.AssertionError: Environment Variable is NOT Set
	at org.testng.Assert.fail(Assert.java:110)
	at tests.utility.Hooks.ConfigFileReader(Hooks.java:69)
	at tests.utility.Hooks.initWebDriver(Hooks.java:159)

runScenario(tests.runners.RunTest)  Time elapsed: 0.031 sec  <<< FAILURE!
java.lang.AssertionError: Environment Variable is NOT Set
	at org.testng.Assert.fail(Assert.java:110)
	at tests.utility.Hooks.ConfigFileReader(Hooks.java:69)
	at tests.utility.Hooks.initWebDriver(Hooks.java:159)

runScenario(tests.runners.RunTest)  Time elapsed: 0.038 sec  <<< FAILURE!
java.lang.AssertionError: Environment Variable is NOT Set
	at org.testng.Assert.fail(Assert.java:110)
	at tests.utility.Hooks.ConfigFileReader(Hooks.java:69)
	at tests.utility.Hooks.initWebDriver(Hooks.java:159)

runScenario(tests.runners.RunTest)  Time elapsed: 0.032 sec  <<< FAILURE!
java.lang.AssertionError: Environment Variable is NOT Set
	at org.testng.Assert.fail(Assert.java:110)
	at tests.utility.Hooks.ConfigFileReader(Hooks.java:69)
	at tests.utility.Hooks.initWebDriver(Hooks.java:159)

runScenario(tests.runners.RunTest)  Time elapsed: 0.032 sec  <<< FAILURE!
java.lang.AssertionError: Environment Variable is NOT Set
	at org.testng.Assert.fail(Assert.java:110)
	at tests.utility.Hooks.ConfigFileReader(Hooks.java:69)
	at tests.utility.Hooks.initWebDriver(Hooks.java:159)

runScenario(tests.runners.RunTest)  Time elapsed: 0.035 sec  <<< FAILURE!
java.lang.AssertionError: Environment Variable is NOT Set
	at org.testng.Assert.fail(Assert.java:110)
	at tests.utility.Hooks.ConfigFileReader(Hooks.java:69)
	at tests.utility.Hooks.initWebDriver(Hooks.java:159)

runScenario(tests.runners.RunTest)  Time elapsed: 0.033 sec  <<< FAILURE!
java.lang.AssertionError: Environment Variable is NOT Set
	at org.testng.Assert.fail(Assert.java:110)
	at tests.utility.Hooks.ConfigFileReader(Hooks.java:69)
	at tests.utility.Hooks.initWebDriver(Hooks.java:159)

runScenario(tests.runners.RunTest)  Time elapsed: 0.029 sec  <<< FAILURE!
java.lang.AssertionError: Environment Variable is NOT Set
	at org.testng.Assert.fail(Assert.java:110)
	at tests.utility.Hooks.ConfigFileReader(Hooks.java:69)
	at tests.utility.Hooks.initWebDriver(Hooks.java:159)

runScenario(tests.runners.RunTest)  Time elapsed: 0.03 sec  <<< FAILURE!
java.lang.AssertionError: Environment Variable is NOT Set
	at org.testng.Assert.fail(Assert.java:110)
	at tests.utility.Hooks.ConfigFileReader(Hooks.java:69)
	at tests.utility.Hooks.initWebDriver(Hooks.java:159)

runScenario(tests.runners.RunTest)  Time elapsed: 0.038 sec  <<< FAILURE!
java.lang.AssertionError: Environment Variable is NOT Set
	at org.testng.Assert.fail(Assert.java:110)
	at tests.utility.Hooks.ConfigFileReader(Hooks.java:69)
	at tests.utility.Hooks.initWebDriver(Hooks.java:159)

runScenario(tests.runners.RunTest)  Time elapsed: 0.029 sec  <<< FAILURE!
java.lang.AssertionError: Environment Variable is NOT Set
	at org.testng.Assert.fail(Assert.java:110)
	at tests.utility.Hooks.ConfigFileReader(Hooks.java:69)
	at tests.utility.Hooks.initWebDriver(Hooks.java:159)

runScenario(tests.runners.RunTest)  Time elapsed: 0.031 sec  <<< FAILURE!
java.lang.AssertionError: Environment Variable is NOT Set
	at org.testng.Assert.fail(Assert.java:110)
	at tests.utility.Hooks.ConfigFileReader(Hooks.java:69)
	at tests.utility.Hooks.initWebDriver(Hooks.java:159)

runScenario(tests.runners.RunTest)  Time elapsed: 0.034 sec  <<< FAILURE!
java.lang.AssertionError: Environment Variable is NOT Set
	at org.testng.Assert.fail(Assert.java:110)
	at tests.utility.Hooks.ConfigFileReader(Hooks.java:69)
	at tests.utility.Hooks.initWebDriver(Hooks.java:159)

runScenario(tests.runners.RunTest)  Time elapsed: 0.035 sec  <<< FAILURE!
java.lang.AssertionError: Environment Variable is NOT Set
	at org.testng.Assert.fail(Assert.java:110)
	at tests.utility.Hooks.ConfigFileReader(Hooks.java:69)
	at tests.utility.Hooks.initWebDriver(Hooks.java:159)

runScenario(tests.runners.RunTest)  Time elapsed: 0.03 sec  <<< FAILURE!
java.lang.AssertionError: Environment Variable is NOT Set
	at org.testng.Assert.fail(Assert.java:110)
	at tests.utility.Hooks.ConfigFileReader(Hooks.java:69)
	at tests.utility.Hooks.initWebDriver(Hooks.java:159)

runScenario(tests.runners.RunTest)  Time elapsed: 0.031 sec  <<< FAILURE!
java.lang.AssertionError: Environment Variable is NOT Set
	at org.testng.Assert.fail(Assert.java:110)
	at tests.utility.Hooks.ConfigFileReader(Hooks.java:69)
	at tests.utility.Hooks.initWebDriver(Hooks.java:159)

runScenario(tests.runners.RunTest)  Time elapsed: 0.033 sec  <<< FAILURE!
java.lang.AssertionError: Environment Variable is NOT Set
	at org.testng.Assert.fail(Assert.java:110)
	at tests.utility.Hooks.ConfigFileReader(Hooks.java:69)
	at tests.utility.Hooks.initWebDriver(Hooks.java:159)

runScenario(tests.runners.RunTest)  Time elapsed: 0.039 sec  <<< FAILURE!
java.lang.AssertionError: Environment Variable is NOT Set
	at org.testng.Assert.fail(Assert.java:110)
	at tests.utility.Hooks.ConfigFileReader(Hooks.java:69)
	at tests.utility.Hooks.initWebDriver(Hooks.java:159)

runScenario(tests.runners.RunTest)  Time elapsed: 0.03 sec  <<< FAILURE!
java.lang.AssertionError: Environment Variable is NOT Set
	at org.testng.Assert.fail(Assert.java:110)
	at tests.utility.Hooks.ConfigFileReader(Hooks.java:69)
	at tests.utility.Hooks.initWebDriver(Hooks.java:159)

runScenario(tests.runners.RunTest)  Time elapsed: 0.036 sec  <<< FAILURE!
java.lang.AssertionError: Environment Variable is NOT Set
	at org.testng.Assert.fail(Assert.java:110)
	at tests.utility.Hooks.ConfigFileReader(Hooks.java:69)
	at tests.utility.Hooks.initWebDriver(Hooks.java:159)

runScenario(tests.runners.RunTest)  Time elapsed: 0.037 sec  <<< FAILURE!
java.lang.AssertionError: Environment Variable is NOT Set
	at org.testng.Assert.fail(Assert.java:110)
	at tests.utility.Hooks.ConfigFileReader(Hooks.java:69)
	at tests.utility.Hooks.initWebDriver(Hooks.java:159)

runScenario(tests.runners.RunTest)  Time elapsed: 0.03 sec  <<< FAILURE!
java.lang.AssertionError: Environment Variable is NOT Set
	at org.testng.Assert.fail(Assert.java:110)
	at tests.utility.Hooks.ConfigFileReader(Hooks.java:69)
	at tests.utility.Hooks.initWebDriver(Hooks.java:159)

runScenario(tests.runners.RunTest)  Time elapsed: 0.031 sec  <<< FAILURE!
java.lang.AssertionError: Environment Variable is NOT Set
	at org.testng.Assert.fail(Assert.java:110)
	at tests.utility.Hooks.ConfigFileReader(Hooks.java:69)
	at tests.utility.Hooks.initWebDriver(Hooks.java:159)

runScenario(tests.runners.RunTest)  Time elapsed: 0.032 sec  <<< FAILURE!
java.lang.AssertionError: Environment Variable is NOT Set
	at org.testng.Assert.fail(Assert.java:110)
	at tests.utility.Hooks.ConfigFileReader(Hooks.java:69)
	at tests.utility.Hooks.initWebDriver(Hooks.java:159)

runScenario(tests.runners.RunTest)  Time elapsed: 0.039 sec  <<< FAILURE!
java.lang.AssertionError: Environment Variable is NOT Set
	at org.testng.Assert.fail(Assert.java:110)
	at tests.utility.Hooks.ConfigFileReader(Hooks.java:69)
	at tests.utility.Hooks.initWebDriver(Hooks.java:159)

runScenario(tests.runners.RunTest)  Time elapsed: 0.035 sec  <<< FAILURE!
java.lang.AssertionError: Environment Variable is NOT Set
	at org.testng.Assert.fail(Assert.java:110)
	at tests.utility.Hooks.ConfigFileReader(Hooks.java:69)
	at tests.utility.Hooks.initWebDriver(Hooks.java:159)

runScenario(tests.runners.RunTest)  Time elapsed: 0.042 sec  <<< FAILURE!
java.lang.AssertionError: Environment Variable is NOT Set
	at org.testng.Assert.fail(Assert.java:110)
	at tests.utility.Hooks.ConfigFileReader(Hooks.java:69)
	at tests.utility.Hooks.initWebDriver(Hooks.java:159)

runScenario(tests.runners.RunTest)  Time elapsed: 0.037 sec  <<< FAILURE!
java.lang.AssertionError: Environment Variable is NOT Set
	at org.testng.Assert.fail(Assert.java:110)
	at tests.utility.Hooks.ConfigFileReader(Hooks.java:69)
	at tests.utility.Hooks.initWebDriver(Hooks.java:159)

runScenario(tests.runners.RunTest)  Time elapsed: 0.031 sec  <<< FAILURE!
java.lang.AssertionError: Environment Variable is NOT Set
	at org.testng.Assert.fail(Assert.java:110)
	at tests.utility.Hooks.ConfigFileReader(Hooks.java:69)
	at tests.utility.Hooks.initWebDriver(Hooks.java:159)

runScenario(tests.runners.RunTest)  Time elapsed: 0.037 sec  <<< FAILURE!
java.lang.AssertionError: Environment Variable is NOT Set
	at org.testng.Assert.fail(Assert.java:110)
	at tests.utility.Hooks.ConfigFileReader(Hooks.java:69)
	at tests.utility.Hooks.initWebDriver(Hooks.java:159)

runScenario(tests.runners.RunTest)  Time elapsed: 0.033 sec  <<< FAILURE!
java.lang.AssertionError: Environment Variable is NOT Set
	at org.testng.Assert.fail(Assert.java:110)
	at tests.utility.Hooks.ConfigFileReader(Hooks.java:69)
	at tests.utility.Hooks.initWebDriver(Hooks.java:159)

runScenario(tests.runners.RunTest)  Time elapsed: 0.034 sec  <<< FAILURE!
java.lang.AssertionError: Environment Variable is NOT Set
	at org.testng.Assert.fail(Assert.java:110)
	at tests.utility.Hooks.ConfigFileReader(Hooks.java:69)
	at tests.utility.Hooks.initWebDriver(Hooks.java:159)

runScenario(tests.runners.RunTest)  Time elapsed: 0.036 sec  <<< FAILURE!
java.lang.AssertionError: Environment Variable is NOT Set
	at org.testng.Assert.fail(Assert.java:110)
	at tests.utility.Hooks.ConfigFileReader(Hooks.java:69)
	at tests.utility.Hooks.initWebDriver(Hooks.java:159)

runScenario(tests.runners.RunTest)  Time elapsed: 0.034 sec  <<< FAILURE!
java.lang.AssertionError: Environment Variable is NOT Set
	at org.testng.Assert.fail(Assert.java:110)
	at tests.utility.Hooks.ConfigFileReader(Hooks.java:69)
	at tests.utility.Hooks.initWebDriver(Hooks.java:159)

runScenario(tests.runners.RunTest)  Time elapsed: 0.125 sec  <<< FAILURE!
java.lang.AssertionError: Environment Variable is NOT Set
	at org.testng.Assert.fail(Assert.java:110)
	at tests.utility.Hooks.ConfigFileReader(Hooks.java:69)
	at tests.utility.Hooks.initWebDriver(Hooks.java:159)

runScenario(tests.runners.RunTest)  Time elapsed: 0.035 sec  <<< FAILURE!
java.lang.AssertionError: Environment Variable is NOT Set
	at org.testng.Assert.fail(Assert.java:110)
	at tests.utility.Hooks.ConfigFileReader(Hooks.java:69)
	at tests.utility.Hooks.initWebDriver(Hooks.java:159)

runScenario(tests.runners.RunTest)  Time elapsed: 0.031 sec  <<< FAILURE!
java.lang.AssertionError: Environment Variable is NOT Set
	at org.testng.Assert.fail(Assert.java:110)
	at tests.utility.Hooks.ConfigFileReader(Hooks.java:69)
	at tests.utility.Hooks.initWebDriver(Hooks.java:159)

runScenario(tests.runners.RunTest)  Time elapsed: 0.031 sec  <<< FAILURE!
java.lang.AssertionError: Environment Variable is NOT Set
	at org.testng.Assert.fail(Assert.java:110)
	at tests.utility.Hooks.ConfigFileReader(Hooks.java:69)
	at tests.utility.Hooks.initWebDriver(Hooks.java:159)

runScenario(tests.runners.RunTest)  Time elapsed: 0.033 sec  <<< FAILURE!
java.lang.AssertionError: Environment Variable is NOT Set
	at org.testng.Assert.fail(Assert.java:110)
	at tests.utility.Hooks.ConfigFileReader(Hooks.java:69)
	at tests.utility.Hooks.initWebDriver(Hooks.java:159)

runScenario(tests.runners.RunTest)  Time elapsed: 0.032 sec  <<< FAILURE!
java.lang.AssertionError: Environment Variable is NOT Set
	at org.testng.Assert.fail(Assert.java:110)
	at tests.utility.Hooks.ConfigFileReader(Hooks.java:69)
	at tests.utility.Hooks.initWebDriver(Hooks.java:159)

runScenario(tests.runners.RunTest)  Time elapsed: 0.035 sec  <<< FAILURE!
java.lang.AssertionError: Environment Variable is NOT Set
	at org.testng.Assert.fail(Assert.java:110)
	at tests.utility.Hooks.ConfigFileReader(Hooks.java:69)
	at tests.utility.Hooks.initWebDriver(Hooks.java:159)

runScenario(tests.runners.RunTest)  Time elapsed: 0.032 sec  <<< FAILURE!
java.lang.AssertionError: Environment Variable is NOT Set
	at org.testng.Assert.fail(Assert.java:110)
	at tests.utility.Hooks.ConfigFileReader(Hooks.java:69)
	at tests.utility.Hooks.initWebDriver(Hooks.java:159)

runScenario(tests.runners.RunTest)  Time elapsed: 0.035 sec  <<< FAILURE!
java.lang.AssertionError: Environment Variable is NOT Set
	at org.testng.Assert.fail(Assert.java:110)
	at tests.utility.Hooks.ConfigFileReader(Hooks.java:69)
	at tests.utility.Hooks.initWebDriver(Hooks.java:159)

runScenario(tests.runners.RunTest)  Time elapsed: 0.043 sec  <<< FAILURE!
java.lang.AssertionError: Environment Variable is NOT Set
	at org.testng.Assert.fail(Assert.java:110)
	at tests.utility.Hooks.ConfigFileReader(Hooks.java:69)
	at tests.utility.Hooks.initWebDriver(Hooks.java:159)

runScenario(tests.runners.RunTest)  Time elapsed: 0.033 sec  <<< FAILURE!
java.lang.AssertionError: Environment Variable is NOT Set
	at org.testng.Assert.fail(Assert.java:110)
	at tests.utility.Hooks.ConfigFileReader(Hooks.java:69)
	at tests.utility.Hooks.initWebDriver(Hooks.java:159)

runScenario(tests.runners.RunTest)  Time elapsed: 0.032 sec  <<< FAILURE!
java.lang.AssertionError: Environment Variable is NOT Set
	at org.testng.Assert.fail(Assert.java:110)
	at tests.utility.Hooks.ConfigFileReader(Hooks.java:69)
	at tests.utility.Hooks.initWebDriver(Hooks.java:159)

runScenario(tests.runners.RunTest)  Time elapsed: 0.034 sec  <<< FAILURE!
java.lang.AssertionError: Environment Variable is NOT Set
	at org.testng.Assert.fail(Assert.java:110)
	at tests.utility.Hooks.ConfigFileReader(Hooks.java:69)
	at tests.utility.Hooks.initWebDriver(Hooks.java:159)

runScenario(tests.runners.RunTest)  Time elapsed: 0.03 sec  <<< FAILURE!
java.lang.AssertionError: Environment Variable is NOT Set
	at org.testng.Assert.fail(Assert.java:110)
	at tests.utility.Hooks.ConfigFileReader(Hooks.java:69)
	at tests.utility.Hooks.initWebDriver(Hooks.java:159)

runScenario(tests.runners.RunTest)  Time elapsed: 0.031 sec  <<< FAILURE!
java.lang.AssertionError: Environment Variable is NOT Set
	at org.testng.Assert.fail(Assert.java:110)
	at tests.utility.Hooks.ConfigFileReader(Hooks.java:69)
	at tests.utility.Hooks.initWebDriver(Hooks.java:159)

runScenario(tests.runners.RunTest)  Time elapsed: 0.034 sec  <<< FAILURE!
java.lang.AssertionError: Environment Variable is NOT Set
	at org.testng.Assert.fail(Assert.java:110)
	at tests.utility.Hooks.ConfigFileReader(Hooks.java:69)
	at tests.utility.Hooks.initWebDriver(Hooks.java:159)

runScenario(tests.runners.RunTest)  Time elapsed: 0.033 sec  <<< FAILURE!
java.lang.AssertionError: Environment Variable is NOT Set
	at org.testng.Assert.fail(Assert.java:110)
	at tests.utility.Hooks.ConfigFileReader(Hooks.java:69)
	at tests.utility.Hooks.initWebDriver(Hooks.java:159)

runScenario(tests.runners.RunTest)  Time elapsed: 0.03 sec  <<< FAILURE!
java.lang.AssertionError: Environment Variable is NOT Set
	at org.testng.Assert.fail(Assert.java:110)
	at tests.utility.Hooks.ConfigFileReader(Hooks.java:69)
	at tests.utility.Hooks.initWebDriver(Hooks.java:159)

runScenario(tests.runners.RunTest)  Time elapsed: 0.041 sec  <<< FAILURE!
java.lang.AssertionError: Environment Variable is NOT Set
	at org.testng.Assert.fail(Assert.java:110)
	at tests.utility.Hooks.ConfigFileReader(Hooks.java:69)
	at tests.utility.Hooks.initWebDriver(Hooks.java:159)

runScenario(tests.runners.RunTest)  Time elapsed: 0.03 sec  <<< FAILURE!
java.lang.AssertionError: Environment Variable is NOT Set
	at org.testng.Assert.fail(Assert.java:110)
	at tests.utility.Hooks.ConfigFileReader(Hooks.java:69)
	at tests.utility.Hooks.initWebDriver(Hooks.java:159)

runScenario(tests.runners.RunTest)  Time elapsed: 0.033 sec  <<< FAILURE!
java.lang.AssertionError: Environment Variable is NOT Set
	at org.testng.Assert.fail(Assert.java:110)
	at tests.utility.Hooks.ConfigFileReader(Hooks.java:69)
	at tests.utility.Hooks.initWebDriver(Hooks.java:159)

runScenario(tests.runners.RunTest)  Time elapsed: 0.033 sec  <<< FAILURE!
java.lang.AssertionError: Environment Variable is NOT Set
	at org.testng.Assert.fail(Assert.java:110)
	at tests.utility.Hooks.ConfigFileReader(Hooks.java:69)
	at tests.utility.Hooks.initWebDriver(Hooks.java:159)

runScenario(tests.runners.RunTest)  Time elapsed: 0.034 sec  <<< FAILURE!
java.lang.AssertionError: Environment Variable is NOT Set
	at org.testng.Assert.fail(Assert.java:110)
	at tests.utility.Hooks.ConfigFileReader(Hooks.java:69)
	at tests.utility.Hooks.initWebDriver(Hooks.java:159)

runScenario(tests.runners.RunTest)  Time elapsed: 0.037 sec  <<< FAILURE!
java.lang.AssertionError: Environment Variable is NOT Set
	at org.testng.Assert.fail(Assert.java:110)
	at tests.utility.Hooks.ConfigFileReader(Hooks.java:69)
	at tests.utility.Hooks.initWebDriver(Hooks.java:159)

runScenario(tests.runners.RunTest)  Time elapsed: 0.032 sec  <<< FAILURE!
java.lang.AssertionError: Environment Variable is NOT Set
	at org.testng.Assert.fail(Assert.java:110)
	at tests.utility.Hooks.ConfigFileReader(Hooks.java:69)
	at tests.utility.Hooks.initWebDriver(Hooks.java:159)

runScenario(tests.runners.RunTest)  Time elapsed: 0.033 sec  <<< FAILURE!
java.lang.AssertionError: Environment Variable is NOT Set
	at org.testng.Assert.fail(Assert.java:110)
	at tests.utility.Hooks.ConfigFileReader(Hooks.java:69)
	at tests.utility.Hooks.initWebDriver(Hooks.java:159)

runScenario(tests.runners.RunTest)  Time elapsed: 0.036 sec  <<< FAILURE!
java.lang.AssertionError: Environment Variable is NOT Set
	at org.testng.Assert.fail(Assert.java:110)
	at tests.utility.Hooks.ConfigFileReader(Hooks.java:69)
	at tests.utility.Hooks.initWebDriver(Hooks.java:159)

runScenario(tests.runners.RunTest)  Time elapsed: 0.035 sec  <<< FAILURE!
java.lang.AssertionError: Environment Variable is NOT Set
	at org.testng.Assert.fail(Assert.java:110)
	at tests.utility.Hooks.ConfigFileReader(Hooks.java:69)
	at tests.utility.Hooks.initWebDriver(Hooks.java:159)

runScenario(tests.runners.RunTest)  Time elapsed: 0.052 sec  <<< FAILURE!
java.lang.AssertionError: Environment Variable is NOT Set
	at org.testng.Assert.fail(Assert.java:110)
	at tests.utility.Hooks.ConfigFileReader(Hooks.java:69)
	at tests.utility.Hooks.initWebDriver(Hooks.java:159)

runScenario(tests.runners.RunTest)  Time elapsed: 0.041 sec  <<< FAILURE!
java.lang.AssertionError: Environment Variable is NOT Set
	at org.testng.Assert.fail(Assert.java:110)
	at tests.utility.Hooks.ConfigFileReader(Hooks.java:69)
	at tests.utility.Hooks.initWebDriver(Hooks.java:159)

runScenario(tests.runners.RunTest)  Time elapsed: 0.039 sec  <<< FAILURE!
java.lang.AssertionError: Environment Variable is NOT Set
	at org.testng.Assert.fail(Assert.java:110)
	at tests.utility.Hooks.ConfigFileReader(Hooks.java:69)
	at tests.utility.Hooks.initWebDriver(Hooks.java:159)

runScenario(tests.runners.RunTest)  Time elapsed: 0.036 sec  <<< FAILURE!
java.lang.AssertionError: Environment Variable is NOT Set
	at org.testng.Assert.fail(Assert.java:110)
	at tests.utility.Hooks.ConfigFileReader(Hooks.java:69)
	at tests.utility.Hooks.initWebDriver(Hooks.java:159)

runScenario(tests.runners.RunTest)  Time elapsed: 0.037 sec  <<< FAILURE!
java.lang.AssertionError: Environment Variable is NOT Set
	at org.testng.Assert.fail(Assert.java:110)
	at tests.utility.Hooks.ConfigFileReader(Hooks.java:69)
	at tests.utility.Hooks.initWebDriver(Hooks.java:159)

runScenario(tests.runners.RunTest)  Time elapsed: 0.03 sec  <<< FAILURE!
java.lang.AssertionError: Environment Variable is NOT Set
	at org.testng.Assert.fail(Assert.java:110)
	at tests.utility.Hooks.ConfigFileReader(Hooks.java:69)
	at tests.utility.Hooks.initWebDriver(Hooks.java:159)

runScenario(tests.runners.RunTest)  Time elapsed: 0.034 sec  <<< FAILURE!
java.lang.AssertionError: Environment Variable is NOT Set
	at org.testng.Assert.fail(Assert.java:110)
	at tests.utility.Hooks.ConfigFileReader(Hooks.java:69)
	at tests.utility.Hooks.initWebDriver(Hooks.java:159)

runScenario(tests.runners.RunTest)  Time elapsed: 0.036 sec  <<< FAILURE!
java.lang.AssertionError: Environment Variable is NOT Set
	at org.testng.Assert.fail(Assert.java:110)
	at tests.utility.Hooks.ConfigFileReader(Hooks.java:69)
	at tests.utility.Hooks.initWebDriver(Hooks.java:159)

runScenario(tests.runners.RunTest)  Time elapsed: 0.042 sec  <<< FAILURE!
java.lang.AssertionError: Environment Variable is NOT Set
	at org.testng.Assert.fail(Assert.java:110)
	at tests.utility.Hooks.ConfigFileReader(Hooks.java:69)
	at tests.utility.Hooks.initWebDriver(Hooks.java:159)

runScenario(tests.runners.RunTest)  Time elapsed: 0.034 sec  <<< FAILURE!
java.lang.AssertionError: Environment Variable is NOT Set
	at org.testng.Assert.fail(Assert.java:110)
	at tests.utility.Hooks.ConfigFileReader(Hooks.java:69)
	at tests.utility.Hooks.initWebDriver(Hooks.java:159)

runScenario(tests.runners.RunTest)  Time elapsed: 0.033 sec  <<< FAILURE!
java.lang.AssertionError: Environment Variable is NOT Set
	at org.testng.Assert.fail(Assert.java:110)
	at tests.utility.Hooks.ConfigFileReader(Hooks.java:69)
	at tests.utility.Hooks.initWebDriver(Hooks.java:159)

runScenario(tests.runners.RunTest)  Time elapsed: 0.033 sec  <<< FAILURE!
java.lang.AssertionError: Environment Variable is NOT Set
	at org.testng.Assert.fail(Assert.java:110)
	at tests.utility.Hooks.ConfigFileReader(Hooks.java:69)
	at tests.utility.Hooks.initWebDriver(Hooks.java:159)

runScenario(tests.runners.RunTest)  Time elapsed: 0.047 sec  <<< FAILURE!
java.lang.AssertionError: Environment Variable is NOT Set
	at org.testng.Assert.fail(Assert.java:110)
	at tests.utility.Hooks.ConfigFileReader(Hooks.java:69)
	at tests.utility.Hooks.initWebDriver(Hooks.java:159)

runScenario(tests.runners.RunTest)  Time elapsed: 0.035 sec  <<< FAILURE!
java.lang.AssertionError: Environment Variable is NOT Set
	at org.testng.Assert.fail(Assert.java:110)
	at tests.utility.Hooks.ConfigFileReader(Hooks.java:69)
	at tests.utility.Hooks.initWebDriver(Hooks.java:159)

runScenario(tests.runners.RunTest)  Time elapsed: 0.032 sec  <<< FAILURE!
java.lang.AssertionError: Environment Variable is NOT Set
	at org.testng.Assert.fail(Assert.java:110)
	at tests.utility.Hooks.ConfigFileReader(Hooks.java:69)
	at tests.utility.Hooks.initWebDriver(Hooks.java:159)

runScenario(tests.runners.RunTest)  Time elapsed: 0.032 sec  <<< FAILURE!
java.lang.AssertionError: Environment Variable is NOT Set
	at org.testng.Assert.fail(Assert.java:110)
	at tests.utility.Hooks.ConfigFileReader(Hooks.java:69)
	at tests.utility.Hooks.initWebDriver(Hooks.java:159)

runScenario(tests.runners.RunTest)  Time elapsed: 0.03 sec  <<< FAILURE!
java.lang.AssertionError: Environment Variable is NOT Set
	at org.testng.Assert.fail(Assert.java:110)
	at tests.utility.Hooks.ConfigFileReader(Hooks.java:69)
	at tests.utility.Hooks.initWebDriver(Hooks.java:159)

runScenario(tests.runners.RunTest)  Time elapsed: 0.03 sec  <<< FAILURE!
java.lang.AssertionError: Environment Variable is NOT Set
	at org.testng.Assert.fail(Assert.java:110)
	at tests.utility.Hooks.ConfigFileReader(Hooks.java:69)
	at tests.utility.Hooks.initWebDriver(Hooks.java:159)

runScenario(tests.runners.RunTest)  Time elapsed: 0.031 sec  <<< FAILURE!
java.lang.AssertionError: Environment Variable is NOT Set
	at org.testng.Assert.fail(Assert.java:110)
	at tests.utility.Hooks.ConfigFileReader(Hooks.java:69)
	at tests.utility.Hooks.initWebDriver(Hooks.java:159)

runScenario(tests.runners.RunTest)  Time elapsed: 0.032 sec  <<< FAILURE!
java.lang.AssertionError: Environment Variable is NOT Set
	at org.testng.Assert.fail(Assert.java:110)
	at tests.utility.Hooks.ConfigFileReader(Hooks.java:69)
	at tests.utility.Hooks.initWebDriver(Hooks.java:159)

runScenario(tests.runners.RunTest)  Time elapsed: 0.035 sec  <<< FAILURE!
java.lang.AssertionError: Environment Variable is NOT Set
	at org.testng.Assert.fail(Assert.java:110)
	at tests.utility.Hooks.ConfigFileReader(Hooks.java:69)
	at tests.utility.Hooks.initWebDriver(Hooks.java:159)

runScenario(tests.runners.RunTest)  Time elapsed: 0.031 sec  <<< FAILURE!
java.lang.AssertionError: Environment Variable is NOT Set
	at org.testng.Assert.fail(Assert.java:110)
	at tests.utility.Hooks.ConfigFileReader(Hooks.java:69)
	at tests.utility.Hooks.initWebDriver(Hooks.java:159)

runScenario(tests.runners.RunTest)  Time elapsed: 0.031 sec  <<< FAILURE!
java.lang.AssertionError: Environment Variable is NOT Set
	at org.testng.Assert.fail(Assert.java:110)
	at tests.utility.Hooks.ConfigFileReader(Hooks.java:69)
	at tests.utility.Hooks.initWebDriver(Hooks.java:159)

runScenario(tests.runners.RunTest)  Time elapsed: 0.03 sec  <<< FAILURE!
java.lang.AssertionError: Environment Variable is NOT Set
	at org.testng.Assert.fail(Assert.java:110)
	at tests.utility.Hooks.ConfigFileReader(Hooks.java:69)
	at tests.utility.Hooks.initWebDriver(Hooks.java:159)

runScenario(tests.runners.RunTest)  Time elapsed: 0.044 sec  <<< FAILURE!
java.lang.AssertionError: Environment Variable is NOT Set
	at org.testng.Assert.fail(Assert.java:110)
	at tests.utility.Hooks.ConfigFileReader(Hooks.java:69)
	at tests.utility.Hooks.initWebDriver(Hooks.java:159)

runScenario(tests.runners.RunTest)  Time elapsed: 0.033 sec  <<< FAILURE!
java.lang.AssertionError: Environment Variable is NOT Set
	at org.testng.Assert.fail(Assert.java:110)
	at tests.utility.Hooks.ConfigFileReader(Hooks.java:69)
	at tests.utility.Hooks.initWebDriver(Hooks.java:159)

runScenario(tests.runners.RunTest)  Time elapsed: 0.033 sec  <<< FAILURE!
java.lang.AssertionError: Environment Variable is NOT Set
	at org.testng.Assert.fail(Assert.java:110)
	at tests.utility.Hooks.ConfigFileReader(Hooks.java:69)
	at tests.utility.Hooks.initWebDriver(Hooks.java:159)

runScenario(tests.runners.RunTest)  Time elapsed: 0.033 sec  <<< FAILURE!
java.lang.AssertionError: Environment Variable is NOT Set
	at org.testng.Assert.fail(Assert.java:110)
	at tests.utility.Hooks.ConfigFileReader(Hooks.java:69)
	at tests.utility.Hooks.initWebDriver(Hooks.java:159)

runScenario(tests.runners.RunTest)  Time elapsed: 0.033 sec  <<< FAILURE!
java.lang.AssertionError: Environment Variable is NOT Set
	at org.testng.Assert.fail(Assert.java:110)
	at tests.utility.Hooks.ConfigFileReader(Hooks.java:69)
	at tests.utility.Hooks.initWebDriver(Hooks.java:159)

runScenario(tests.runners.RunTest)  Time elapsed: 0.03 sec  <<< FAILURE!
java.lang.AssertionError: Environment Variable is NOT Set
	at org.testng.Assert.fail(Assert.java:110)
	at tests.utility.Hooks.ConfigFileReader(Hooks.java:69)
	at tests.utility.Hooks.initWebDriver(Hooks.java:159)

runScenario(tests.runners.RunTest)  Time elapsed: 0.031 sec  <<< FAILURE!
java.lang.AssertionError: Environment Variable is NOT Set
	at org.testng.Assert.fail(Assert.java:110)
	at tests.utility.Hooks.ConfigFileReader(Hooks.java:69)
	at tests.utility.Hooks.initWebDriver(Hooks.java:159)

runScenario(tests.runners.RunTest)  Time elapsed: 0.031 sec  <<< FAILURE!
java.lang.AssertionError: Environment Variable is NOT Set
	at org.testng.Assert.fail(Assert.java:110)
	at tests.utility.Hooks.ConfigFileReader(Hooks.java:69)
	at tests.utility.Hooks.initWebDriver(Hooks.java:159)

runScenario(tests.runners.RunTest)  Time elapsed: 0.033 sec  <<< FAILURE!
java.lang.AssertionError: Environment Variable is NOT Set
	at org.testng.Assert.fail(Assert.java:110)
	at tests.utility.Hooks.ConfigFileReader(Hooks.java:69)
	at tests.utility.Hooks.initWebDriver(Hooks.java:159)

runScenario(tests.runners.RunTest)  Time elapsed: 0.033 sec  <<< FAILURE!
java.lang.AssertionError: Environment Variable is NOT Set
	at org.testng.Assert.fail(Assert.java:110)
	at tests.utility.Hooks.ConfigFileReader(Hooks.java:69)
	at tests.utility.Hooks.initWebDriver(Hooks.java:159)

runScenario(tests.runners.RunTest)  Time elapsed: 0.03 sec  <<< FAILURE!
java.lang.AssertionError: Environment Variable is NOT Set
	at org.testng.Assert.fail(Assert.java:110)
	at tests.utility.Hooks.ConfigFileReader(Hooks.java:69)
	at tests.utility.Hooks.initWebDriver(Hooks.java:159)

runScenario(tests.runners.RunTest)  Time elapsed: 0.051 sec  <<< FAILURE!
java.lang.AssertionError: Environment Variable is NOT Set
	at org.testng.Assert.fail(Assert.java:110)
	at tests.utility.Hooks.ConfigFileReader(Hooks.java:69)
	at tests.utility.Hooks.initWebDriver(Hooks.java:159)

runScenario(tests.runners.RunTest)  Time elapsed: 0.03 sec  <<< FAILURE!
java.lang.AssertionError: Environment Variable is NOT Set
	at org.testng.Assert.fail(Assert.java:110)
	at tests.utility.Hooks.ConfigFileReader(Hooks.java:69)
	at tests.utility.Hooks.initWebDriver(Hooks.java:159)

runScenario(tests.runners.RunTest)  Time elapsed: 0.031 sec  <<< FAILURE!
java.lang.AssertionError: Environment Variable is NOT Set
	at org.testng.Assert.fail(Assert.java:110)
	at tests.utility.Hooks.ConfigFileReader(Hooks.java:69)
	at tests.utility.Hooks.initWebDriver(Hooks.java:159)

runScenario(tests.runners.RunTest)  Time elapsed: 0.031 sec  <<< FAILURE!
java.lang.AssertionError: Environment Variable is NOT Set
	at org.testng.Assert.fail(Assert.java:110)
	at tests.utility.Hooks.ConfigFileReader(Hooks.java:69)
	at tests.utility.Hooks.initWebDriver(Hooks.java:159)

runScenario(tests.runners.RunTest)  Time elapsed: 0.034 sec  <<< FAILURE!
java.lang.AssertionError: Environment Variable is NOT Set
	at org.testng.Assert.fail(Assert.java:110)
	at tests.utility.Hooks.ConfigFileReader(Hooks.java:69)
	at tests.utility.Hooks.initWebDriver(Hooks.java:159)

runScenario(tests.runners.RunTest)  Time elapsed: 0.032 sec  <<< FAILURE!
java.lang.AssertionError: Environment Variable is NOT Set
	at org.testng.Assert.fail(Assert.java:110)
	at tests.utility.Hooks.ConfigFileReader(Hooks.java:69)
	at tests.utility.Hooks.initWebDriver(Hooks.java:159)

runScenario(tests.runners.RunTest)  Time elapsed: 0.03 sec  <<< FAILURE!
java.lang.AssertionError: Environment Variable is NOT Set
	at org.testng.Assert.fail(Assert.java:110)
	at tests.utility.Hooks.ConfigFileReader(Hooks.java:69)
	at tests.utility.Hooks.initWebDriver(Hooks.java:159)

runScenario(tests.runners.RunTest)  Time elapsed: 0.032 sec  <<< FAILURE!
java.lang.AssertionError: Environment Variable is NOT Set
	at org.testng.Assert.fail(Assert.java:110)
	at tests.utility.Hooks.ConfigFileReader(Hooks.java:69)
	at tests.utility.Hooks.initWebDriver(Hooks.java:159)

runScenario(tests.runners.RunTest)  Time elapsed: 0.031 sec  <<< FAILURE!
java.lang.AssertionError: Environment Variable is NOT Set
	at org.testng.Assert.fail(Assert.java:110)
	at tests.utility.Hooks.ConfigFileReader(Hooks.java:69)
	at tests.utility.Hooks.initWebDriver(Hooks.java:159)

runScenario(tests.runners.RunTest)  Time elapsed: 0.03 sec  <<< FAILURE!
java.lang.AssertionError: Environment Variable is NOT Set
	at org.testng.Assert.fail(Assert.java:110)
	at tests.utility.Hooks.ConfigFileReader(Hooks.java:69)
	at tests.utility.Hooks.initWebDriver(Hooks.java:159)

runScenario(tests.runners.RunTest)  Time elapsed: 0.031 sec  <<< FAILURE!
java.lang.AssertionError: Environment Variable is NOT Set
	at org.testng.Assert.fail(Assert.java:110)
	at tests.utility.Hooks.ConfigFileReader(Hooks.java:69)
	at tests.utility.Hooks.initWebDriver(Hooks.java:159)

runScenario(tests.runners.RunTest)  Time elapsed: 0.035 sec  <<< FAILURE!
java.lang.AssertionError: Environment Variable is NOT Set
	at org.testng.Assert.fail(Assert.java:110)
	at tests.utility.Hooks.ConfigFileReader(Hooks.java:69)
	at tests.utility.Hooks.initWebDriver(Hooks.java:159)

runScenario(tests.runners.RunTest)  Time elapsed: 0.054 sec  <<< FAILURE!
java.lang.AssertionError: Environment Variable is NOT Set
	at org.testng.Assert.fail(Assert.java:110)
	at tests.utility.Hooks.ConfigFileReader(Hooks.java:69)
	at tests.utility.Hooks.initWebDriver(Hooks.java:159)

runScenario(tests.runners.RunTest)  Time elapsed: 0.038 sec  <<< FAILURE!
java.lang.AssertionError: Environment Variable is NOT Set
	at org.testng.Assert.fail(Assert.java:110)
	at tests.utility.Hooks.ConfigFileReader(Hooks.java:69)
	at tests.utility.Hooks.initWebDriver(Hooks.java:159)

runScenario(tests.runners.RunTest)  Time elapsed: 0.04 sec  <<< FAILURE!
java.lang.AssertionError: Environment Variable is NOT Set
	at org.testng.Assert.fail(Assert.java:110)
	at tests.utility.Hooks.ConfigFileReader(Hooks.java:69)
	at tests.utility.Hooks.initWebDriver(Hooks.java:159)

runScenario(tests.runners.RunTest)  Time elapsed: 0.042 sec  <<< FAILURE!
java.lang.AssertionError: Environment Variable is NOT Set
	at org.testng.Assert.fail(Assert.java:110)
	at tests.utility.Hooks.ConfigFileReader(Hooks.java:69)
	at tests.utility.Hooks.initWebDriver(Hooks.java:159)

runScenario(tests.runners.RunTest)  Time elapsed: 0.043 sec  <<< FAILURE!
java.lang.AssertionError: Environment Variable is NOT Set
	at org.testng.Assert.fail(Assert.java:110)
	at tests.utility.Hooks.ConfigFileReader(Hooks.java:69)
	at tests.utility.Hooks.initWebDriver(Hooks.java:159)

runScenario(tests.runners.RunTest)  Time elapsed: 0.038 sec  <<< FAILURE!
java.lang.AssertionError: Environment Variable is NOT Set
	at org.testng.Assert.fail(Assert.java:110)
	at tests.utility.Hooks.ConfigFileReader(Hooks.java:69)
	at tests.utility.Hooks.initWebDriver(Hooks.java:159)

runScenario(tests.runners.RunTest)  Time elapsed: 0.043 sec  <<< FAILURE!
java.lang.AssertionError: Environment Variable is NOT Set
	at org.testng.Assert.fail(Assert.java:110)
	at tests.utility.Hooks.ConfigFileReader(Hooks.java:69)
	at tests.utility.Hooks.initWebDriver(Hooks.java:159)

runScenario(tests.runners.RunTest)  Time elapsed: 0.033 sec  <<< FAILURE!
java.lang.AssertionError: Environment Variable is NOT Set
	at org.testng.Assert.fail(Assert.java:110)
	at tests.utility.Hooks.ConfigFileReader(Hooks.java:69)
	at tests.utility.Hooks.initWebDriver(Hooks.java:159)

runScenario(tests.runners.RunTest)  Time elapsed: 0.036 sec  <<< FAILURE!
java.lang.AssertionError: Environment Variable is NOT Set
	at org.testng.Assert.fail(Assert.java:110)
	at tests.utility.Hooks.ConfigFileReader(Hooks.java:69)
	at tests.utility.Hooks.initWebDriver(Hooks.java:159)

runScenario(tests.runners.RunTest)  Time elapsed: 0.034 sec  <<< FAILURE!
java.lang.AssertionError: Environment Variable is NOT Set
	at org.testng.Assert.fail(Assert.java:110)
	at tests.utility.Hooks.ConfigFileReader(Hooks.java:69)
	at tests.utility.Hooks.initWebDriver(Hooks.java:159)

runScenario(tests.runners.RunTest)  Time elapsed: 0.037 sec  <<< FAILURE!
java.lang.AssertionError: Environment Variable is NOT Set
	at org.testng.Assert.fail(Assert.java:110)
	at tests.utility.Hooks.ConfigFileReader(Hooks.java:69)
	at tests.utility.Hooks.initWebDriver(Hooks.java:159)

runScenario(tests.runners.RunTest)  Time elapsed: 0.034 sec  <<< FAILURE!
java.lang.AssertionError: Environment Variable is NOT Set
	at org.testng.Assert.fail(Assert.java:110)
	at tests.utility.Hooks.ConfigFileReader(Hooks.java:69)
	at tests.utility.Hooks.initWebDriver(Hooks.java:159)

runScenario(tests.runners.RunTest)  Time elapsed: 0.031 sec  <<< FAILURE!
java.lang.AssertionError: Environment Variable is NOT Set
	at org.testng.Assert.fail(Assert.java:110)
	at tests.utility.Hooks.ConfigFileReader(Hooks.java:69)
	at tests.utility.Hooks.initWebDriver(Hooks.java:159)

runScenario(tests.runners.RunTest)  Time elapsed: 0.054 sec  <<< FAILURE!
java.lang.AssertionError: Environment Variable is NOT Set
	at org.testng.Assert.fail(Assert.java:110)
	at tests.utility.Hooks.ConfigFileReader(Hooks.java:69)
	at tests.utility.Hooks.initWebDriver(Hooks.java:159)

runScenario(tests.runners.RunTest)  Time elapsed: 0.029 sec  <<< FAILURE!
java.lang.AssertionError: Environment Variable is NOT Set
	at org.testng.Assert.fail(Assert.java:110)
	at tests.utility.Hooks.ConfigFileReader(Hooks.java:69)
	at tests.utility.Hooks.initWebDriver(Hooks.java:159)

runScenario(tests.runners.RunTest)  Time elapsed: 0.048 sec  <<< FAILURE!
java.lang.AssertionError: Environment Variable is NOT Set
	at org.testng.Assert.fail(Assert.java:110)
	at tests.utility.Hooks.ConfigFileReader(Hooks.java:69)
	at tests.utility.Hooks.initWebDriver(Hooks.java:159)

runScenario(tests.runners.RunTest)  Time elapsed: 0.034 sec  <<< FAILURE!
java.lang.AssertionError: Environment Variable is NOT Set
	at org.testng.Assert.fail(Assert.java:110)
	at tests.utility.Hooks.ConfigFileReader(Hooks.java:69)
	at tests.utility.Hooks.initWebDriver(Hooks.java:159)

runScenario(tests.runners.RunTest)  Time elapsed: 0.03 sec  <<< FAILURE!
java.lang.AssertionError: Environment Variable is NOT Set
	at org.testng.Assert.fail(Assert.java:110)
	at tests.utility.Hooks.ConfigFileReader(Hooks.java:69)
	at tests.utility.Hooks.initWebDriver(Hooks.java:159)

runScenario(tests.runners.RunTest)  Time elapsed: 0.034 sec  <<< FAILURE!
java.lang.AssertionError: Environment Variable is NOT Set
	at org.testng.Assert.fail(Assert.java:110)
	at tests.utility.Hooks.ConfigFileReader(Hooks.java:69)
	at tests.utility.Hooks.initWebDriver(Hooks.java:159)

runScenario(tests.runners.RunTest)  Time elapsed: 0.031 sec  <<< FAILURE!
java.lang.AssertionError: Environment Variable is NOT Set
	at org.testng.Assert.fail(Assert.java:110)
	at tests.utility.Hooks.ConfigFileReader(Hooks.java:69)
	at tests.utility.Hooks.initWebDriver(Hooks.java:159)

runScenario(tests.runners.RunTest)  Time elapsed: 0.033 sec  <<< FAILURE!
java.lang.AssertionError: Environment Variable is NOT Set
	at org.testng.Assert.fail(Assert.java:110)
	at tests.utility.Hooks.ConfigFileReader(Hooks.java:69)
	at tests.utility.Hooks.initWebDriver(Hooks.java:159)

runScenario(tests.runners.RunTest)  Time elapsed: 0.032 sec  <<< FAILURE!
java.lang.AssertionError: Environment Variable is NOT Set
	at org.testng.Assert.fail(Assert.java:110)
	at tests.utility.Hooks.ConfigFileReader(Hooks.java:69)
	at tests.utility.Hooks.initWebDriver(Hooks.java:159)

runScenario(tests.runners.RunTest)  Time elapsed: 0.035 sec  <<< FAILURE!
java.lang.AssertionError: Environment Variable is NOT Set
	at org.testng.Assert.fail(Assert.java:110)
	at tests.utility.Hooks.ConfigFileReader(Hooks.java:69)
	at tests.utility.Hooks.initWebDriver(Hooks.java:159)

runScenario(tests.runners.RunTest)  Time elapsed: 0.035 sec  <<< FAILURE!
java.lang.AssertionError: Environment Variable is NOT Set
	at org.testng.Assert.fail(Assert.java:110)
	at tests.utility.Hooks.ConfigFileReader(Hooks.java:69)
	at tests.utility.Hooks.initWebDriver(Hooks.java:159)

runScenario(tests.runners.RunTest)  Time elapsed: 0.031 sec  <<< FAILURE!
java.lang.AssertionError: Environment Variable is NOT Set
	at org.testng.Assert.fail(Assert.java:110)
	at tests.utility.Hooks.ConfigFileReader(Hooks.java:69)
	at tests.utility.Hooks.initWebDriver(Hooks.java:159)

runScenario(tests.runners.RunTest)  Time elapsed: 0.031 sec  <<< FAILURE!
java.lang.AssertionError: Environment Variable is NOT Set
	at org.testng.Assert.fail(Assert.java:110)
	at tests.utility.Hooks.ConfigFileReader(Hooks.java:69)
	at tests.utility.Hooks.initWebDriver(Hooks.java:159)

runScenario(tests.runners.RunTest)  Time elapsed: 0.031 sec  <<< FAILURE!
java.lang.AssertionError: Environment Variable is NOT Set
	at org.testng.Assert.fail(Assert.java:110)
	at tests.utility.Hooks.ConfigFileReader(Hooks.java:69)
	at tests.utility.Hooks.initWebDriver(Hooks.java:159)

runScenario(tests.runners.RunTest)  Time elapsed: 0.032 sec  <<< FAILURE!
java.lang.AssertionError: Environment Variable is NOT Set
	at org.testng.Assert.fail(Assert.java:110)
	at tests.utility.Hooks.ConfigFileReader(Hooks.java:69)
	at tests.utility.Hooks.initWebDriver(Hooks.java:159)

runScenario(tests.runners.RunTest)  Time elapsed: 0.033 sec  <<< FAILURE!
java.lang.AssertionError: Environment Variable is NOT Set
	at org.testng.Assert.fail(Assert.java:110)
	at tests.utility.Hooks.ConfigFileReader(Hooks.java:69)
	at tests.utility.Hooks.initWebDriver(Hooks.java:159)

runScenario(tests.runners.RunTest)  Time elapsed: 0.033 sec  <<< FAILURE!
java.lang.AssertionError: Environment Variable is NOT Set
	at org.testng.Assert.fail(Assert.java:110)
	at tests.utility.Hooks.ConfigFileReader(Hooks.java:69)
	at tests.utility.Hooks.initWebDriver(Hooks.java:159)

runScenario(tests.runners.RunTest)  Time elapsed: 0.033 sec  <<< FAILURE!
java.lang.AssertionError: Environment Variable is NOT Set
	at org.testng.Assert.fail(Assert.java:110)
	at tests.utility.Hooks.ConfigFileReader(Hooks.java:69)
	at tests.utility.Hooks.initWebDriver(Hooks.java:159)

runScenario(tests.runners.RunTest)  Time elapsed: 0.05 sec  <<< FAILURE!
java.lang.AssertionError: Environment Variable is NOT Set
	at org.testng.Assert.fail(Assert.java:110)
	at tests.utility.Hooks.ConfigFileReader(Hooks.java:69)
	at tests.utility.Hooks.initWebDriver(Hooks.java:159)

runScenario(tests.runners.RunTest)  Time elapsed: 0.033 sec  <<< FAILURE!
java.lang.AssertionError: Environment Variable is NOT Set
	at org.testng.Assert.fail(Assert.java:110)
	at tests.utility.Hooks.ConfigFileReader(Hooks.java:69)
	at tests.utility.Hooks.initWebDriver(Hooks.java:159)

runScenario(tests.runners.RunTest)  Time elapsed: 0.029 sec  <<< FAILURE!
java.lang.AssertionError: Environment Variable is NOT Set
	at org.testng.Assert.fail(Assert.java:110)
	at tests.utility.Hooks.ConfigFileReader(Hooks.java:69)
	at tests.utility.Hooks.initWebDriver(Hooks.java:159)

runScenario(tests.runners.RunTest)  Time elapsed: 0.028 sec  <<< FAILURE!
java.lang.AssertionError: Environment Variable is NOT Set
	at org.testng.Assert.fail(Assert.java:110)
	at tests.utility.Hooks.ConfigFileReader(Hooks.java:69)
	at tests.utility.Hooks.initWebDriver(Hooks.java:159)

runScenario(tests.runners.RunTest)  Time elapsed: 0.03 sec  <<< FAILURE!
java.lang.AssertionError: Environment Variable is NOT Set
	at org.testng.Assert.fail(Assert.java:110)
	at tests.utility.Hooks.ConfigFileReader(Hooks.java:69)
	at tests.utility.Hooks.initWebDriver(Hooks.java:159)

runScenario(tests.runners.RunTest)  Time elapsed: 0.033 sec  <<< FAILURE!
java.lang.AssertionError: Environment Variable is NOT Set
	at org.testng.Assert.fail(Assert.java:110)
	at tests.utility.Hooks.ConfigFileReader(Hooks.java:69)
	at tests.utility.Hooks.initWebDriver(Hooks.java:159)

runScenario(tests.runners.RunTest)  Time elapsed: 0.031 sec  <<< FAILURE!
java.lang.AssertionError: Environment Variable is NOT Set
	at org.testng.Assert.fail(Assert.java:110)
	at tests.utility.Hooks.ConfigFileReader(Hooks.java:69)
	at tests.utility.Hooks.initWebDriver(Hooks.java:159)

runScenario(tests.runners.RunTest)  Time elapsed: 0.03 sec  <<< FAILURE!
java.lang.AssertionError: Environment Variable is NOT Set
	at org.testng.Assert.fail(Assert.java:110)
	at tests.utility.Hooks.ConfigFileReader(Hooks.java:69)
	at tests.utility.Hooks.initWebDriver(Hooks.java:159)

runScenario(tests.runners.RunTest)  Time elapsed: 0.032 sec  <<< FAILURE!
java.lang.AssertionError: Environment Variable is NOT Set
	at org.testng.Assert.fail(Assert.java:110)
	at tests.utility.Hooks.ConfigFileReader(Hooks.java:69)
	at tests.utility.Hooks.initWebDriver(Hooks.java:159)

runScenario(tests.runners.RunTest)  Time elapsed: 0.032 sec  <<< FAILURE!
java.lang.AssertionError: Environment Variable is NOT Set
	at org.testng.Assert.fail(Assert.java:110)
	at tests.utility.Hooks.ConfigFileReader(Hooks.java:69)
	at tests.utility.Hooks.initWebDrivereStore(Hooks.java:148)

runScenario(tests.runners.RunTest)  Time elapsed: 0.029 sec  <<< FAILURE!
java.lang.AssertionError: Environment Variable is NOT Set
	at org.testng.Assert.fail(Assert.java:110)
	at tests.utility.Hooks.ConfigFileReader(Hooks.java:69)
	at tests.utility.Hooks.initWebDrivereStore(Hooks.java:148)

runScenario(tests.runners.RunTest)  Time elapsed: 0.032 sec  <<< FAILURE!
java.lang.AssertionError: Environment Variable is NOT Set
	at org.testng.Assert.fail(Assert.java:110)
	at tests.utility.Hooks.ConfigFileReader(Hooks.java:69)
	at tests.utility.Hooks.initWebDrivereStore(Hooks.java:148)

runScenario(tests.runners.RunTest)  Time elapsed: 0.035 sec  <<< FAILURE!
java.lang.AssertionError: Environment Variable is NOT Set
	at org.testng.Assert.fail(Assert.java:110)
	at tests.utility.Hooks.ConfigFileReader(Hooks.java:69)
	at tests.utility.Hooks.initWebDrivereStore(Hooks.java:148)

runScenario(tests.runners.RunTest)  Time elapsed: 0.031 sec  <<< FAILURE!
java.lang.AssertionError: Environment Variable is NOT Set
	at org.testng.Assert.fail(Assert.java:110)
	at tests.utility.Hooks.ConfigFileReader(Hooks.java:69)
	at tests.utility.Hooks.initWebDrivereStore(Hooks.java:148)

runScenario(tests.runners.RunTest)  Time elapsed: 0.031 sec  <<< FAILURE!
java.lang.AssertionError: Environment Variable is NOT Set
	at org.testng.Assert.fail(Assert.java:110)
	at tests.utility.Hooks.ConfigFileReader(Hooks.java:69)
	at tests.utility.Hooks.initWebDrivereStore(Hooks.java:148)

runScenario(tests.runners.RunTest)  Time elapsed: 0.03 sec  <<< FAILURE!
java.lang.AssertionError: Environment Variable is NOT Set
	at org.testng.Assert.fail(Assert.java:110)
	at tests.utility.Hooks.ConfigFileReader(Hooks.java:69)
	at tests.utility.Hooks.initWebDrivereStore(Hooks.java:148)

runScenario(tests.runners.RunTest)  Time elapsed: 0.049 sec  <<< FAILURE!
java.lang.AssertionError: Environment Variable is NOT Set
	at org.testng.Assert.fail(Assert.java:110)
	at tests.utility.Hooks.ConfigFileReader(Hooks.java:69)
	at tests.utility.Hooks.initWebDrivereStore(Hooks.java:148)

runScenario(tests.runners.RunTest)  Time elapsed: 0.03 sec  <<< FAILURE!
java.lang.AssertionError: Environment Variable is NOT Set
	at org.testng.Assert.fail(Assert.java:110)
	at tests.utility.Hooks.ConfigFileReader(Hooks.java:69)
	at tests.utility.Hooks.initWebDrivereStore(Hooks.java:148)

runScenario(tests.runners.RunTest)  Time elapsed: 0.033 sec  <<< FAILURE!
java.lang.AssertionError: Environment Variable is NOT Set
	at org.testng.Assert.fail(Assert.java:110)
	at tests.utility.Hooks.ConfigFileReader(Hooks.java:69)
	at tests.utility.Hooks.initWebDrivereStore(Hooks.java:148)

runScenario(tests.runners.RunTest)  Time elapsed: 0.031 sec  <<< FAILURE!
java.lang.AssertionError: Environment Variable is NOT Set
	at org.testng.Assert.fail(Assert.java:110)
	at tests.utility.Hooks.ConfigFileReader(Hooks.java:69)
	at tests.utility.Hooks.initWebDrivereStore(Hooks.java:148)

runScenario(tests.runners.RunTest)  Time elapsed: 0.029 sec  <<< FAILURE!
java.lang.AssertionError: Environment Variable is NOT Set
	at org.testng.Assert.fail(Assert.java:110)
	at tests.utility.Hooks.ConfigFileReader(Hooks.java:69)
	at tests.utility.Hooks.initWebDrivereStore(Hooks.java:148)

runScenario(tests.runners.RunTest)  Time elapsed: 0.033 sec  <<< FAILURE!
java.lang.AssertionError: Environment Variable is NOT Set
	at org.testng.Assert.fail(Assert.java:110)
	at tests.utility.Hooks.ConfigFileReader(Hooks.java:69)
	at tests.utility.Hooks.initWebDrivereStore(Hooks.java:148)

runScenario(tests.runners.RunTest)  Time elapsed: 0.029 sec  <<< FAILURE!
java.lang.AssertionError: Environment Variable is NOT Set
	at org.testng.Assert.fail(Assert.java:110)
	at tests.utility.Hooks.ConfigFileReader(Hooks.java:69)
	at tests.utility.Hooks.initWebDrivereStore(Hooks.java:148)

runScenario(tests.runners.RunTest)  Time elapsed: 0.031 sec  <<< FAILURE!
java.lang.AssertionError: Environment Variable is NOT Set
	at org.testng.Assert.fail(Assert.java:110)
	at tests.utility.Hooks.ConfigFileReader(Hooks.java:69)
	at tests.utility.Hooks.initWebDrivereStore(Hooks.java:148)

runScenario(tests.runners.RunTest)  Time elapsed: 0.031 sec  <<< FAILURE!
java.lang.AssertionError: Environment Variable is NOT Set
	at org.testng.Assert.fail(Assert.java:110)
	at tests.utility.Hooks.ConfigFileReader(Hooks.java:69)
	at tests.utility.Hooks.initWebDrivereStore(Hooks.java:148)

runScenario(tests.runners.RunTest)  Time elapsed: 0.035 sec  <<< FAILURE!
java.lang.AssertionError: Environment Variable is NOT Set
	at org.testng.Assert.fail(Assert.java:110)
	at tests.utility.Hooks.ConfigFileReader(Hooks.java:69)
	at tests.utility.Hooks.initWebDrivereStore(Hooks.java:148)

runScenario(tests.runners.RunTest)  Time elapsed: 0.031 sec  <<< FAILURE!
java.lang.AssertionError: Environment Variable is NOT Set
	at org.testng.Assert.fail(Assert.java:110)
	at tests.utility.Hooks.ConfigFileReader(Hooks.java:69)
	at tests.utility.Hooks.initWebDrivereStore(Hooks.java:148)

runScenario(tests.runners.RunTest)  Time elapsed: 0.03 sec  <<< FAILURE!
java.lang.AssertionError: Environment Variable is NOT Set
	at org.testng.Assert.fail(Assert.java:110)
	at tests.utility.Hooks.ConfigFileReader(Hooks.java:69)
	at tests.utility.Hooks.initWebDrivereStore(Hooks.java:148)

runScenario(tests.runners.RunTest)  Time elapsed: 0.031 sec  <<< FAILURE!
java.lang.AssertionError: Environment Variable is NOT Set
	at org.testng.Assert.fail(Assert.java:110)
	at tests.utility.Hooks.ConfigFileReader(Hooks.java:69)
	at tests.utility.Hooks.initWebDrivereStore(Hooks.java:148)

runScenario(tests.runners.RunTest)  Time elapsed: 0.03 sec  <<< FAILURE!
java.lang.AssertionError: Environment Variable is NOT Set
	at org.testng.Assert.fail(Assert.java:110)
	at tests.utility.Hooks.ConfigFileReader(Hooks.java:69)
	at tests.utility.Hooks.initWebDrivereStore(Hooks.java:148)

runScenario(tests.runners.RunTest)  Time elapsed: 0.05 sec  <<< FAILURE!
java.lang.AssertionError: Environment Variable is NOT Set
	at org.testng.Assert.fail(Assert.java:110)
	at tests.utility.Hooks.ConfigFileReader(Hooks.java:69)
	at tests.utility.Hooks.initWebDrivereStore(Hooks.java:148)

runScenario(tests.runners.RunTest)  Time elapsed: 0.039 sec  <<< FAILURE!
java.lang.AssertionError: Environment Variable is NOT Set
	at org.testng.Assert.fail(Assert.java:110)
	at tests.utility.Hooks.ConfigFileReader(Hooks.java:69)
	at tests.utility.Hooks.initWebDrivereStore(Hooks.java:148)

runScenario(tests.runners.RunTest)  Time elapsed: 0.037 sec  <<< FAILURE!
java.lang.AssertionError: Environment Variable is NOT Set
	at org.testng.Assert.fail(Assert.java:110)
	at tests.utility.Hooks.ConfigFileReader(Hooks.java:69)
	at tests.utility.Hooks.initWebDrivereStore(Hooks.java:148)

runScenario(tests.runners.RunTest)  Time elapsed: 0.034 sec  <<< FAILURE!
java.lang.AssertionError: Environment Variable is NOT Set
	at org.testng.Assert.fail(Assert.java:110)
	at tests.utility.Hooks.ConfigFileReader(Hooks.java:69)
	at tests.utility.Hooks.initWebDrivereStore(Hooks.java:148)

runScenario(tests.runners.RunTest)  Time elapsed: 0.035 sec  <<< FAILURE!
java.lang.AssertionError: Environment Variable is NOT Set
	at org.testng.Assert.fail(Assert.java:110)
	at tests.utility.Hooks.ConfigFileReader(Hooks.java:69)
	at tests.utility.Hooks.initWebDrivereStore(Hooks.java:148)

runScenario(tests.runners.RunTest)  Time elapsed: 0.035 sec  <<< FAILURE!
java.lang.AssertionError: Environment Variable is NOT Set
	at org.testng.Assert.fail(Assert.java:110)
	at tests.utility.Hooks.ConfigFileReader(Hooks.java:69)
	at tests.utility.Hooks.initWebDrivereStore(Hooks.java:148)

runScenario(tests.runners.RunTest)  Time elapsed: 0.037 sec  <<< FAILURE!
java.lang.AssertionError: Environment Variable is NOT Set
	at org.testng.Assert.fail(Assert.java:110)
	at tests.utility.Hooks.ConfigFileReader(Hooks.java:69)
	at tests.utility.Hooks.initWebDrivereStore(Hooks.java:148)

runScenario(tests.runners.RunTest)  Time elapsed: 0.039 sec  <<< FAILURE!
java.lang.AssertionError: Environment Variable is NOT Set
	at org.testng.Assert.fail(Assert.java:110)
	at tests.utility.Hooks.ConfigFileReader(Hooks.java:69)
	at tests.utility.Hooks.initWebDrivereStore(Hooks.java:148)

runScenario(tests.runners.RunTest)  Time elapsed: 0.034 sec  <<< FAILURE!
java.lang.AssertionError: Environment Variable is NOT Set
	at org.testng.Assert.fail(Assert.java:110)
	at tests.utility.Hooks.ConfigFileReader(Hooks.java:69)
	at tests.utility.Hooks.initWebDrivereStore(Hooks.java:148)

runScenario(tests.runners.RunTest)  Time elapsed: 0.034 sec  <<< FAILURE!
java.lang.AssertionError: Environment Variable is NOT Set
	at org.testng.Assert.fail(Assert.java:110)
	at tests.utility.Hooks.ConfigFileReader(Hooks.java:69)
	at tests.utility.Hooks.initWebDrivereStore(Hooks.java:148)

runScenario(tests.runners.RunTest)  Time elapsed: 0.029 sec  <<< FAILURE!
java.lang.AssertionError: Environment Variable is NOT Set
	at org.testng.Assert.fail(Assert.java:110)
	at tests.utility.Hooks.ConfigFileReader(Hooks.java:69)
	at tests.utility.Hooks.initWebDrivereStore(Hooks.java:148)

runScenario(tests.runners.RunTest)  Time elapsed: 0.028 sec  <<< FAILURE!
java.lang.AssertionError: Environment Variable is NOT Set
	at org.testng.Assert.fail(Assert.java:110)
	at tests.utility.Hooks.ConfigFileReader(Hooks.java:69)
	at tests.utility.Hooks.initWebDrivereStore(Hooks.java:148)

runScenario(tests.runners.RunTest)  Time elapsed: 0.028 sec  <<< FAILURE!
java.lang.AssertionError: Environment Variable is NOT Set
	at org.testng.Assert.fail(Assert.java:110)
	at tests.utility.Hooks.ConfigFileReader(Hooks.java:69)
	at tests.utility.Hooks.initWebDrivereStore(Hooks.java:148)

runScenario(tests.runners.RunTest)  Time elapsed: 0.032 sec  <<< FAILURE!
java.lang.AssertionError: Environment Variable is NOT Set
	at org.testng.Assert.fail(Assert.java:110)
	at tests.utility.Hooks.ConfigFileReader(Hooks.java:69)
	at tests.utility.Hooks.initWebDrivereStore(Hooks.java:148)

runScenario(tests.runners.RunTest)  Time elapsed: 0.033 sec  <<< FAILURE!
java.lang.AssertionError: Environment Variable is NOT Set
	at org.testng.Assert.fail(Assert.java:110)
	at tests.utility.Hooks.ConfigFileReader(Hooks.java:69)
	at tests.utility.Hooks.initWebDrivereStore(Hooks.java:148)

runScenario(tests.runners.RunTest)  Time elapsed: 0.032 sec  <<< FAILURE!
java.lang.AssertionError: Environment Variable is NOT Set
	at org.testng.Assert.fail(Assert.java:110)
	at tests.utility.Hooks.ConfigFileReader(Hooks.java:69)
	at tests.utility.Hooks.initWebDrivereStore(Hooks.java:148)

runScenario(tests.runners.RunTest)  Time elapsed: 0.03 sec  <<< FAILURE!
java.lang.AssertionError: Environment Variable is NOT Set
	at org.testng.Assert.fail(Assert.java:110)
	at tests.utility.Hooks.ConfigFileReader(Hooks.java:69)
	at tests.utility.Hooks.initWebDrivereStore(Hooks.java:148)

runScenario(tests.runners.RunTest)  Time elapsed: 0.03 sec  <<< FAILURE!
java.lang.AssertionError: Environment Variable is NOT Set
	at org.testng.Assert.fail(Assert.java:110)
	at tests.utility.Hooks.ConfigFileReader(Hooks.java:69)
	at tests.utility.Hooks.initWebDrivereStore(Hooks.java:148)

runScenario(tests.runners.RunTest)  Time elapsed: 0.028 sec  <<< FAILURE!
java.lang.AssertionError: Environment Variable is NOT Set
	at org.testng.Assert.fail(Assert.java:110)
	at tests.utility.Hooks.ConfigFileReader(Hooks.java:69)
	at tests.utility.Hooks.initWebDrivereStore(Hooks.java:148)

runScenario(tests.runners.RunTest)  Time elapsed: 0.032 sec  <<< FAILURE!
java.lang.AssertionError: Environment Variable is NOT Set
	at org.testng.Assert.fail(Assert.java:110)
	at tests.utility.Hooks.ConfigFileReader(Hooks.java:69)
	at tests.utility.Hooks.initWebDrivereStore(Hooks.java:148)

runScenario(tests.runners.RunTest)  Time elapsed: 0.031 sec  <<< FAILURE!
java.lang.AssertionError: Environment Variable is NOT Set
	at org.testng.Assert.fail(Assert.java:110)
	at tests.utility.Hooks.ConfigFileReader(Hooks.java:69)
	at tests.utility.Hooks.initWebDrivereStore(Hooks.java:148)

runScenario(tests.runners.RunTest)  Time elapsed: 0.053 sec  <<< FAILURE!
java.lang.AssertionError: Environment Variable is NOT Set
	at org.testng.Assert.fail(Assert.java:110)
	at tests.utility.Hooks.ConfigFileReader(Hooks.java:69)
	at tests.utility.Hooks.initWebDrivereStore(Hooks.java:148)

runScenario(tests.runners.RunTest)  Time elapsed: 0.03 sec  <<< FAILURE!
java.lang.AssertionError: Environment Variable is NOT Set
	at org.testng.Assert.fail(Assert.java:110)
	at tests.utility.Hooks.ConfigFileReader(Hooks.java:69)
	at tests.utility.Hooks.initWebDrivereStore(Hooks.java:148)

runScenario(tests.runners.RunTest)  Time elapsed: 0.031 sec  <<< FAILURE!
java.lang.AssertionError: Environment Variable is NOT Set
	at org.testng.Assert.fail(Assert.java:110)
	at tests.utility.Hooks.ConfigFileReader(Hooks.java:69)
	at tests.utility.Hooks.initWebDrivereStore(Hooks.java:148)

runScenario(tests.runners.RunTest)  Time elapsed: 0.03 sec  <<< FAILURE!
java.lang.AssertionError: Environment Variable is NOT Set
	at org.testng.Assert.fail(Assert.java:110)
	at tests.utility.Hooks.ConfigFileReader(Hooks.java:69)
	at tests.utility.Hooks.initWebDrivereStore(Hooks.java:148)

runScenario(tests.runners.RunTest)  Time elapsed: 0.029 sec  <<< FAILURE!
java.lang.AssertionError: Environment Variable is NOT Set
	at org.testng.Assert.fail(Assert.java:110)
	at tests.utility.Hooks.ConfigFileReader(Hooks.java:69)
	at tests.utility.Hooks.initWebDrivereStore(Hooks.java:148)

runScenario(tests.runners.RunTest)  Time elapsed: 0.028 sec  <<< FAILURE!
java.lang.AssertionError: Environment Variable is NOT Set
	at org.testng.Assert.fail(Assert.java:110)
	at tests.utility.Hooks.ConfigFileReader(Hooks.java:69)
	at tests.utility.Hooks.initWebDrivereStore(Hooks.java:148)

runScenario(tests.runners.RunTest)  Time elapsed: 0.032 sec  <<< FAILURE!
java.lang.AssertionError: Environment Variable is NOT Set
	at org.testng.Assert.fail(Assert.java:110)
	at tests.utility.Hooks.ConfigFileReader(Hooks.java:69)
	at tests.utility.Hooks.initWebDrivereStore(Hooks.java:148)

runScenario(tests.runners.RunTest)  Time elapsed: 0.031 sec  <<< FAILURE!
java.lang.AssertionError: Environment Variable is NOT Set
	at org.testng.Assert.fail(Assert.java:110)
	at tests.utility.Hooks.ConfigFileReader(Hooks.java:69)
	at tests.utility.Hooks.initWebDrivereStore(Hooks.java:148)

runScenario(tests.runners.RunTest)  Time elapsed: 0.03 sec  <<< FAILURE!
java.lang.AssertionError: Environment Variable is NOT Set
	at org.testng.Assert.fail(Assert.java:110)
	at tests.utility.Hooks.ConfigFileReader(Hooks.java:69)
	at tests.utility.Hooks.initWebDrivereStore(Hooks.java:148)

runScenario(tests.runners.RunTest)  Time elapsed: 0.031 sec  <<< FAILURE!
java.lang.AssertionError: Environment Variable is NOT Set
	at org.testng.Assert.fail(Assert.java:110)
	at tests.utility.Hooks.ConfigFileReader(Hooks.java:69)
	at tests.utility.Hooks.initWebDrivereStore(Hooks.java:148)

runScenario(tests.runners.RunTest)  Time elapsed: 0.031 sec  <<< FAILURE!
java.lang.AssertionError: Environment Variable is NOT Set
	at org.testng.Assert.fail(Assert.java:110)
	at tests.utility.Hooks.ConfigFileReader(Hooks.java:69)
	at tests.utility.Hooks.initWebDrivereStore(Hooks.java:148)

runScenario(tests.runners.RunTest)  Time elapsed: 0.029 sec  <<< FAILURE!
java.lang.AssertionError: Environment Variable is NOT Set
	at org.testng.Assert.fail(Assert.java:110)
	at tests.utility.Hooks.ConfigFileReader(Hooks.java:69)
	at tests.utility.Hooks.initWebDrivereStore(Hooks.java:148)

runScenario(tests.runners.RunTest)  Time elapsed: 0.029 sec  <<< FAILURE!
java.lang.AssertionError: Environment Variable is NOT Set
	at org.testng.Assert.fail(Assert.java:110)
	at tests.utility.Hooks.ConfigFileReader(Hooks.java:69)
	at tests.utility.Hooks.initWebDrivereStore(Hooks.java:148)

runScenario(tests.runners.RunTest)  Time elapsed: 0.029 sec  <<< FAILURE!
java.lang.AssertionError: Environment Variable is NOT Set
	at org.testng.Assert.fail(Assert.java:110)
	at tests.utility.Hooks.ConfigFileReader(Hooks.java:69)
	at tests.utility.Hooks.initWebDrivereStore(Hooks.java:148)

runScenario(tests.runners.RunTest)  Time elapsed: 0.032 sec  <<< FAILURE!
java.lang.AssertionError: Environment Variable is NOT Set
	at org.testng.Assert.fail(Assert.java:110)
	at tests.utility.Hooks.ConfigFileReader(Hooks.java:69)
	at tests.utility.Hooks.initWebDrivereStore(Hooks.java:148)

runScenario(tests.runners.RunTest)  Time elapsed: 0.032 sec  <<< FAILURE!
java.lang.AssertionError: Environment Variable is NOT Set
	at org.testng.Assert.fail(Assert.java:110)
	at tests.utility.Hooks.ConfigFileReader(Hooks.java:69)
	at tests.utility.Hooks.initWebDrivereStore(Hooks.java:148)

runScenario(tests.runners.RunTest)  Time elapsed: 0.027 sec  <<< FAILURE!
java.lang.AssertionError: Environment Variable is NOT Set
	at org.testng.Assert.fail(Assert.java:110)
	at tests.utility.Hooks.ConfigFileReader(Hooks.java:69)
	at tests.utility.Hooks.initWebDrivereStore(Hooks.java:148)

runScenario(tests.runners.RunTest)  Time elapsed: 0.03 sec  <<< FAILURE!
java.lang.AssertionError: Environment Variable is NOT Set
	at org.testng.Assert.fail(Assert.java:110)
	at tests.utility.Hooks.ConfigFileReader(Hooks.java:69)
	at tests.utility.Hooks.initWebDrivereStore(Hooks.java:148)

runScenario(tests.runners.RunTest)  Time elapsed: 0.032 sec  <<< FAILURE!
java.lang.AssertionError: Environment Variable is NOT Set
	at org.testng.Assert.fail(Assert.java:110)
	at tests.utility.Hooks.ConfigFileReader(Hooks.java:69)
	at tests.utility.Hooks.initWebDrivereStore(Hooks.java:148)

runScenario(tests.runners.RunTest)  Time elapsed: 0.028 sec  <<< FAILURE!
java.lang.AssertionError: Environment Variable is NOT Set
	at org.testng.Assert.fail(Assert.java:110)
	at tests.utility.Hooks.ConfigFileReader(Hooks.java:69)
	at tests.utility.Hooks.initWebDrivereStore(Hooks.java:148)

runScenario(tests.runners.RunTest)  Time elapsed: 0.036 sec  <<< FAILURE!
java.lang.AssertionError: Environment Variable is NOT Set
	at org.testng.Assert.fail(Assert.java:110)
	at tests.utility.Hooks.ConfigFileReader(Hooks.java:69)
	at tests.utility.Hooks.initWebDrivereStore(Hooks.java:148)

runScenario(tests.runners.RunTest)  Time elapsed: 0.058 sec  <<< FAILURE!
java.lang.AssertionError: Environment Variable is NOT Set
	at org.testng.Assert.fail(Assert.java:110)
	at tests.utility.Hooks.ConfigFileReader(Hooks.java:69)
	at tests.utility.Hooks.initWebDrivereStore(Hooks.java:148)

runScenario(tests.runners.RunTest)  Time elapsed: 0.032 sec  <<< FAILURE!
java.lang.AssertionError: Environment Variable is NOT Set
	at org.testng.Assert.fail(Assert.java:110)
	at tests.utility.Hooks.ConfigFileReader(Hooks.java:69)
	at tests.utility.Hooks.initWebDrivereStore(Hooks.java:148)

runScenario(tests.runners.RunTest)  Time elapsed: 0.03 sec  <<< FAILURE!
java.lang.AssertionError: Environment Variable is NOT Set
	at org.testng.Assert.fail(Assert.java:110)
	at tests.utility.Hooks.ConfigFileReader(Hooks.java:69)
	at tests.utility.Hooks.initWebDrivereStore(Hooks.java:148)

runScenario(tests.runners.RunTest)  Time elapsed: 0.03 sec  <<< FAILURE!
java.lang.AssertionError: Environment Variable is NOT Set
	at org.testng.Assert.fail(Assert.java:110)
	at tests.utility.Hooks.ConfigFileReader(Hooks.java:69)
	at tests.utility.Hooks.initWebDrivereStore(Hooks.java:148)

runScenario(tests.runners.RunTest)  Time elapsed: 0.035 sec  <<< FAILURE!
java.lang.AssertionError: Environment Variable is NOT Set
	at org.testng.Assert.fail(Assert.java:110)
	at tests.utility.Hooks.ConfigFileReader(Hooks.java:69)
	at tests.utility.Hooks.initWebDrivereStore(Hooks.java:148)

runScenario(tests.runners.RunTest)  Time elapsed: 0.031 sec  <<< FAILURE!
java.lang.AssertionError: Environment Variable is NOT Set
	at org.testng.Assert.fail(Assert.java:110)
	at tests.utility.Hooks.ConfigFileReader(Hooks.java:69)
	at tests.utility.Hooks.initWebDrivereStore(Hooks.java:148)

runScenario(tests.runners.RunTest)  Time elapsed: 0.032 sec  <<< FAILURE!
java.lang.AssertionError: Environment Variable is NOT Set
	at org.testng.Assert.fail(Assert.java:110)
	at tests.utility.Hooks.ConfigFileReader(Hooks.java:69)
	at tests.utility.Hooks.initWebDrivereStore(Hooks.java:148)

runScenario(tests.runners.RunTest)  Time elapsed: 0.031 sec  <<< FAILURE!
java.lang.AssertionError: Environment Variable is NOT Set
	at org.testng.Assert.fail(Assert.java:110)
	at tests.utility.Hooks.ConfigFileReader(Hooks.java:69)
	at tests.utility.Hooks.initWebDrivereStore(Hooks.java:148)

runScenario(tests.runners.RunTest)  Time elapsed: 0.028 sec  <<< FAILURE!
java.lang.AssertionError: Environment Variable is NOT Set
	at org.testng.Assert.fail(Assert.java:110)
	at tests.utility.Hooks.ConfigFileReader(Hooks.java:69)
	at tests.utility.Hooks.initWebDrivereStore(Hooks.java:148)

runScenario(tests.runners.RunTest)  Time elapsed: 0.03 sec  <<< FAILURE!
java.lang.AssertionError: Environment Variable is NOT Set
	at org.testng.Assert.fail(Assert.java:110)
	at tests.utility.Hooks.ConfigFileReader(Hooks.java:69)
	at tests.utility.Hooks.initWebDrivereStore(Hooks.java:148)

runScenario(tests.runners.RunTest)  Time elapsed: 0.031 sec  <<< FAILURE!
java.lang.AssertionError: Environment Variable is NOT Set
	at org.testng.Assert.fail(Assert.java:110)
	at tests.utility.Hooks.ConfigFileReader(Hooks.java:69)
	at tests.utility.Hooks.initWebDrivereStore(Hooks.java:148)

runScenario(tests.runners.RunTest)  Time elapsed: 0.03 sec  <<< FAILURE!
java.lang.AssertionError: Environment Variable is NOT Set
	at org.testng.Assert.fail(Assert.java:110)
	at tests.utility.Hooks.ConfigFileReader(Hooks.java:69)
	at tests.utility.Hooks.initWebDrivereStore(Hooks.java:148)

runScenario(tests.runners.RunTest)  Time elapsed: 0.029 sec  <<< FAILURE!
java.lang.AssertionError: Environment Variable is NOT Set
	at org.testng.Assert.fail(Assert.java:110)
	at tests.utility.Hooks.ConfigFileReader(Hooks.java:69)
	at tests.utility.Hooks.initWebDrivereStore(Hooks.java:148)

runScenario(tests.runners.RunTest)  Time elapsed: 0.033 sec  <<< FAILURE!
java.lang.AssertionError: Environment Variable is NOT Set
	at org.testng.Assert.fail(Assert.java:110)
	at tests.utility.Hooks.ConfigFileReader(Hooks.java:69)
	at tests.utility.Hooks.initWebDrivereStore(Hooks.java:148)

runScenario(tests.runners.RunTest)  Time elapsed: 0.031 sec  <<< FAILURE!
java.lang.AssertionError: Environment Variable is NOT Set
	at org.testng.Assert.fail(Assert.java:110)
	at tests.utility.Hooks.ConfigFileReader(Hooks.java:69)
	at tests.utility.Hooks.initWebDrivereStore(Hooks.java:148)

runScenario(tests.runners.RunTest)  Time elapsed: 0.029 sec  <<< FAILURE!
java.lang.AssertionError: Environment Variable is NOT Set
	at org.testng.Assert.fail(Assert.java:110)
	at tests.utility.Hooks.ConfigFileReader(Hooks.java:69)
	at tests.utility.Hooks.initWebDrivereStore(Hooks.java:148)

runScenario(tests.runners.RunTest)  Time elapsed: 0.029 sec  <<< FAILURE!
java.lang.AssertionError: Environment Variable is NOT Set
	at org.testng.Assert.fail(Assert.java:110)
	at tests.utility.Hooks.ConfigFileReader(Hooks.java:69)
	at tests.utility.Hooks.initWebDrivereStore(Hooks.java:148)

runScenario(tests.runners.RunTest)  Time elapsed: 0.029 sec  <<< FAILURE!
java.lang.AssertionError: Environment Variable is NOT Set
	at org.testng.Assert.fail(Assert.java:110)
	at tests.utility.Hooks.ConfigFileReader(Hooks.java:69)
	at tests.utility.Hooks.initWebDrivereStore(Hooks.java:148)

runScenario(tests.runners.RunTest)  Time elapsed: 0.028 sec  <<< FAILURE!
java.lang.AssertionError: Environment Variable is NOT Set
	at org.testng.Assert.fail(Assert.java:110)
	at tests.utility.Hooks.ConfigFileReader(Hooks.java:69)
	at tests.utility.Hooks.initWebDrivereStore(Hooks.java:148)

runScenario(tests.runners.RunTest)  Time elapsed: 0.03 sec  <<< FAILURE!
java.lang.AssertionError: Environment Variable is NOT Set
	at org.testng.Assert.fail(Assert.java:110)
	at tests.utility.Hooks.ConfigFileReader(Hooks.java:69)
	at tests.utility.Hooks.initWebDrivereStore(Hooks.java:148)

runScenario(tests.runners.RunTest)  Time elapsed: 0.061 sec  <<< FAILURE!
java.lang.AssertionError: Environment Variable is NOT Set
	at org.testng.Assert.fail(Assert.java:110)
	at tests.utility.Hooks.ConfigFileReader(Hooks.java:69)
	at tests.utility.Hooks.initWebDrivereStore(Hooks.java:148)

runScenario(tests.runners.RunTest)  Time elapsed: 0.031 sec  <<< FAILURE!
java.lang.AssertionError: Environment Variable is NOT Set
	at org.testng.Assert.fail(Assert.java:110)
	at tests.utility.Hooks.ConfigFileReader(Hooks.java:69)
	at tests.utility.Hooks.initWebDrivereStore(Hooks.java:148)

runScenario(tests.runners.RunTest)  Time elapsed: 0.03 sec  <<< FAILURE!
java.lang.AssertionError: Environment Variable is NOT Set
	at org.testng.Assert.fail(Assert.java:110)
	at tests.utility.Hooks.ConfigFileReader(Hooks.java:69)
	at tests.utility.Hooks.initWebDrivereStore(Hooks.java:148)

runScenario(tests.runners.RunTest)  Time elapsed: 0.028 sec  <<< FAILURE!
java.lang.AssertionError: Environment Variable is NOT Set
	at org.testng.Assert.fail(Assert.java:110)
	at tests.utility.Hooks.ConfigFileReader(Hooks.java:69)
	at tests.utility.Hooks.initWebDrivereStore(Hooks.java:148)

runScenario(tests.runners.RunTest)  Time elapsed: 0.029 sec  <<< FAILURE!
java.lang.AssertionError: Environment Variable is NOT Set
	at org.testng.Assert.fail(Assert.java:110)
	at tests.utility.Hooks.ConfigFileReader(Hooks.java:69)
	at tests.utility.Hooks.initWebDrivereStore(Hooks.java:148)

runScenario(tests.runners.RunTest)  Time elapsed: 0.03 sec  <<< FAILURE!
java.lang.AssertionError: Environment Variable is NOT Set
	at org.testng.Assert.fail(Assert.java:110)
	at tests.utility.Hooks.ConfigFileReader(Hooks.java:69)
	at tests.utility.Hooks.initWebDrivereStore(Hooks.java:148)

runScenario(tests.runners.RunTest)  Time elapsed: 0.032 sec  <<< FAILURE!
java.lang.AssertionError: Environment Variable is NOT Set
	at org.testng.Assert.fail(Assert.java:110)
	at tests.utility.Hooks.ConfigFileReader(Hooks.java:69)
	at tests.utility.Hooks.initWebDrivereStore(Hooks.java:148)

runScenario(tests.runners.RunTest)  Time elapsed: 0.03 sec  <<< FAILURE!
java.lang.AssertionError: Environment Variable is NOT Set
	at org.testng.Assert.fail(Assert.java:110)
	at tests.utility.Hooks.ConfigFileReader(Hooks.java:69)
	at tests.utility.Hooks.initWebDrivereStore(Hooks.java:148)

runScenario(tests.runners.RunTest)  Time elapsed: 0.028 sec  <<< FAILURE!
java.lang.AssertionError: Environment Variable is NOT Set
	at org.testng.Assert.fail(Assert.java:110)
	at tests.utility.Hooks.ConfigFileReader(Hooks.java:69)
	at tests.utility.Hooks.initWebDrivereStore(Hooks.java:148)

runScenario(tests.runners.RunTest)  Time elapsed: 0.029 sec  <<< FAILURE!
java.lang.AssertionError: Environment Variable is NOT Set
	at org.testng.Assert.fail(Assert.java:110)
	at tests.utility.Hooks.ConfigFileReader(Hooks.java:69)
	at tests.utility.Hooks.initWebDrivereStore(Hooks.java:148)

runScenario(tests.runners.RunTest)  Time elapsed: 0.031 sec  <<< FAILURE!
java.lang.AssertionError: Environment Variable is NOT Set
	at org.testng.Assert.fail(Assert.java:110)
	at tests.utility.Hooks.ConfigFileReader(Hooks.java:69)
	at tests.utility.Hooks.initWebDrivereStore(Hooks.java:148)

runScenario(tests.runners.RunTest)  Time elapsed: 0.029 sec  <<< FAILURE!
java.lang.AssertionError: Environment Variable is NOT Set
	at org.testng.Assert.fail(Assert.java:110)
	at tests.utility.Hooks.ConfigFileReader(Hooks.java:69)
	at tests.utility.Hooks.initWebDrivereStore(Hooks.java:148)

runScenario(tests.runners.RunTest)  Time elapsed: 0.029 sec  <<< FAILURE!
java.lang.AssertionError: Environment Variable is NOT Set
	at org.testng.Assert.fail(Assert.java:110)
	at tests.utility.Hooks.ConfigFileReader(Hooks.java:69)
	at tests.utility.Hooks.initWebDrivereStore(Hooks.java:148)

runScenario(tests.runners.RunTest)  Time elapsed: 0.031 sec  <<< FAILURE!
java.lang.AssertionError: Environment Variable is NOT Set
	at org.testng.Assert.fail(Assert.java:110)
	at tests.utility.Hooks.ConfigFileReader(Hooks.java:69)
	at tests.utility.Hooks.initWebDrivereStore(Hooks.java:148)

runScenario(tests.runners.RunTest)  Time elapsed: 0.033 sec  <<< FAILURE!
java.lang.AssertionError: Environment Variable is NOT Set
	at org.testng.Assert.fail(Assert.java:110)
	at tests.utility.Hooks.ConfigFileReader(Hooks.java:69)
	at tests.utility.Hooks.initWebDrivereStore(Hooks.java:148)

runScenario(tests.runners.RunTest)  Time elapsed: 0.029 sec  <<< FAILURE!
java.lang.AssertionError: Environment Variable is NOT Set
	at org.testng.Assert.fail(Assert.java:110)
	at tests.utility.Hooks.ConfigFileReader(Hooks.java:69)
	at tests.utility.Hooks.initWebDrivereStore(Hooks.java:148)

runScenario(tests.runners.RunTest)  Time elapsed: 0.034 sec  <<< FAILURE!
java.lang.AssertionError: Environment Variable is NOT Set
	at org.testng.Assert.fail(Assert.java:110)
	at tests.utility.Hooks.ConfigFileReader(Hooks.java:69)
	at tests.utility.Hooks.initWebDrivereStore(Hooks.java:148)

runScenario(tests.runners.RunTest)  Time elapsed: 0.03 sec  <<< FAILURE!
java.lang.AssertionError: Environment Variable is NOT Set
	at org.testng.Assert.fail(Assert.java:110)
	at tests.utility.Hooks.ConfigFileReader(Hooks.java:69)
	at tests.utility.Hooks.initWebDrivereStore(Hooks.java:148)

runScenario(tests.runners.RunTest)  Time elapsed: 0.029 sec  <<< FAILURE!
java.lang.AssertionError: Environment Variable is NOT Set
	at org.testng.Assert.fail(Assert.java:110)
	at tests.utility.Hooks.ConfigFileReader(Hooks.java:69)
	at tests.utility.Hooks.initWebDrivereStore(Hooks.java:148)

runScenario(tests.runners.RunTest)  Time elapsed: 0.03 sec  <<< FAILURE!
java.lang.AssertionError: Environment Variable is NOT Set
	at org.testng.Assert.fail(Assert.java:110)
	at tests.utility.Hooks.ConfigFileReader(Hooks.java:69)
	at tests.utility.Hooks.initWebDrivereStore(Hooks.java:148)

runScenario(tests.runners.RunTest)  Time elapsed: 0.033 sec  <<< FAILURE!
java.lang.AssertionError: Environment Variable is NOT Set
	at org.testng.Assert.fail(Assert.java:110)
	at tests.utility.Hooks.ConfigFileReader(Hooks.java:69)
	at tests.utility.Hooks.initWebDrivereStore(Hooks.java:148)

runScenario(tests.runners.RunTest)  Time elapsed: 0.065 sec  <<< FAILURE!
java.lang.AssertionError: Environment Variable is NOT Set
	at org.testng.Assert.fail(Assert.java:110)
	at tests.utility.Hooks.ConfigFileReader(Hooks.java:69)
	at tests.utility.Hooks.initWebDrivereStore(Hooks.java:148)

runScenario(tests.runners.RunTest)  Time elapsed: 0.037 sec  <<< FAILURE!
java.lang.AssertionError: Environment Variable is NOT Set
	at org.testng.Assert.fail(Assert.java:110)
	at tests.utility.Hooks.ConfigFileReader(Hooks.java:69)
	at tests.utility.Hooks.initWebDrivereStore(Hooks.java:148)

runScenario(tests.runners.RunTest)  Time elapsed: 0.04 sec  <<< FAILURE!
java.lang.AssertionError: Environment Variable is NOT Set
	at org.testng.Assert.fail(Assert.java:110)
	at tests.utility.Hooks.ConfigFileReader(Hooks.java:69)
	at tests.utility.Hooks.initWebDrivereStore(Hooks.java:148)

runScenario(tests.runners.RunTest)  Time elapsed: 0.048 sec  <<< FAILURE!
java.lang.AssertionError: Environment Variable is NOT Set
	at org.testng.Assert.fail(Assert.java:110)
	at tests.utility.Hooks.ConfigFileReader(Hooks.java:69)
	at tests.utility.Hooks.initWebDrivereStore(Hooks.java:148)

runScenario(tests.runners.RunTest)  Time elapsed: 0.047 sec  <<< FAILURE!
java.lang.AssertionError: Environment Variable is NOT Set
	at org.testng.Assert.fail(Assert.java:110)
	at tests.utility.Hooks.ConfigFileReader(Hooks.java:69)
	at tests.utility.Hooks.initWebDrivereStore(Hooks.java:148)

runScenario(tests.runners.RunTest)  Time elapsed: 0.041 sec  <<< FAILURE!
java.lang.AssertionError: Environment Variable is NOT Set
	at org.testng.Assert.fail(Assert.java:110)
	at tests.utility.Hooks.ConfigFileReader(Hooks.java:69)
	at tests.utility.Hooks.initWebDrivereStore(Hooks.java:148)

runScenario(tests.runners.RunTest)  Time elapsed: 0.038 sec  <<< FAILURE!
java.lang.AssertionError: Environment Variable is NOT Set
	at org.testng.Assert.fail(Assert.java:110)
	at tests.utility.Hooks.ConfigFileReader(Hooks.java:69)
	at tests.utility.Hooks.initWebDrivereStore(Hooks.java:148)

runScenario(tests.runners.RunTest)  Time elapsed: 0.044 sec  <<< FAILURE!
java.lang.AssertionError: Environment Variable is NOT Set
	at org.testng.Assert.fail(Assert.java:110)
	at tests.utility.Hooks.ConfigFileReader(Hooks.java:69)
	at tests.utility.Hooks.initWebDrivereStore(Hooks.java:148)

runScenario(tests.runners.RunTest)  Time elapsed: 0.042 sec  <<< FAILURE!
java.lang.AssertionError: Environment Variable is NOT Set
	at org.testng.Assert.fail(Assert.java:110)
	at tests.utility.Hooks.ConfigFileReader(Hooks.java:69)
	at tests.utility.Hooks.initWebDrivereStore(Hooks.java:148)

runScenario(tests.runners.RunTest)  Time elapsed: 0.042 sec  <<< FAILURE!
java.lang.AssertionError: Environment Variable is NOT Set
	at org.testng.Assert.fail(Assert.java:110)
	at tests.utility.Hooks.ConfigFileReader(Hooks.java:69)
	at tests.utility.Hooks.initWebDrivereStore(Hooks.java:148)

runScenario(tests.runners.RunTest)  Time elapsed: 0.048 sec  <<< FAILURE!
java.lang.AssertionError: Environment Variable is NOT Set
	at org.testng.Assert.fail(Assert.java:110)
	at tests.utility.Hooks.ConfigFileReader(Hooks.java:69)
	at tests.utility.Hooks.initWebDrivereStore(Hooks.java:148)

runScenario(tests.runners.RunTest)  Time elapsed: 0.037 sec  <<< FAILURE!
java.lang.AssertionError: Environment Variable is NOT Set
	at org.testng.Assert.fail(Assert.java:110)
	at tests.utility.Hooks.ConfigFileReader(Hooks.java:69)
	at tests.utility.Hooks.initWebDrivereStore(Hooks.java:148)

runScenario(tests.runners.RunTest)  Time elapsed: 0.032 sec  <<< FAILURE!
java.lang.AssertionError: Environment Variable is NOT Set
	at org.testng.Assert.fail(Assert.java:110)
	at tests.utility.Hooks.ConfigFileReader(Hooks.java:69)
	at tests.utility.Hooks.initWebDrivereStore(Hooks.java:148)

runScenario(tests.runners.RunTest)  Time elapsed: 0.034 sec  <<< FAILURE!
java.lang.AssertionError: Environment Variable is NOT Set
	at org.testng.Assert.fail(Assert.java:110)
	at tests.utility.Hooks.ConfigFileReader(Hooks.java:69)
	at tests.utility.Hooks.initWebDrivereStore(Hooks.java:148)

runScenario(tests.runners.RunTest)  Time elapsed: 0.035 sec  <<< FAILURE!
java.lang.AssertionError: Environment Variable is NOT Set
	at org.testng.Assert.fail(Assert.java:110)
	at tests.utility.Hooks.ConfigFileReader(Hooks.java:69)
	at tests.utility.Hooks.initWebDrivereStore(Hooks.java:148)

runScenario(tests.runners.RunTest)  Time elapsed: 0.034 sec  <<< FAILURE!
java.lang.AssertionError: Environment Variable is NOT Set
	at org.testng.Assert.fail(Assert.java:110)
	at tests.utility.Hooks.ConfigFileReader(Hooks.java:69)
	at tests.utility.Hooks.initWebDrivereStore(Hooks.java:148)

runScenario(tests.runners.RunTest)  Time elapsed: 0.03 sec  <<< FAILURE!
java.lang.AssertionError: Environment Variable is NOT Set
	at org.testng.Assert.fail(Assert.java:110)
	at tests.utility.Hooks.ConfigFileReader(Hooks.java:69)
	at tests.utility.Hooks.initWebDrivereStore(Hooks.java:148)

runScenario(tests.runners.RunTest)  Time elapsed: 0.031 sec  <<< FAILURE!
java.lang.AssertionError: Environment Variable is NOT Set
	at org.testng.Assert.fail(Assert.java:110)
	at tests.utility.Hooks.ConfigFileReader(Hooks.java:69)
	at tests.utility.Hooks.initWebDrivereStore(Hooks.java:148)

runScenario(tests.runners.RunTest)  Time elapsed: 0.032 sec  <<< FAILURE!
java.lang.AssertionError: Environment Variable is NOT Set
	at org.testng.Assert.fail(Assert.java:110)
	at tests.utility.Hooks.ConfigFileReader(Hooks.java:69)
	at tests.utility.Hooks.initWebDrivereStore(Hooks.java:148)

runScenario(tests.runners.RunTest)  Time elapsed: 0.06 sec  <<< FAILURE!
java.lang.AssertionError: Environment Variable is NOT Set
	at org.testng.Assert.fail(Assert.java:110)
	at tests.utility.Hooks.ConfigFileReader(Hooks.java:69)
	at tests.utility.Hooks.initWebDrivereStore(Hooks.java:148)

runScenario(tests.runners.RunTest)  Time elapsed: 0.032 sec  <<< FAILURE!
java.lang.AssertionError: Environment Variable is NOT Set
	at org.testng.Assert.fail(Assert.java:110)
	at tests.utility.Hooks.ConfigFileReader(Hooks.java:69)
	at tests.utility.Hooks.initWebDrivereStore(Hooks.java:148)

runScenario(tests.runners.RunTest)  Time elapsed: 0.032 sec  <<< FAILURE!
java.lang.AssertionError: Environment Variable is NOT Set
	at org.testng.Assert.fail(Assert.java:110)
	at tests.utility.Hooks.ConfigFileReader(Hooks.java:69)
	at tests.utility.Hooks.initWebDrivereStore(Hooks.java:148)

runScenario(tests.runners.RunTest)  Time elapsed: 0.03 sec  <<< FAILURE!
java.lang.AssertionError: Environment Variable is NOT Set
	at org.testng.Assert.fail(Assert.java:110)
	at tests.utility.Hooks.ConfigFileReader(Hooks.java:69)
	at tests.utility.Hooks.initWebDrivereStore(Hooks.java:148)

runScenario(tests.runners.RunTest)  Time elapsed: 0.03 sec  <<< FAILURE!
java.lang.AssertionError: Environment Variable is NOT Set
	at org.testng.Assert.fail(Assert.java:110)
	at tests.utility.Hooks.ConfigFileReader(Hooks.java:69)
	at tests.utility.Hooks.initWebDrivereStore(Hooks.java:148)

runScenario(tests.runners.RunTest)  Time elapsed: 0.032 sec  <<< FAILURE!
java.lang.AssertionError: Environment Variable is NOT Set
	at org.testng.Assert.fail(Assert.java:110)
	at tests.utility.Hooks.ConfigFileReader(Hooks.java:69)
	at tests.utility.Hooks.initWebDrivereStore(Hooks.java:148)

runScenario(tests.runners.RunTest)  Time elapsed: 0.031 sec  <<< FAILURE!
java.lang.AssertionError: Environment Variable is NOT Set
	at org.testng.Assert.fail(Assert.java:110)
	at tests.utility.Hooks.ConfigFileReader(Hooks.java:69)
	at tests.utility.Hooks.initWebDrivereStore(Hooks.java:148)

runScenario(tests.runners.RunTest)  Time elapsed: 0.032 sec  <<< FAILURE!
java.lang.AssertionError: Environment Variable is NOT Set
	at org.testng.Assert.fail(Assert.java:110)
	at tests.utility.Hooks.ConfigFileReader(Hooks.java:69)
	at tests.utility.Hooks.initWebDrivereStore(Hooks.java:148)

runScenario(tests.runners.RunTest)  Time elapsed: 0.032 sec  <<< FAILURE!
java.lang.AssertionError: Environment Variable is NOT Set
	at org.testng.Assert.fail(Assert.java:110)
	at tests.utility.Hooks.ConfigFileReader(Hooks.java:69)
	at tests.utility.Hooks.initWebDrivereStore(Hooks.java:148)

runScenario(tests.runners.RunTest)  Time elapsed: 0.069 sec  <<< FAILURE!
java.lang.AssertionError: Environment Variable is NOT Set
	at org.testng.Assert.fail(Assert.java:110)
	at tests.utility.Hooks.ConfigFileReader(Hooks.java:69)
	at tests.utility.Hooks.initWebDrivereStore(Hooks.java:148)

runScenario(tests.runners.RunTest)  Time elapsed: 0.034 sec  <<< FAILURE!
java.lang.AssertionError: Environment Variable is NOT Set
	at org.testng.Assert.fail(Assert.java:110)
	at tests.utility.Hooks.ConfigFileReader(Hooks.java:69)
	at tests.utility.Hooks.initWebDrivereStore(Hooks.java:148)

runScenario(tests.runners.RunTest)  Time elapsed: 0.034 sec  <<< FAILURE!
java.lang.AssertionError: Environment Variable is NOT Set
	at org.testng.Assert.fail(Assert.java:110)
	at tests.utility.Hooks.ConfigFileReader(Hooks.java:69)
	at tests.utility.Hooks.initWebDrivereStore(Hooks.java:148)

runScenario(tests.runners.RunTest)  Time elapsed: 0.032 sec  <<< FAILURE!
java.lang.AssertionError: Environment Variable is NOT Set
	at org.testng.Assert.fail(Assert.java:110)
	at tests.utility.Hooks.ConfigFileReader(Hooks.java:69)
	at tests.utility.Hooks.initWebDrivereStore(Hooks.java:148)

runScenario(tests.runners.RunTest)  Time elapsed: 0.033 sec  <<< FAILURE!
java.lang.AssertionError: Environment Variable is NOT Set
	at org.testng.Assert.fail(Assert.java:110)
	at tests.utility.Hooks.ConfigFileReader(Hooks.java:69)
	at tests.utility.Hooks.initWebDrivereStore(Hooks.java:148)

runScenario(tests.runners.RunTest)  Time elapsed: 0.033 sec  <<< FAILURE!
java.lang.AssertionError: Environment Variable is NOT Set
	at org.testng.Assert.fail(Assert.java:110)
	at tests.utility.Hooks.ConfigFileReader(Hooks.java:69)
	at tests.utility.Hooks.initWebDrivereStore(Hooks.java:148)

runScenario(tests.runners.RunTest)  Time elapsed: 0.032 sec  <<< FAILURE!
java.lang.AssertionError: Environment Variable is NOT Set
	at org.testng.Assert.fail(Assert.java:110)
	at tests.utility.Hooks.ConfigFileReader(Hooks.java:69)
	at tests.utility.Hooks.initWebDrivereStore(Hooks.java:148)

runScenario(tests.runners.RunTest)  Time elapsed: 0.033 sec  <<< FAILURE!
java.lang.AssertionError: Environment Variable is NOT Set
	at org.testng.Assert.fail(Assert.java:110)
	at tests.utility.Hooks.ConfigFileReader(Hooks.java:69)
	at tests.utility.Hooks.initWebDrivereStore(Hooks.java:148)

runScenario(tests.runners.RunTest)  Time elapsed: 0.034 sec  <<< FAILURE!
java.lang.AssertionError: Environment Variable is NOT Set
	at org.testng.Assert.fail(Assert.java:110)
	at tests.utility.Hooks.ConfigFileReader(Hooks.java:69)
	at tests.utility.Hooks.initWebDrivereStore(Hooks.java:148)

runScenario(tests.runners.RunTest)  Time elapsed: 0.032 sec  <<< FAILURE!
java.lang.AssertionError: Environment Variable is NOT Set
	at org.testng.Assert.fail(Assert.java:110)
	at tests.utility.Hooks.ConfigFileReader(Hooks.java:69)
	at tests.utility.Hooks.initWebDrivereStore(Hooks.java:148)

runScenario(tests.runners.RunTest)  Time elapsed: 0.03 sec  <<< FAILURE!
java.lang.AssertionError: Environment Variable is NOT Set
	at org.testng.Assert.fail(Assert.java:110)
	at tests.utility.Hooks.ConfigFileReader(Hooks.java:69)
	at tests.utility.Hooks.initWebDrivereStore(Hooks.java:148)

runScenario(tests.runners.RunTest)  Time elapsed: 0.035 sec  <<< FAILURE!
java.lang.AssertionError: Environment Variable is NOT Set
	at org.testng.Assert.fail(Assert.java:110)
	at tests.utility.Hooks.ConfigFileReader(Hooks.java:69)
	at tests.utility.Hooks.initWebDrivereStore(Hooks.java:148)

runScenario(tests.runners.RunTest)  Time elapsed: 0.037 sec  <<< FAILURE!
java.lang.AssertionError: Environment Variable is NOT Set
	at org.testng.Assert.fail(Assert.java:110)
	at tests.utility.Hooks.ConfigFileReader(Hooks.java:69)
	at tests.utility.Hooks.initWebDrivereStore(Hooks.java:148)

runScenario(tests.runners.RunTest)  Time elapsed: 0.031 sec  <<< FAILURE!
java.lang.AssertionError: Environment Variable is NOT Set
	at org.testng.Assert.fail(Assert.java:110)
	at tests.utility.Hooks.ConfigFileReader(Hooks.java:69)
	at tests.utility.Hooks.initWebDrivereStore(Hooks.java:148)

runScenario(tests.runners.RunTest)  Time elapsed: 0.029 sec  <<< FAILURE!
java.lang.AssertionError: Environment Variable is NOT Set
	at org.testng.Assert.fail(Assert.java:110)
	at tests.utility.Hooks.ConfigFileReader(Hooks.java:69)
	at tests.utility.Hooks.initWebDrivereStore(Hooks.java:148)

runScenario(tests.runners.RunTest)  Time elapsed: 0.029 sec  <<< FAILURE!
java.lang.AssertionError: Environment Variable is NOT Set
	at org.testng.Assert.fail(Assert.java:110)
	at tests.utility.Hooks.ConfigFileReader(Hooks.java:69)
	at tests.utility.Hooks.initWebDrivereStore(Hooks.java:148)

runScenario(tests.runners.RunTest)  Time elapsed: 0.029 sec  <<< FAILURE!
java.lang.AssertionError: Environment Variable is NOT Set
	at org.testng.Assert.fail(Assert.java:110)
	at tests.utility.Hooks.ConfigFileReader(Hooks.java:69)
	at tests.utility.Hooks.initWebDrivereStore(Hooks.java:148)

runScenario(tests.runners.RunTest)  Time elapsed: 0.03 sec  <<< FAILURE!
java.lang.AssertionError: Environment Variable is NOT Set
	at org.testng.Assert.fail(Assert.java:110)
	at tests.utility.Hooks.ConfigFileReader(Hooks.java:69)
	at tests.utility.Hooks.initWebDrivereStore(Hooks.java:148)

runScenario(tests.runners.RunTest)  Time elapsed: 0.032 sec  <<< FAILURE!
java.lang.AssertionError: Environment Variable is NOT Set
	at org.testng.Assert.fail(Assert.java:110)
	at tests.utility.Hooks.ConfigFileReader(Hooks.java:69)
	at tests.utility.Hooks.initWebDrivereStore(Hooks.java:148)

runScenario(tests.runners.RunTest)  Time elapsed: 0.033 sec  <<< FAILURE!
java.lang.AssertionError: Environment Variable is NOT Set
	at org.testng.Assert.fail(Assert.java:110)
	at tests.utility.Hooks.ConfigFileReader(Hooks.java:69)
	at tests.utility.Hooks.initWebDrivereStore(Hooks.java:148)

runScenario(tests.runners.RunTest)  Time elapsed: 0.034 sec  <<< FAILURE!
java.lang.AssertionError: Environment Variable is NOT Set
	at org.testng.Assert.fail(Assert.java:110)
	at tests.utility.Hooks.ConfigFileReader(Hooks.java:69)
	at tests.utility.Hooks.initWebDrivereStore(Hooks.java:148)

runScenario(tests.runners.RunTest)  Time elapsed: 0.029 sec  <<< FAILURE!
java.lang.AssertionError: Environment Variable is NOT Set
	at org.testng.Assert.fail(Assert.java:110)
	at tests.utility.Hooks.ConfigFileReader(Hooks.java:69)
	at tests.utility.Hooks.initWebDrivereStore(Hooks.java:148)

runScenario(tests.runners.RunTest)  Time elapsed: 0.031 sec  <<< FAILURE!
java.lang.AssertionError: Environment Variable is NOT Set
	at org.testng.Assert.fail(Assert.java:110)
	at tests.utility.Hooks.ConfigFileReader(Hooks.java:69)
	at tests.utility.Hooks.initWebDrivereStore(Hooks.java:148)

runScenario(tests.runners.RunTest)  Time elapsed: 0.032 sec  <<< FAILURE!
java.lang.AssertionError: Environment Variable is NOT Set
	at org.testng.Assert.fail(Assert.java:110)
	at tests.utility.Hooks.ConfigFileReader(Hooks.java:69)
	at tests.utility.Hooks.initWebDrivereStore(Hooks.java:148)

runScenario(tests.runners.RunTest)  Time elapsed: 0.029 sec  <<< FAILURE!
java.lang.AssertionError: Environment Variable is NOT Set
	at org.testng.Assert.fail(Assert.java:110)
	at tests.utility.Hooks.ConfigFileReader(Hooks.java:69)
	at tests.utility.Hooks.initWebDrivereStore(Hooks.java:148)

runScenario(tests.runners.RunTest)  Time elapsed: 0.033 sec  <<< FAILURE!
java.lang.AssertionError: Environment Variable is NOT Set
	at org.testng.Assert.fail(Assert.java:110)
	at tests.utility.Hooks.ConfigFileReader(Hooks.java:69)
	at tests.utility.Hooks.initWebDrivereStore(Hooks.java:148)

runScenario(tests.runners.RunTest)  Time elapsed: 0.032 sec  <<< FAILURE!
java.lang.AssertionError: Environment Variable is NOT Set
	at org.testng.Assert.fail(Assert.java:110)
	at tests.utility.Hooks.ConfigFileReader(Hooks.java:69)
	at tests.utility.Hooks.initWebDrivereStore(Hooks.java:148)

runScenario(tests.runners.RunTest)  Time elapsed: 0.064 sec  <<< FAILURE!
java.lang.AssertionError: Environment Variable is NOT Set
	at org.testng.Assert.fail(Assert.java:110)
	at tests.utility.Hooks.ConfigFileReader(Hooks.java:69)
	at tests.utility.Hooks.initWebDrivereStore(Hooks.java:148)

runScenario(tests.runners.RunTest)  Time elapsed: 0.028 sec  <<< FAILURE!
java.lang.AssertionError: Environment Variable is NOT Set
	at org.testng.Assert.fail(Assert.java:110)
	at tests.utility.Hooks.ConfigFileReader(Hooks.java:69)
	at tests.utility.Hooks.initWebDrivereStore(Hooks.java:148)

runScenario(tests.runners.RunTest)  Time elapsed: 0.029 sec  <<< FAILURE!
java.lang.AssertionError: Environment Variable is NOT Set
	at org.testng.Assert.fail(Assert.java:110)
	at tests.utility.Hooks.ConfigFileReader(Hooks.java:69)
	at tests.utility.Hooks.initWebDrivereStore(Hooks.java:148)

runScenario(tests.runners.RunTest)  Time elapsed: 0.029 sec  <<< FAILURE!
java.lang.AssertionError: Environment Variable is NOT Set
	at org.testng.Assert.fail(Assert.java:110)
	at tests.utility.Hooks.ConfigFileReader(Hooks.java:69)
	at tests.utility.Hooks.initWebDrivereStore(Hooks.java:148)

runScenario(tests.runners.RunTest)  Time elapsed: 0.033 sec  <<< FAILURE!
java.lang.AssertionError: Environment Variable is NOT Set
	at org.testng.Assert.fail(Assert.java:110)
	at tests.utility.Hooks.ConfigFileReader(Hooks.java:69)
	at tests.utility.Hooks.initWebDrivereStore(Hooks.java:148)

runScenario(tests.runners.RunTest)  Time elapsed: 0.033 sec  <<< FAILURE!
java.lang.AssertionError: Environment Variable is NOT Set
	at org.testng.Assert.fail(Assert.java:110)
	at tests.utility.Hooks.ConfigFileReader(Hooks.java:69)
	at tests.utility.Hooks.initWebDrivereStore(Hooks.java:148)

runScenario(tests.runners.RunTest)  Time elapsed: 0.031 sec  <<< FAILURE!
java.lang.AssertionError: Environment Variable is NOT Set
	at org.testng.Assert.fail(Assert.java:110)
	at tests.utility.Hooks.ConfigFileReader(Hooks.java:69)
	at tests.utility.Hooks.initWebDrivereStore(Hooks.java:148)

runScenario(tests.runners.RunTest)  Time elapsed: 0.031 sec  <<< FAILURE!
java.lang.AssertionError: Environment Variable is NOT Set
	at org.testng.Assert.fail(Assert.java:110)
	at tests.utility.Hooks.ConfigFileReader(Hooks.java:69)
	at tests.utility.Hooks.initWebDrivereStore(Hooks.java:148)

runScenario(tests.runners.RunTest)  Time elapsed: 0.029 sec  <<< FAILURE!
java.lang.AssertionError: Environment Variable is NOT Set
	at org.testng.Assert.fail(Assert.java:110)
	at tests.utility.Hooks.ConfigFileReader(Hooks.java:69)
	at tests.utility.Hooks.initWebDrivereStore(Hooks.java:148)

runScenario(tests.runners.RunTest)  Time elapsed: 0.029 sec  <<< FAILURE!
java.lang.AssertionError: Environment Variable is NOT Set
	at org.testng.Assert.fail(Assert.java:110)
	at tests.utility.Hooks.ConfigFileReader(Hooks.java:69)
	at tests.utility.Hooks.initWebDrivereStore(Hooks.java:148)

runScenario(tests.runners.RunTest)  Time elapsed: 0.028 sec  <<< FAILURE!
java.lang.AssertionError: Environment Variable is NOT Set
	at org.testng.Assert.fail(Assert.java:110)
	at tests.utility.Hooks.ConfigFileReader(Hooks.java:69)
	at tests.utility.Hooks.initWebDrivereStore(Hooks.java:148)

runScenario(tests.runners.RunTest)  Time elapsed: 0.032 sec  <<< FAILURE!
java.lang.AssertionError: Environment Variable is NOT Set
	at org.testng.Assert.fail(Assert.java:110)
	at tests.utility.Hooks.ConfigFileReader(Hooks.java:69)
	at tests.utility.Hooks.initWebDrivereStore(Hooks.java:148)

runScenario(tests.runners.RunTest)  Time elapsed: 0.034 sec  <<< FAILURE!
java.lang.AssertionError: Environment Variable is NOT Set
	at org.testng.Assert.fail(Assert.java:110)
	at tests.utility.Hooks.ConfigFileReader(Hooks.java:69)
	at tests.utility.Hooks.initWebDrivereStore(Hooks.java:148)

runScenario(tests.runners.RunTest)  Time elapsed: 0.033 sec  <<< FAILURE!
java.lang.AssertionError: Environment Variable is NOT Set
	at org.testng.Assert.fail(Assert.java:110)
	at tests.utility.Hooks.ConfigFileReader(Hooks.java:69)
	at tests.utility.Hooks.initWebDrivereStore(Hooks.java:148)

runScenario(tests.runners.RunTest)  Time elapsed: 0.029 sec  <<< FAILURE!
java.lang.AssertionError: Environment Variable is NOT Set
	at org.testng.Assert.fail(Assert.java:110)
	at tests.utility.Hooks.ConfigFileReader(Hooks.java:69)
	at tests.utility.Hooks.initWebDrivereStore(Hooks.java:148)

runScenario(tests.runners.RunTest)  Time elapsed: 0.031 sec  <<< FAILURE!
java.lang.AssertionError: Environment Variable is NOT Set
	at org.testng.Assert.fail(Assert.java:110)
	at tests.utility.Hooks.ConfigFileReader(Hooks.java:69)
	at tests.utility.Hooks.initWebDrivereStore(Hooks.java:148)

runScenario(tests.runners.RunTest)  Time elapsed: 0.032 sec  <<< FAILURE!
java.lang.AssertionError: Environment Variable is NOT Set
	at org.testng.Assert.fail(Assert.java:110)
	at tests.utility.Hooks.ConfigFileReader(Hooks.java:69)
	at tests.utility.Hooks.initWebDrivereStore(Hooks.java:148)

runScenario(tests.runners.RunTest)  Time elapsed: 0.029 sec  <<< FAILURE!
java.lang.AssertionError: Environment Variable is NOT Set
	at org.testng.Assert.fail(Assert.java:110)
	at tests.utility.Hooks.ConfigFileReader(Hooks.java:69)
	at tests.utility.Hooks.initWebDrivereStore(Hooks.java:148)

runScenario(tests.runners.RunTest)  Time elapsed: 0.033 sec  <<< FAILURE!
java.lang.AssertionError: Environment Variable is NOT Set
	at org.testng.Assert.fail(Assert.java:110)
	at tests.utility.Hooks.ConfigFileReader(Hooks.java:69)
	at tests.utility.Hooks.initWebDrivereStore(Hooks.java:148)

runScenario(tests.runners.RunTest)  Time elapsed: 0.033 sec  <<< FAILURE!
java.lang.AssertionError: Environment Variable is NOT Set
	at org.testng.Assert.fail(Assert.java:110)
	at tests.utility.Hooks.ConfigFileReader(Hooks.java:69)
	at tests.utility.Hooks.initWebDrivereStore(Hooks.java:148)

runScenario(tests.runners.RunTest)  Time elapsed: 0.031 sec  <<< FAILURE!
java.lang.AssertionError: Environment Variable is NOT Set
	at org.testng.Assert.fail(Assert.java:110)
	at tests.utility.Hooks.ConfigFileReader(Hooks.java:69)
	at tests.utility.Hooks.initWebDrivereStore(Hooks.java:148)

runScenario(tests.runners.RunTest)  Time elapsed: 0.032 sec  <<< FAILURE!
java.lang.AssertionError: Environment Variable is NOT Set
	at org.testng.Assert.fail(Assert.java:110)
	at tests.utility.Hooks.ConfigFileReader(Hooks.java:69)
	at tests.utility.Hooks.initWebDrivereStore(Hooks.java:148)

runScenario(tests.runners.RunTest)  Time elapsed: 0.033 sec  <<< FAILURE!
java.lang.AssertionError: Environment Variable is NOT Set
	at org.testng.Assert.fail(Assert.java:110)
	at tests.utility.Hooks.ConfigFileReader(Hooks.java:69)
	at tests.utility.Hooks.initWebDrivereStore(Hooks.java:148)

runScenario(tests.runners.RunTest)  Time elapsed: 0.042 sec  <<< FAILURE!
java.lang.AssertionError: Environment Variable is NOT Set
	at org.testng.Assert.fail(Assert.java:110)
	at tests.utility.Hooks.ConfigFileReader(Hooks.java:69)
	at tests.utility.Hooks.initWebDrivereStore(Hooks.java:148)

runScenario(tests.runners.RunTest)  Time elapsed: 0.036 sec  <<< FAILURE!
java.lang.AssertionError: Environment Variable is NOT Set
	at org.testng.Assert.fail(Assert.java:110)
	at tests.utility.Hooks.ConfigFileReader(Hooks.java:69)
	at tests.utility.Hooks.initWebDrivereStore(Hooks.java:148)

runScenario(tests.runners.RunTest)  Time elapsed: 0.036 sec  <<< FAILURE!
java.lang.AssertionError: Environment Variable is NOT Set
	at org.testng.Assert.fail(Assert.java:110)
	at tests.utility.Hooks.ConfigFileReader(Hooks.java:69)
	at tests.utility.Hooks.initWebDrivereStore(Hooks.java:148)

runScenario(tests.runners.RunTest)  Time elapsed: 0.033 sec  <<< FAILURE!
java.lang.AssertionError: Environment Variable is NOT Set
	at org.testng.Assert.fail(Assert.java:110)
	at tests.utility.Hooks.ConfigFileReader(Hooks.java:69)
	at tests.utility.Hooks.initWebDrivereStore(Hooks.java:148)

runScenario(tests.runners.RunTest)  Time elapsed: 0.067 sec  <<< FAILURE!
java.lang.AssertionError: Environment Variable is NOT Set
	at org.testng.Assert.fail(Assert.java:110)
	at tests.utility.Hooks.ConfigFileReader(Hooks.java:69)
	at tests.utility.Hooks.initWebDrivereStore(Hooks.java:148)

runScenario(tests.runners.RunTest)  Time elapsed: 0.036 sec  <<< FAILURE!
java.lang.AssertionError: Environment Variable is NOT Set
	at org.testng.Assert.fail(Assert.java:110)
	at tests.utility.Hooks.ConfigFileReader(Hooks.java:69)
	at tests.utility.Hooks.initWebDrivereStore(Hooks.java:148)

runScenario(tests.runners.RunTest)  Time elapsed: 0.034 sec  <<< FAILURE!
java.lang.AssertionError: Environment Variable is NOT Set
	at org.testng.Assert.fail(Assert.java:110)
	at tests.utility.Hooks.ConfigFileReader(Hooks.java:69)
	at tests.utility.Hooks.initWebDrivereStore(Hooks.java:148)

runScenario(tests.runners.RunTest)  Time elapsed: 0.04 sec  <<< FAILURE!
java.lang.AssertionError: Environment Variable is NOT Set
	at org.testng.Assert.fail(Assert.java:110)
	at tests.utility.Hooks.ConfigFileReader(Hooks.java:69)
	at tests.utility.Hooks.initWebDrivereStore(Hooks.java:148)

runScenario(tests.runners.RunTest)  Time elapsed: 0.033 sec  <<< FAILURE!
java.lang.AssertionError: Environment Variable is NOT Set
	at org.testng.Assert.fail(Assert.java:110)
	at tests.utility.Hooks.ConfigFileReader(Hooks.java:69)
	at tests.utility.Hooks.initWebDrivereStore(Hooks.java:148)

runScenario(tests.runners.RunTest)  Time elapsed: 0.034 sec  <<< FAILURE!
java.lang.AssertionError: Environment Variable is NOT Set
	at org.testng.Assert.fail(Assert.java:110)
	at tests.utility.Hooks.ConfigFileReader(Hooks.java:69)
	at tests.utility.Hooks.initWebDrivereStore(Hooks.java:148)

runScenario(tests.runners.RunTest)  Time elapsed: 0.033 sec  <<< FAILURE!
java.lang.AssertionError: Environment Variable is NOT Set
	at org.testng.Assert.fail(Assert.java:110)
	at tests.utility.Hooks.ConfigFileReader(Hooks.java:69)
	at tests.utility.Hooks.initWebDrivereStore(Hooks.java:148)

runScenario(tests.runners.RunTest)  Time elapsed: 0.031 sec  <<< FAILURE!
java.lang.AssertionError: Environment Variable is NOT Set
	at org.testng.Assert.fail(Assert.java:110)
	at tests.utility.Hooks.ConfigFileReader(Hooks.java:69)
	at tests.utility.Hooks.initWebDrivereStore(Hooks.java:148)

runScenario(tests.runners.RunTest)  Time elapsed: 0.031 sec  <<< FAILURE!
java.lang.AssertionError: Environment Variable is NOT Set
	at org.testng.Assert.fail(Assert.java:110)
	at tests.utility.Hooks.ConfigFileReader(Hooks.java:69)
	at tests.utility.Hooks.initWebDrivereStore(Hooks.java:148)

runScenario(tests.runners.RunTest)  Time elapsed: 0.036 sec  <<< FAILURE!
java.lang.AssertionError: Environment Variable is NOT Set
	at org.testng.Assert.fail(Assert.java:110)
	at tests.utility.Hooks.ConfigFileReader(Hooks.java:69)
	at tests.utility.Hooks.initWebDrivereStore(Hooks.java:148)

runScenario(tests.runners.RunTest)  Time elapsed: 0.034 sec  <<< FAILURE!
java.lang.AssertionError: Environment Variable is NOT Set
	at org.testng.Assert.fail(Assert.java:110)
	at tests.utility.Hooks.ConfigFileReader(Hooks.java:69)
	at tests.utility.Hooks.initWebDrivereStore(Hooks.java:148)

runScenario(tests.runners.RunTest)  Time elapsed: 0.036 sec  <<< FAILURE!
java.lang.AssertionError: Environment Variable is NOT Set
	at org.testng.Assert.fail(Assert.java:110)
	at tests.utility.Hooks.ConfigFileReader(Hooks.java:69)
	at tests.utility.Hooks.initWebDrivereStore(Hooks.java:148)

runScenario(tests.runners.RunTest)  Time elapsed: 0.038 sec  <<< FAILURE!
java.lang.AssertionError: Environment Variable is NOT Set
	at org.testng.Assert.fail(Assert.java:110)
	at tests.utility.Hooks.ConfigFileReader(Hooks.java:69)
	at tests.utility.Hooks.initWebDrivereStore(Hooks.java:148)

runScenario(tests.runners.RunTest)  Time elapsed: 0.033 sec  <<< FAILURE!
java.lang.AssertionError: Environment Variable is NOT Set
	at org.testng.Assert.fail(Assert.java:110)
	at tests.utility.Hooks.ConfigFileReader(Hooks.java:69)
	at tests.utility.Hooks.initWebDrivereStore(Hooks.java:148)

runScenario(tests.runners.RunTest)  Time elapsed: 0.036 sec  <<< FAILURE!
java.lang.AssertionError: Environment Variable is NOT Set
	at org.testng.Assert.fail(Assert.java:110)
	at tests.utility.Hooks.ConfigFileReader(Hooks.java:69)
	at tests.utility.Hooks.initWebDrivereStore(Hooks.java:148)

runScenario(tests.runners.RunTest)  Time elapsed: 0.036 sec  <<< FAILURE!
java.lang.AssertionError: Environment Variable is NOT Set
	at org.testng.Assert.fail(Assert.java:110)
	at tests.utility.Hooks.ConfigFileReader(Hooks.java:69)
	at tests.utility.Hooks.initWebDrivereStore(Hooks.java:148)

runScenario(tests.runners.RunTest)  Time elapsed: 0.036 sec  <<< FAILURE!
java.lang.AssertionError: Environment Variable is NOT Set
	at org.testng.Assert.fail(Assert.java:110)
	at tests.utility.Hooks.ConfigFileReader(Hooks.java:69)
	at tests.utility.Hooks.initWebDrivereStore(Hooks.java:148)

runScenario(tests.runners.RunTest)  Time elapsed: 0.035 sec  <<< FAILURE!
java.lang.AssertionError: Environment Variable is NOT Set
	at org.testng.Assert.fail(Assert.java:110)
	at tests.utility.Hooks.ConfigFileReader(Hooks.java:69)
	at tests.utility.Hooks.initWebDrivereStore(Hooks.java:148)

runScenario(tests.runners.RunTest)  Time elapsed: 0.035 sec  <<< FAILURE!
java.lang.AssertionError: Environment Variable is NOT Set
	at org.testng.Assert.fail(Assert.java:110)
	at tests.utility.Hooks.ConfigFileReader(Hooks.java:69)
	at tests.utility.Hooks.initWebDrivereStore(Hooks.java:148)

runScenario(tests.runners.RunTest)  Time elapsed: 0.035 sec  <<< FAILURE!
java.lang.AssertionError: Environment Variable is NOT Set
	at org.testng.Assert.fail(Assert.java:110)
	at tests.utility.Hooks.ConfigFileReader(Hooks.java:69)
	at tests.utility.Hooks.initWebDrivereStore(Hooks.java:148)

runScenario(tests.runners.RunTest)  Time elapsed: 0.033 sec  <<< FAILURE!
java.lang.AssertionError: Environment Variable is NOT Set
	at org.testng.Assert.fail(Assert.java:110)
	at tests.utility.Hooks.ConfigFileReader(Hooks.java:69)
	at tests.utility.Hooks.initWebDrivereStore(Hooks.java:148)

runScenario(tests.runners.RunTest)  Time elapsed: 0.033 sec  <<< FAILURE!
java.lang.AssertionError: Environment Variable is NOT Set
	at org.testng.Assert.fail(Assert.java:110)
	at tests.utility.Hooks.ConfigFileReader(Hooks.java:69)
	at tests.utility.Hooks.initWebDrivereStore(Hooks.java:148)

runScenario(tests.runners.RunTest)  Time elapsed: 0.035 sec  <<< FAILURE!
java.lang.AssertionError: Environment Variable is NOT Set
	at org.testng.Assert.fail(Assert.java:110)
	at tests.utility.Hooks.ConfigFileReader(Hooks.java:69)
	at tests.utility.Hooks.initWebDrivereStore(Hooks.java:148)

runScenario(tests.runners.RunTest)  Time elapsed: 0.033 sec  <<< FAILURE!
java.lang.AssertionError: Environment Variable is NOT Set
	at org.testng.Assert.fail(Assert.java:110)
	at tests.utility.Hooks.ConfigFileReader(Hooks.java:69)
	at tests.utility.Hooks.initWebDrivereStore(Hooks.java:148)

runScenario(tests.runners.RunTest)  Time elapsed: 0.033 sec  <<< FAILURE!
java.lang.AssertionError: Environment Variable is NOT Set
	at org.testng.Assert.fail(Assert.java:110)
	at tests.utility.Hooks.ConfigFileReader(Hooks.java:69)
	at tests.utility.Hooks.initWebDrivereStore(Hooks.java:148)

runScenario(tests.runners.RunTest)  Time elapsed: 0.031 sec  <<< FAILURE!
java.lang.AssertionError: Environment Variable is NOT Set
	at org.testng.Assert.fail(Assert.java:110)
	at tests.utility.Hooks.ConfigFileReader(Hooks.java:69)
	at tests.utility.Hooks.initWebDrivereStore(Hooks.java:148)

runScenario(tests.runners.RunTest)  Time elapsed: 0.078 sec  <<< FAILURE!
java.lang.AssertionError: Environment Variable is NOT Set
	at org.testng.Assert.fail(Assert.java:110)
	at tests.utility.Hooks.ConfigFileReader(Hooks.java:69)
	at tests.utility.Hooks.initWebDrivereStore(Hooks.java:148)

runScenario(tests.runners.RunTest)  Time elapsed: 0.048 sec  <<< FAILURE!
java.lang.AssertionError: Environment Variable is NOT Set
	at org.testng.Assert.fail(Assert.java:110)
	at tests.utility.Hooks.ConfigFileReader(Hooks.java:69)
	at tests.utility.Hooks.initWebDrivereStore(Hooks.java:148)

runScenario(tests.runners.RunTest)  Time elapsed: 0.04 sec  <<< FAILURE!
java.lang.AssertionError: Environment Variable is NOT Set
	at org.testng.Assert.fail(Assert.java:110)
	at tests.utility.Hooks.ConfigFileReader(Hooks.java:69)
	at tests.utility.Hooks.initWebDrivereStore(Hooks.java:148)

runScenario(tests.runners.RunTest)  Time elapsed: 0.041 sec  <<< FAILURE!
java.lang.AssertionError: Environment Variable is NOT Set
	at org.testng.Assert.fail(Assert.java:110)
	at tests.utility.Hooks.ConfigFileReader(Hooks.java:69)
	at tests.utility.Hooks.initWebDrivereStore(Hooks.java:148)

runScenario(tests.runners.RunTest)  Time elapsed: 0.039 sec  <<< FAILURE!
java.lang.AssertionError: Environment Variable is NOT Set
	at org.testng.Assert.fail(Assert.java:110)
	at tests.utility.Hooks.ConfigFileReader(Hooks.java:69)
	at tests.utility.Hooks.initWebDrivereStore(Hooks.java:148)

runScenario(tests.runners.RunTest)  Time elapsed: 0.041 sec  <<< FAILURE!
java.lang.AssertionError: Environment Variable is NOT Set
	at org.testng.Assert.fail(Assert.java:110)
	at tests.utility.Hooks.ConfigFileReader(Hooks.java:69)
	at tests.utility.Hooks.initWebDrivereStore(Hooks.java:148)

runScenario(tests.runners.RunTest)  Time elapsed: 0.042 sec  <<< FAILURE!
java.lang.AssertionError: Environment Variable is NOT Set
	at org.testng.Assert.fail(Assert.java:110)
	at tests.utility.Hooks.ConfigFileReader(Hooks.java:69)
	at tests.utility.Hooks.initWebDrivereStore(Hooks.java:148)

runScenario(tests.runners.RunTest)  Time elapsed: 0.038 sec  <<< FAILURE!
java.lang.AssertionError: Environment Variable is NOT Set
	at org.testng.Assert.fail(Assert.java:110)
	at tests.utility.Hooks.ConfigFileReader(Hooks.java:69)
	at tests.utility.Hooks.initWebDrivereStore(Hooks.java:148)

runScenario(tests.runners.RunTest)  Time elapsed: 0.039 sec  <<< FAILURE!
java.lang.AssertionError: Environment Variable is NOT Set
	at org.testng.Assert.fail(Assert.java:110)
	at tests.utility.Hooks.ConfigFileReader(Hooks.java:69)
	at tests.utility.Hooks.initWebDrivereStore(Hooks.java:148)

runScenario(tests.runners.RunTest)  Time elapsed: 0.039 sec  <<< FAILURE!
java.lang.AssertionError: Environment Variable is NOT Set
	at org.testng.Assert.fail(Assert.java:110)
	at tests.utility.Hooks.ConfigFileReader(Hooks.java:69)
	at tests.utility.Hooks.initWebDrivereStore(Hooks.java:148)

runScenario(tests.runners.RunTest)  Time elapsed: 0.037 sec  <<< FAILURE!
java.lang.AssertionError: Environment Variable is NOT Set
	at org.testng.Assert.fail(Assert.java:110)
	at tests.utility.Hooks.ConfigFileReader(Hooks.java:69)
	at tests.utility.Hooks.initWebDrivereStore(Hooks.java:148)

runScenario(tests.runners.RunTest)  Time elapsed: 0.039 sec  <<< FAILURE!
java.lang.AssertionError: Environment Variable is NOT Set
	at org.testng.Assert.fail(Assert.java:110)
	at tests.utility.Hooks.ConfigFileReader(Hooks.java:69)
	at tests.utility.Hooks.initWebDrivereStore(Hooks.java:148)

runScenario(tests.runners.RunTest)  Time elapsed: 0.031 sec  <<< FAILURE!
java.lang.AssertionError: Environment Variable is NOT Set
	at org.testng.Assert.fail(Assert.java:110)
	at tests.utility.Hooks.ConfigFileReader(Hooks.java:69)
	at tests.utility.Hooks.initWebDrivereStore(Hooks.java:148)

runScenario(tests.runners.RunTest)  Time elapsed: 0.031 sec  <<< FAILURE!
java.lang.AssertionError: Environment Variable is NOT Set
	at org.testng.Assert.fail(Assert.java:110)
	at tests.utility.Hooks.ConfigFileReader(Hooks.java:69)
	at tests.utility.Hooks.initWebDrivereStore(Hooks.java:148)

runScenario(tests.runners.RunTest)  Time elapsed: 0.029 sec  <<< FAILURE!
java.lang.AssertionError: Environment Variable is NOT Set
	at org.testng.Assert.fail(Assert.java:110)
	at tests.utility.Hooks.ConfigFileReader(Hooks.java:69)
	at tests.utility.Hooks.initWebDrivereStore(Hooks.java:148)

runScenario(tests.runners.RunTest)  Time elapsed: 0.03 sec  <<< FAILURE!
java.lang.AssertionError: Environment Variable is NOT Set
	at org.testng.Assert.fail(Assert.java:110)
	at tests.utility.Hooks.ConfigFileReader(Hooks.java:69)
	at tests.utility.Hooks.initWebDrivereStore(Hooks.java:148)

runScenario(tests.runners.RunTest)  Time elapsed: 0.028 sec  <<< FAILURE!
java.lang.AssertionError: Environment Variable is NOT Set
	at org.testng.Assert.fail(Assert.java:110)
	at tests.utility.Hooks.ConfigFileReader(Hooks.java:69)
	at tests.utility.Hooks.initWebDrivereStore(Hooks.java:148)

runScenario(tests.runners.RunTest)  Time elapsed: 0.028 sec  <<< FAILURE!
java.lang.AssertionError: Environment Variable is NOT Set
	at org.testng.Assert.fail(Assert.java:110)
	at tests.utility.Hooks.ConfigFileReader(Hooks.java:69)
	at tests.utility.Hooks.initWebDrivereStore(Hooks.java:148)

runScenario(tests.runners.RunTest)  Time elapsed: 0.03 sec  <<< FAILURE!
java.lang.AssertionError: Environment Variable is NOT Set
	at org.testng.Assert.fail(Assert.java:110)
	at tests.utility.Hooks.ConfigFileReader(Hooks.java:69)
	at tests.utility.Hooks.initWebDrivereStore(Hooks.java:148)

runScenario(tests.runners.RunTest)  Time elapsed: 0.032 sec  <<< FAILURE!
java.lang.AssertionError: Environment Variable is NOT Set
	at org.testng.Assert.fail(Assert.java:110)
	at tests.utility.Hooks.ConfigFileReader(Hooks.java:69)
	at tests.utility.Hooks.initWebDrivereStore(Hooks.java:148)

runScenario(tests.runners.RunTest)  Time elapsed: 0.031 sec  <<< FAILURE!
java.lang.AssertionError: Environment Variable is NOT Set
	at org.testng.Assert.fail(Assert.java:110)
	at tests.utility.Hooks.ConfigFileReader(Hooks.java:69)
	at tests.utility.Hooks.initWebDrivereStore(Hooks.java:148)

runScenario(tests.runners.RunTest)  Time elapsed: 0.029 sec  <<< FAILURE!
java.lang.AssertionError: Environment Variable is NOT Set
	at org.testng.Assert.fail(Assert.java:110)
	at tests.utility.Hooks.ConfigFileReader(Hooks.java:69)
	at tests.utility.Hooks.initWebDrivereStore(Hooks.java:148)

runScenario(tests.runners.RunTest)  Time elapsed: 0.061 sec  <<< FAILURE!
java.lang.AssertionError: Environment Variable is NOT Set
	at org.testng.Assert.fail(Assert.java:110)
	at tests.utility.Hooks.ConfigFileReader(Hooks.java:69)
	at tests.utility.Hooks.initWebDrivereStore(Hooks.java:148)

runScenario(tests.runners.RunTest)  Time elapsed: 0.042 sec  <<< FAILURE!
java.lang.AssertionError: Environment Variable is NOT Set
	at org.testng.Assert.fail(Assert.java:110)
	at tests.utility.Hooks.ConfigFileReader(Hooks.java:69)
	at tests.utility.Hooks.initWebDrivereStore(Hooks.java:148)

runScenario(tests.runners.RunTest)  Time elapsed: 0.035 sec  <<< FAILURE!
java.lang.AssertionError: Environment Variable is NOT Set
	at org.testng.Assert.fail(Assert.java:110)
	at tests.utility.Hooks.ConfigFileReader(Hooks.java:69)
	at tests.utility.Hooks.initWebDrivereStore(Hooks.java:148)

runScenario(tests.runners.RunTest)  Time elapsed: 0.034 sec  <<< FAILURE!
java.lang.AssertionError: Environment Variable is NOT Set
	at org.testng.Assert.fail(Assert.java:110)
	at tests.utility.Hooks.ConfigFileReader(Hooks.java:69)
	at tests.utility.Hooks.initWebDrivereStore(Hooks.java:148)

runScenario(tests.runners.RunTest)  Time elapsed: 0.03 sec  <<< FAILURE!
java.lang.AssertionError: Environment Variable is NOT Set
	at org.testng.Assert.fail(Assert.java:110)
	at tests.utility.Hooks.ConfigFileReader(Hooks.java:69)
	at tests.utility.Hooks.initWebDrivereStore(Hooks.java:148)

runScenario(tests.runners.RunTest)  Time elapsed: 0.03 sec  <<< FAILURE!
java.lang.AssertionError: Environment Variable is NOT Set
	at org.testng.Assert.fail(Assert.java:110)
	at tests.utility.Hooks.ConfigFileReader(Hooks.java:69)
	at tests.utility.Hooks.initWebDrivereStore(Hooks.java:148)

runScenario(tests.runners.RunTest)  Time elapsed: 0.03 sec  <<< FAILURE!
java.lang.AssertionError: Environment Variable is NOT Set
	at org.testng.Assert.fail(Assert.java:110)
	at tests.utility.Hooks.ConfigFileReader(Hooks.java:69)
	at tests.utility.Hooks.initWebDrivereStore(Hooks.java:148)

runScenario(tests.runners.RunTest)  Time elapsed: 0.033 sec  <<< FAILURE!
java.lang.AssertionError: Environment Variable is NOT Set
	at org.testng.Assert.fail(Assert.java:110)
	at tests.utility.Hooks.ConfigFileReader(Hooks.java:69)
	at tests.utility.Hooks.initWebDrivereStore(Hooks.java:148)

runScenario(tests.runners.RunTest)  Time elapsed: 0.031 sec  <<< FAILURE!
java.lang.AssertionError: Environment Variable is NOT Set
	at org.testng.Assert.fail(Assert.java:110)
	at tests.utility.Hooks.ConfigFileReader(Hooks.java:69)
	at tests.utility.Hooks.initWebDrivereStore(Hooks.java:148)

runScenario(tests.runners.RunTest)  Time elapsed: 0.032 sec  <<< FAILURE!
java.lang.AssertionError: Environment Variable is NOT Set
	at org.testng.Assert.fail(Assert.java:110)
	at tests.utility.Hooks.ConfigFileReader(Hooks.java:69)
	at tests.utility.Hooks.initWebDrivereStore(Hooks.java:148)

runScenario(tests.runners.RunTest)  Time elapsed: 0.033 sec  <<< FAILURE!
java.lang.AssertionError: Environment Variable is NOT Set
	at org.testng.Assert.fail(Assert.java:110)
	at tests.utility.Hooks.ConfigFileReader(Hooks.java:69)
	at tests.utility.Hooks.initWebDrivereStore(Hooks.java:148)

tearDownClass(tests.runners.RunTest)  Time elapsed: 1.441 sec  <<< FAILURE!
java.lang.RuntimeException: javax.net.ssl.SSLHandshakeException: PKIX path building failed: sun.security.provider.certpath.SunCertPathBuilderException: unable to find valid certification path to requested target
	at io.cucumber.core.plugin.MessageFormatter.writeMessage(MessageFormatter.java:36)
	at io.cucumber.core.eventbus.AbstractEventPublisher.send(AbstractEventPublisher.java:51)
	at io.cucumber.core.eventbus.AbstractEventBus.send(AbstractEventBus.java:12)
	at io.cucumber.core.runtime.CucumberExecutionContext.emitTestRunFinished(CucumberExecutionContext.java:102)
	at io.cucumber.core.runtime.CucumberExecutionContext.finishTestRun(CucumberExecutionContext.java:74)
	at io.cucumber.testng.TestNGCucumberRunner.finish(TestNGCucumberRunner.java:126)
	at io.cucumber.testng.AbstractTestNGCucumberTests.tearDownClass(AbstractTestNGCucumberTests.java:53)
	at java.base/jdk.internal.reflect.NativeMethodAccessorImpl.invoke0(Native Method)
	at java.base/jdk.internal.reflect.NativeMethodAccessorImpl.invoke(NativeMethodAccessorImpl.java:78)
	at java.base/jdk.internal.reflect.DelegatingMethodAccessorImpl.invoke(DelegatingMethodAccessorImpl.java:43)
	at java.base/java.lang.reflect.Method.invoke(Method.java:567)
	at org.testng.internal.invokers.MethodInvocationHelper.invokeMethod(MethodInvocationHelper.java:135)
	at org.testng.internal.invokers.MethodInvocationHelper.invokeMethodConsideringTimeout(MethodInvocationHelper.java:65)
	at org.testng.internal.invokers.ConfigInvoker.invokeConfigurationMethod(ConfigInvoker.java:381)
	at org.testng.internal.invokers.ConfigInvoker.invokeConfigurations(ConfigInvoker.java:319)
	at org.testng.internal.invokers.TestMethodWorker.invokeAfterClassMethods(TestMethodWorker.java:220)
	at org.testng.internal.invokers.TestMethodWorker.run(TestMethodWorker.java:130)
	at java.base/java.util.ArrayList.forEach(ArrayList.java:1511)
	at org.testng.TestRunner.privateRun(TestRunner.java:808)
	at org.testng.TestRunner.run(TestRunner.java:603)
	at org.testng.SuiteRunner.runTest(SuiteRunner.java:429)
	at org.testng.SuiteRunner.runSequentially(SuiteRunner.java:423)
	at org.testng.SuiteRunner.privateRun(SuiteRunner.java:383)
	at org.testng.SuiteRunner.run(SuiteRunner.java:326)
	at org.testng.SuiteRunnerWorker.runSuite(SuiteRunnerWorker.java:52)
	at org.testng.SuiteRunnerWorker.run(SuiteRunnerWorker.java:95)
	at org.testng.TestNG.runSuitesSequentially(TestNG.java:1249)
	at org.testng.TestNG.runSuitesLocally(TestNG.java:1169)
	at org.testng.TestNG.runSuites(TestNG.java:1092)
	at org.testng.TestNG.run(TestNG.java:1060)
	at org.apache.maven.surefire.testng.TestNGExecutor.run(TestNGExecutor.java:295)
	at org.apache.maven.surefire.testng.TestNGXmlTestSuite.execute(TestNGXmlTestSuite.java:84)
	at org.apache.maven.surefire.testng.TestNGProvider.invoke(TestNGProvider.java:90)
	at org.apache.maven.surefire.booter.ForkedBooter.invokeProviderInSameClassLoader(ForkedBooter.java:203)
	at org.apache.maven.surefire.booter.ForkedBooter.runSuitesInProcess(ForkedBooter.java:155)
	at org.apache.maven.surefire.booter.ForkedBooter.main(ForkedBooter.java:103)
Caused by: javax.net.ssl.SSLHandshakeException: PKIX path building failed: sun.security.provider.certpath.SunCertPathBuilderException: unable to find valid certification path to requested target
	at java.base/jdk.internal.reflect.NativeConstructorAccessorImpl.newInstance0(Native Method)
	at java.base/jdk.internal.reflect.NativeConstructorAccessorImpl.newInstance(NativeConstructorAccessorImpl.java:78)
	at java.base/jdk.internal.reflect.DelegatingConstructorAccessorImpl.newInstance(DelegatingConstructorAccessorImpl.java:45)
	at java.base/java.lang.reflect.Constructor.newInstanceWithCaller(Constructor.java:499)
	at java.base/java.lang.reflect.Constructor.newInstance(Constructor.java:480)
	at java.base/sun.net.www.protocol.http.HttpURLConnection$10.run(HttpURLConnection.java:2035)
	at java.base/sun.net.www.protocol.http.HttpURLConnection$10.run(HttpURLConnection.java:2030)
	at java.base/java.security.AccessController.doPrivileged(AccessController.java:554)
	at java.base/sun.net.www.protocol.http.HttpURLConnection.getChainedException(HttpURLConnection.java:2029)
	at java.base/sun.net.www.protocol.http.HttpURLConnection.getInputStream0(HttpURLConnection.java:1597)
	at java.base/sun.net.www.protocol.http.HttpURLConnection.getInputStream(HttpURLConnection.java:1577)
	at java.base/java.net.HttpURLConnection.getResponseCode(HttpURLConnection.java:527)
	at java.base/sun.net.www.protocol.https.HttpsURLConnectionImpl.getResponseCode(HttpsURLConnectionImpl.java:308)
	at io.cucumber.core.plugin.UrlOutputStream.getResponseBody(UrlOutputStream.java:111)
	at io.cucumber.core.plugin.UrlOutputStream.sendRequest(UrlOutputStream.java:83)
	at io.cucumber.core.plugin.UrlOutputStream.close(UrlOutputStream.java:63)
	at java.base/sun.nio.cs.StreamEncoder.implClose(StreamEncoder.java:353)
	at java.base/sun.nio.cs.StreamEncoder.close(StreamEncoder.java:168)
	at java.base/java.io.OutputStreamWriter.close(OutputStreamWriter.java:252)
	at io.cucumber.core.plugin.MessageFormatter.writeMessage(MessageFormatter.java:33)
	at io.cucumber.core.eventbus.AbstractEventPublisher.send(AbstractEventPublisher.java:51)
	at io.cucumber.core.eventbus.AbstractEventBus.send(AbstractEventBus.java:12)
	at io.cucumber.core.runtime.CucumberExecutionContext.emitTestRunFinished(CucumberExecutionContext.java:102)
	at io.cucumber.core.runtime.CucumberExecutionContext.finishTestRun(CucumberExecutionContext.java:74)
	at io.cucumber.testng.TestNGCucumberRunner.finish(TestNGCucumberRunner.java:126)
	at io.cucumber.testng.AbstractTestNGCucumberTests.tearDownClass(AbstractTestNGCucumberTests.java:53)
	at java.base/jdk.internal.reflect.NativeMethodAccessorImpl.invoke0(Native Method)
	at java.base/jdk.internal.reflect.NativeMethodAccessorImpl.invoke(NativeMethodAccessorImpl.java:78)
	at java.base/jdk.internal.reflect.DelegatingMethodAccessorImpl.invoke(DelegatingMethodAccessorImpl.java:43)
	at java.base/java.lang.reflect.Method.invoke(Method.java:567)
	at org.testng.internal.invokers.MethodInvocationHelper.invokeMethod(MethodInvocationHelper.java:135)
	at org.testng.internal.invokers.MethodInvocationHelper.invokeMethodConsideringTimeout(MethodInvocationHelper.java:65)
	at org.testng.internal.invokers.ConfigInvoker.invokeConfigurationMethod(ConfigInvoker.java:381)
	at org.testng.internal.invokers.ConfigInvoker.invokeConfigurations(ConfigInvoker.java:319)
	at org.testng.internal.invokers.TestMethodWorker.invokeAfterClassMethods(TestMethodWorker.java:220)
	at org.testng.internal.invokers.TestMethodWorker.run(TestMethodWorker.java:130)
	at java.base/java.util.ArrayList.forEach(ArrayList.java:1511)
	at org.testng.TestRunner.privateRun(TestRunner.java:808)
	at org.testng.TestRunner.run(TestRunner.java:603)
	at org.testng.SuiteRunner.runTest(SuiteRunner.java:429)
	at org.testng.SuiteRunner.runSequentially(SuiteRunner.java:423)
	at org.testng.SuiteRunner.privateRun(SuiteRunner.java:383)
	at org.testng.SuiteRunner.run(SuiteRunner.java:326)
	at org.testng.SuiteRunnerWorker.runSuite(SuiteRunnerWorker.java:52)
	at org.testng.SuiteRunnerWorker.run(SuiteRunnerWorker.java:95)
	at org.testng.TestNG.runSuitesSequentially(TestNG.java:1249)
	at org.testng.TestNG.runSuitesLocally(TestNG.java:1169)
	at org.testng.TestNG.runSuites(TestNG.java:1092)
	at org.testng.TestNG.run(TestNG.java:1060)
	at org.apache.maven.surefire.testng.TestNGExecutor.run(TestNGExecutor.java:295)
	at org.apache.maven.surefire.testng.TestNGXmlTestSuite.execute(TestNGXmlTestSuite.java:84)
	at org.apache.maven.surefire.testng.TestNGProvider.invoke(TestNGProvider.java:90)
	at org.apache.maven.surefire.booter.ForkedBooter.invokeProviderInSameClassLoader(ForkedBooter.java:203)
	at org.apache.maven.surefire.booter.ForkedBooter.runSuitesInProcess(ForkedBooter.java:155)
	at org.apache.maven.surefire.booter.ForkedBooter.main(ForkedBooter.java:103)
Caused by: javax.net.ssl.SSLHandshakeException: PKIX path building failed: sun.security.provider.certpath.SunCertPathBuilderException: unable to find valid certification path to requested target
	at java.base/sun.security.ssl.Alert.createSSLException(Alert.java:131)
	at java.base/sun.security.ssl.TransportContext.fatal(TransportContext.java:369)
	at java.base/sun.security.ssl.TransportContext.fatal(TransportContext.java:312)
	at java.base/sun.security.ssl.TransportContext.fatal(TransportContext.java:307)
	at java.base/sun.security.ssl.CertificateMessage$T13CertificateConsumer.checkServerCerts(CertificateMessage.java:1357)
	at java.base/sun.security.ssl.CertificateMessage$T13CertificateConsumer.onConsumeCertificate(CertificateMessage.java:1232)
	at java.base/sun.security.ssl.CertificateMessage$T13CertificateConsumer.consume(CertificateMessage.java:1175)
	at java.base/sun.security.ssl.SSLHandshake.consume(SSLHandshake.java:396)
	at java.base/sun.security.ssl.HandshakeContext.dispatch(HandshakeContext.java:480)
	at java.base/sun.security.ssl.HandshakeContext.dispatch(HandshakeContext.java:458)
	at java.base/sun.security.ssl.TransportContext.dispatch(TransportContext.java:199)
	at java.base/sun.security.ssl.SSLTransport.decode(SSLTransport.java:172)
	at java.base/sun.security.ssl.SSLSocketImpl.decode(SSLSocketImpl.java:1506)
	at java.base/sun.security.ssl.SSLSocketImpl.readHandshakeRecord(SSLSocketImpl.java:1416)
	at java.base/sun.security.ssl.SSLSocketImpl.startHandshake(SSLSocketImpl.java:451)
	at java.base/sun.security.ssl.SSLSocketImpl.startHandshake(SSLSocketImpl.java:422)
	at java.base/sun.net.www.protocol.https.HttpsClient.afterConnect(HttpsClient.java:574)
	at java.base/sun.net.www.protocol.https.AbstractDelegateHttpsURLConnection.connect(AbstractDelegateHttpsURLConnection.java:183)
	at java.base/sun.net.www.protocol.http.HttpURLConnection.getInputStream0(HttpURLConnection.java:1653)
	at java.base/sun.net.www.protocol.http.HttpURLConnection.getInputStream(HttpURLConnection.java:1577)
	at java.base/sun.net.www.protocol.http.HttpURLConnection.getHeaderFields(HttpURLConnection.java:3229)
	at java.base/sun.net.www.protocol.https.HttpsURLConnectionImpl.getHeaderFields(HttpsURLConnectionImpl.java:253)
	at io.cucumber.core.plugin.UrlOutputStream.getResponseBody(UrlOutputStream.java:110)
	at io.cucumber.core.plugin.UrlOutputStream.sendRequest(UrlOutputStream.java:83)
	at io.cucumber.core.plugin.UrlOutputStream.close(UrlOutputStream.java:63)
	at java.base/sun.nio.cs.StreamEncoder.implClose(StreamEncoder.java:353)
	at java.base/sun.nio.cs.StreamEncoder.close(StreamEncoder.java:168)
	at java.base/java.io.OutputStreamWriter.close(OutputStreamWriter.java:252)
	at io.cucumber.core.plugin.MessageFormatter.writeMessage(MessageFormatter.java:33)
	at io.cucumber.core.eventbus.AbstractEventPublisher.send(AbstractEventPublisher.java:51)
	at io.cucumber.core.eventbus.AbstractEventBus.send(AbstractEventBus.java:12)
	at io.cucumber.core.runtime.CucumberExecutionContext.emitTestRunFinished(CucumberExecutionContext.java:102)
	at io.cucumber.core.runtime.CucumberExecutionContext.finishTestRun(CucumberExecutionContext.java:74)
	at io.cucumber.testng.TestNGCucumberRunner.finish(TestNGCucumberRunner.java:126)
	at io.cucumber.testng.AbstractTestNGCucumberTests.tearDownClass(AbstractTestNGCucumberTests.java:53)
	at java.base/jdk.internal.reflect.NativeMethodAccessorImpl.invoke0(Native Method)
	at java.base/jdk.internal.reflect.NativeMethodAccessorImpl.invoke(NativeMethodAccessorImpl.java:78)
	at java.base/jdk.internal.reflect.DelegatingMethodAccessorImpl.invoke(DelegatingMethodAccessorImpl.java:43)
	at java.base/java.lang.reflect.Method.invoke(Method.java:567)
	at org.testng.internal.invokers.MethodInvocationHelper.invokeMethod(MethodInvocationHelper.java:135)
	at org.testng.internal.invokers.MethodInvocationHelper.invokeMethodConsideringTimeout(MethodInvocationHelper.java:65)
	at org.testng.internal.invokers.ConfigInvoker.invokeConfigurationMethod(ConfigInvoker.java:381)
	at org.testng.internal.invokers.ConfigInvoker.invokeConfigurations(ConfigInvoker.java:319)
	at org.testng.internal.invokers.TestMethodWorker.invokeAfterClassMethods(TestMethodWorker.java:220)
	at org.testng.internal.invokers.TestMethodWorker.run(TestMethodWorker.java:130)
	at java.base/java.util.ArrayList.forEach(ArrayList.java:1511)
	at org.testng.TestRunner.privateRun(TestRunner.java:808)
	at org.testng.TestRunner.run(TestRunner.java:603)
	at org.testng.SuiteRunner.runTest(SuiteRunner.java:429)
	at org.testng.SuiteRunner.runSequentially(SuiteRunner.java:423)
	at org.testng.SuiteRunner.privateRun(SuiteRunner.java:383)
	at org.testng.SuiteRunner.run(SuiteRunner.java:326)
	at org.testng.SuiteRunnerWorker.runSuite(SuiteRunnerWorker.java:52)
	at org.testng.SuiteRunnerWorker.run(SuiteRunnerWorker.java:95)
	at org.testng.TestNG.runSuitesSequentially(TestNG.java:1249)
	at org.testng.TestNG.runSuitesLocally(TestNG.java:1169)
	at org.testng.TestNG.runSuites(TestNG.java:1092)
	at org.testng.TestNG.run(TestNG.java:1060)
	at org.apache.maven.surefire.testng.TestNGExecutor.run(TestNGExecutor.java:295)
	at org.apache.maven.surefire.testng.TestNGXmlTestSuite.execute(TestNGXmlTestSuite.java:84)
	at org.apache.maven.surefire.testng.TestNGProvider.invoke(TestNGProvider.java:90)
	at org.apache.maven.surefire.booter.ForkedBooter.invokeProviderInSameClassLoader(ForkedBooter.java:203)
	at org.apache.maven.surefire.booter.ForkedBooter.runSuitesInProcess(ForkedBooter.java:155)
	at org.apache.maven.surefire.booter.ForkedBooter.main(ForkedBooter.java:103)
Caused by: sun.security.validator.ValidatorException: PKIX path building failed: sun.security.provider.certpath.SunCertPathBuilderException: unable to find valid certification path to requested target
	at java.base/sun.security.validator.PKIXValidator.doBuild(PKIXValidator.java:439)
	at java.base/sun.security.validator.PKIXValidator.engineValidate(PKIXValidator.java:306)
	at java.base/sun.security.validator.Validator.validate(Validator.java:264)
	at java.base/sun.security.ssl.X509TrustManagerImpl.checkTrusted(X509TrustManagerImpl.java:231)
	at java.base/sun.security.ssl.X509TrustManagerImpl.checkServerTrusted(X509TrustManagerImpl.java:132)
	at java.base/sun.security.ssl.CertificateMessage$T13CertificateConsumer.checkServerCerts(CertificateMessage.java:1341)
	at java.base/sun.security.ssl.CertificateMessage$T13CertificateConsumer.onConsumeCertificate(CertificateMessage.java:1232)
	at java.base/sun.security.ssl.CertificateMessage$T13CertificateConsumer.consume(CertificateMessage.java:1175)
	at java.base/sun.security.ssl.SSLHandshake.consume(SSLHandshake.java:396)
	at java.base/sun.security.ssl.HandshakeContext.dispatch(HandshakeContext.java:480)
	at java.base/sun.security.ssl.HandshakeContext.dispatch(HandshakeContext.java:458)
	at java.base/sun.security.ssl.TransportContext.dispatch(TransportContext.java:199)
	at java.base/sun.security.ssl.SSLTransport.decode(SSLTransport.java:172)
	at java.base/sun.security.ssl.SSLSocketImpl.decode(SSLSocketImpl.java:1506)
	at java.base/sun.security.ssl.SSLSocketImpl.readHandshakeRecord(SSLSocketImpl.java:1416)
	at java.base/sun.security.ssl.SSLSocketImpl.startHandshake(SSLSocketImpl.java:451)
	at java.base/sun.security.ssl.SSLSocketImpl.startHandshake(SSLSocketImpl.java:422)
	at java.base/sun.net.www.protocol.https.HttpsClient.afterConnect(HttpsClient.java:574)
	at java.base/sun.net.www.protocol.https.AbstractDelegateHttpsURLConnection.connect(AbstractDelegateHttpsURLConnection.java:183)
	at java.base/sun.net.www.protocol.http.HttpURLConnection.getInputStream0(HttpURLConnection.java:1653)
	at java.base/sun.net.www.protocol.http.HttpURLConnection.getInputStream(HttpURLConnection.java:1577)
	at java.base/sun.net.www.protocol.http.HttpURLConnection.getHeaderFields(HttpURLConnection.java:3229)
	at java.base/sun.net.www.protocol.https.HttpsURLConnectionImpl.getHeaderFields(HttpsURLConnectionImpl.java:253)
	at io.cucumber.core.plugin.UrlOutputStream.getResponseBody(UrlOutputStream.java:110)
	at io.cucumber.core.plugin.UrlOutputStream.sendRequest(UrlOutputStream.java:83)
	at io.cucumber.core.plugin.UrlOutputStream.close(UrlOutputStream.java:63)
	at java.base/sun.nio.cs.StreamEncoder.implClose(StreamEncoder.java:353)
	at java.base/sun.nio.cs.StreamEncoder.close(StreamEncoder.java:168)
	at java.base/java.io.OutputStreamWriter.close(OutputStreamWriter.java:252)
	at io.cucumber.core.plugin.MessageFormatter.writeMessage(MessageFormatter.java:33)
	at io.cucumber.core.eventbus.AbstractEventPublisher.send(AbstractEventPublisher.java:51)
	at io.cucumber.core.eventbus.AbstractEventBus.send(AbstractEventBus.java:12)
	at io.cucumber.core.runtime.CucumberExecutionContext.emitTestRunFinished(CucumberExecutionContext.java:102)
	at io.cucumber.core.runtime.CucumberExecutionContext.finishTestRun(CucumberExecutionContext.java:74)
	at io.cucumber.testng.TestNGCucumberRunner.finish(TestNGCucumberRunner.java:126)
	at io.cucumber.testng.AbstractTestNGCucumberTests.tearDownClass(AbstractTestNGCucumberTests.java:53)
	at java.base/jdk.internal.reflect.NativeMethodAccessorImpl.invoke0(Native Method)
	at java.base/jdk.internal.reflect.NativeMethodAccessorImpl.invoke(NativeMethodAccessorImpl.java:78)
	at java.base/jdk.internal.reflect.DelegatingMethodAccessorImpl.invoke(DelegatingMethodAccessorImpl.java:43)
	at java.base/java.lang.reflect.Method.invoke(Method.java:567)
	at org.testng.internal.invokers.MethodInvocationHelper.invokeMethod(MethodInvocationHelper.java:135)
	at org.testng.internal.invokers.MethodInvocationHelper.invokeMethodConsideringTimeout(MethodInvocationHelper.java:65)
	at org.testng.internal.invokers.ConfigInvoker.invokeConfigurationMethod(ConfigInvoker.java:381)
	at org.testng.internal.invokers.ConfigInvoker.invokeConfigurations(ConfigInvoker.java:319)
	at org.testng.internal.invokers.TestMethodWorker.invokeAfterClassMethods(TestMethodWorker.java:220)
	at org.testng.internal.invokers.TestMethodWorker.run(TestMethodWorker.java:130)
	at java.base/java.util.ArrayList.forEach(ArrayList.java:1511)
	at org.testng.TestRunner.privateRun(TestRunner.java:808)
	at org.testng.TestRunner.run(TestRunner.java:603)
	at org.testng.SuiteRunner.runTest(SuiteRunner.java:429)
	at org.testng.SuiteRunner.runSequentially(SuiteRunner.java:423)
	at org.testng.SuiteRunner.privateRun(SuiteRunner.java:383)
	at org.testng.SuiteRunner.run(SuiteRunner.java:326)
	at org.testng.SuiteRunnerWorker.runSuite(SuiteRunnerWorker.java:52)
	at org.testng.SuiteRunnerWorker.run(SuiteRunnerWorker.java:95)
	at org.testng.TestNG.runSuitesSequentially(TestNG.java:1249)
	at org.testng.TestNG.runSuitesLocally(TestNG.java:1169)
	at org.testng.TestNG.runSuites(TestNG.java:1092)
	at org.testng.TestNG.run(TestNG.java:1060)
	at org.apache.maven.surefire.testng.TestNGExecutor.run(TestNGExecutor.java:295)
	at org.apache.maven.surefire.testng.TestNGXmlTestSuite.execute(TestNGXmlTestSuite.java:84)
	at org.apache.maven.surefire.testng.TestNGProvider.invoke(TestNGProvider.java:90)
	at org.apache.maven.surefire.booter.ForkedBooter.invokeProviderInSameClassLoader(ForkedBooter.java:203)
	at org.apache.maven.surefire.booter.ForkedBooter.runSuitesInProcess(ForkedBooter.java:155)
	at org.apache.maven.surefire.booter.ForkedBooter.main(ForkedBooter.java:103)
Caused by: sun.security.provider.certpath.SunCertPathBuilderException: unable to find valid certification path to requested target
	at java.base/sun.security.provider.certpath.SunCertPathBuilder.build(SunCertPathBuilder.java:141)
	at java.base/sun.security.provider.certpath.SunCertPathBuilder.engineBuild(SunCertPathBuilder.java:126)
	at java.base/java.security.cert.CertPathBuilder.build(CertPathBuilder.java:297)
	at java.base/sun.security.validator.PKIXValidator.doBuild(PKIXValidator.java:434)
	at java.base/sun.security.validator.PKIXValidator.engineValidate(PKIXValidator.java:306)
	at java.base/sun.security.validator.Validator.validate(Validator.java:264)
	at java.base/sun.security.ssl.X509TrustManagerImpl.checkTrusted(X509TrustManagerImpl.java:231)
	at java.base/sun.security.ssl.X509TrustManagerImpl.checkServerTrusted(X509TrustManagerImpl.java:132)
	at java.base/sun.security.ssl.CertificateMessage$T13CertificateConsumer.checkServerCerts(CertificateMessage.java:1341)
	at java.base/sun.security.ssl.CertificateMessage$T13CertificateConsumer.onConsumeCertificate(CertificateMessage.java:1232)
	at java.base/sun.security.ssl.CertificateMessage$T13CertificateConsumer.consume(CertificateMessage.java:1175)
	at java.base/sun.security.ssl.SSLHandshake.consume(SSLHandshake.java:396)
	at java.base/sun.security.ssl.HandshakeContext.dispatch(HandshakeContext.java:480)
	at java.base/sun.security.ssl.HandshakeContext.dispatch(HandshakeContext.java:458)
	at java.base/sun.security.ssl.TransportContext.dispatch(TransportContext.java:199)
	at java.base/sun.security.ssl.SSLTransport.decode(SSLTransport.java:172)
	at java.base/sun.security.ssl.SSLSocketImpl.decode(SSLSocketImpl.java:1506)
	at java.base/sun.security.ssl.SSLSocketImpl.readHandshakeRecord(SSLSocketImpl.java:1416)
	at java.base/sun.security.ssl.SSLSocketImpl.startHandshake(SSLSocketImpl.java:451)
	at java.base/sun.security.ssl.SSLSocketImpl.startHandshake(SSLSocketImpl.java:422)
	at java.base/sun.net.www.protocol.https.HttpsClient.afterConnect(HttpsClient.java:574)
	at java.base/sun.net.www.protocol.https.AbstractDelegateHttpsURLConnection.connect(AbstractDelegateHttpsURLConnection.java:183)
	at java.base/sun.net.www.protocol.http.HttpURLConnection.getInputStream0(HttpURLConnection.java:1653)
	at java.base/sun.net.www.protocol.http.HttpURLConnection.getInputStream(HttpURLConnection.java:1577)
	at java.base/sun.net.www.protocol.http.HttpURLConnection.getHeaderFields(HttpURLConnection.java:3229)
	at java.base/sun.net.www.protocol.https.HttpsURLConnectionImpl.getHeaderFields(HttpsURLConnectionImpl.java:253)
	at io.cucumber.core.plugin.UrlOutputStream.getResponseBody(UrlOutputStream.java:110)
	at io.cucumber.core.plugin.UrlOutputStream.sendRequest(UrlOutputStream.java:83)
	at io.cucumber.core.plugin.UrlOutputStream.close(UrlOutputStream.java:63)
	at java.base/sun.nio.cs.StreamEncoder.implClose(StreamEncoder.java:353)
	at java.base/sun.nio.cs.StreamEncoder.close(StreamEncoder.java:168)
	at java.base/java.io.OutputStreamWriter.close(OutputStreamWriter.java:252)
	at io.cucumber.core.plugin.MessageFormatter.writeMessage(MessageFormatter.java:33)
	at io.cucumber.core.eventbus.AbstractEventPublisher.send(AbstractEventPublisher.java:51)
	at io.cucumber.core.eventbus.AbstractEventBus.send(AbstractEventBus.java:12)
	at io.cucumber.core.runtime.CucumberExecutionContext.emitTestRunFinished(CucumberExecutionContext.java:102)
	at io.cucumber.core.runtime.CucumberExecutionContext.finishTestRun(CucumberExecutionContext.java:74)
	at io.cucumber.testng.TestNGCucumberRunner.finish(TestNGCucumberRunner.java:126)
	at io.cucumber.testng.AbstractTestNGCucumberTests.tearDownClass(AbstractTestNGCucumberTests.java:53)
	at java.base/jdk.internal.reflect.NativeMethodAccessorImpl.invoke0(Native Method)
	at java.base/jdk.internal.reflect.NativeMethodAccessorImpl.invoke(NativeMethodAccessorImpl.java:78)
	at java.base/jdk.internal.reflect.DelegatingMethodAccessorImpl.invoke(DelegatingMethodAccessorImpl.java:43)
	at java.base/java.lang.reflect.Method.invoke(Method.java:567)
	at org.testng.internal.invokers.MethodInvocationHelper.invokeMethod(MethodInvocationHelper.java:135)
	at org.testng.internal.invokers.MethodInvocationHelper.invokeMethodConsideringTimeout(MethodInvocationHelper.java:65)
	at org.testng.internal.invokers.ConfigInvoker.invokeConfigurationMethod(ConfigInvoker.java:381)
	at org.testng.internal.invokers.ConfigInvoker.invokeConfigurations(ConfigInvoker.java:319)
	at org.testng.internal.invokers.TestMethodWorker.invokeAfterClassMethods(TestMethodWorker.java:220)
	at org.testng.internal.invokers.TestMethodWorker.run(TestMethodWorker.java:130)
	at java.base/java.util.ArrayList.forEach(ArrayList.java:1511)
	at org.testng.TestRunner.privateRun(TestRunner.java:808)
	at org.testng.TestRunner.run(TestRunner.java:603)
	at org.testng.SuiteRunner.runTest(SuiteRunner.java:429)
	at org.testng.SuiteRunner.runSequentially(SuiteRunner.java:423)
	at org.testng.SuiteRunner.privateRun(SuiteRunner.java:383)
	at org.testng.SuiteRunner.run(SuiteRunner.java:326)
	at org.testng.SuiteRunnerWorker.runSuite(SuiteRunnerWorker.java:52)
	at org.testng.SuiteRunnerWorker.run(SuiteRunnerWorker.java:95)
	at org.testng.TestNG.runSuitesSequentially(TestNG.java:1249)
	at org.testng.TestNG.runSuitesLocally(TestNG.java:1169)
	at org.testng.TestNG.runSuites(TestNG.java:1092)
	at org.testng.TestNG.run(TestNG.java:1060)
	at org.apache.maven.surefire.testng.TestNGExecutor.run(TestNGExecutor.java:295)
	at org.apache.maven.surefire.testng.TestNGXmlTestSuite.execute(TestNGXmlTestSuite.java:84)
	at org.apache.maven.surefire.testng.TestNGProvider.invoke(TestNGProvider.java:90)
	at org.apache.maven.surefire.booter.ForkedBooter.invokeProviderInSameClassLoader(ForkedBooter.java:203)
	at org.apache.maven.surefire.booter.ForkedBooter.runSuitesInProcess(ForkedBooter.java:155)
	at org.apache.maven.surefire.booter.ForkedBooter.main(ForkedBooter.java:103)

